=============================================
Dataset: HAR
Method:  TALA
=============================================
Source: 19 ---> Target: 25
Run ID: 0
=============================================
[Epoch : 1/250]
Src_cls_loss	: 1.6155
Trg_cls_loss	: 1.6157
Domain_loss	: 1.2899
Src_task_loss	: 1.7936
class_feature_and_domain_loss	: 5.0580
Trg_MMD_loss	: 3.2645
Contrast_loss	: 1.5755
Contrast_loss_cross	: 1.7842
Contrast_loss_intra	: 1.3668
Total_loss	: 11.1944
-------------------------------------
[Epoch : 2/250]
Src_cls_loss	: 1.0222
Trg_cls_loss	: 1.1909
Domain_loss	: 1.1266
Src_task_loss	: 1.7776
class_feature_and_domain_loss	: 4.7376
Trg_MMD_loss	: 2.9600
Contrast_loss	: 1.5511
Contrast_loss_cross	: 1.7764
Contrast_loss_intra	: 1.3258
Total_loss	: 8.9307
-------------------------------------
[Epoch : 3/250]
Src_cls_loss	: 0.7789
Trg_cls_loss	: 1.0906
Domain_loss	: 0.9758
Src_task_loss	: 1.7531
class_feature_and_domain_loss	: 4.6054
Trg_MMD_loss	: 2.8524
Contrast_loss	: 1.5376
Contrast_loss_cross	: 1.7675
Contrast_loss_intra	: 1.3077
Total_loss	: 7.9180
-------------------------------------
[Epoch : 4/250]
Source Domain Train Accuracy: 0.9732
Source Domain Train F1-Score: 0.9732
Target Domain Train Accuracy: 0.5430
Target Domain Train F1-Score: 0.5430
Target Domain Test Accuracy: 0.6098
Target Domain Test F1-Score: 0.6098
Src_cls_loss	: 0.6435
Trg_cls_loss	: 1.0763
Domain_loss	: 0.8799
Src_task_loss	: 1.7329
class_feature_and_domain_loss	: 4.5078
Trg_MMD_loss	: 2.7749
Contrast_loss	: 1.5273
Contrast_loss_cross	: 1.7564
Contrast_loss_intra	: 1.2982
Total_loss	: 7.3180
-------------------------------------
[Epoch : 5/250]
Src_cls_loss	: 0.5509
Trg_cls_loss	: 1.0689
Domain_loss	: 0.8926
Src_task_loss	: 1.7117
class_feature_and_domain_loss	: 4.4877
Trg_MMD_loss	: 2.7760
Contrast_loss	: 1.5203
Contrast_loss_cross	: 1.7452
Contrast_loss_intra	: 1.2954
Total_loss	: 7.0331
-------------------------------------
[Epoch : 6/250]
Src_cls_loss	: 0.4858
Trg_cls_loss	: 1.0557
Domain_loss	: 0.9132
Src_task_loss	: 1.6931
class_feature_and_domain_loss	: 4.4811
Trg_MMD_loss	: 2.7880
Contrast_loss	: 1.5147
Contrast_loss_cross	: 1.7361
Contrast_loss_intra	: 1.2932
Total_loss	: 6.8518
-------------------------------------
[Epoch : 7/250]
Src_cls_loss	: 0.4332
Trg_cls_loss	: 1.0335
Domain_loss	: 0.9260
Src_task_loss	: 1.6674
class_feature_and_domain_loss	: 4.4703
Trg_MMD_loss	: 2.8029
Contrast_loss	: 1.5092
Contrast_loss_cross	: 1.7291
Contrast_loss_intra	: 1.2894
Total_loss	: 6.6961
-------------------------------------
[Epoch : 8/250]
Src_cls_loss	: 0.3898
Trg_cls_loss	: 1.0128
Domain_loss	: 0.9471
Src_task_loss	: 1.6370
class_feature_and_domain_loss	: 4.4244
Trg_MMD_loss	: 2.7874
Contrast_loss	: 1.5047
Contrast_loss_cross	: 1.7225
Contrast_loss_intra	: 1.2868
Total_loss	: 6.5410
-------------------------------------
[Epoch : 9/250]
Source Domain Train Accuracy: 0.8705
Source Domain Train F1-Score: 0.8705
Target Domain Train Accuracy: 0.7109
Target Domain Train F1-Score: 0.7109
Target Domain Test Accuracy: 0.7642
Target Domain Test F1-Score: 0.7642
Src_cls_loss	: 0.3662
Trg_cls_loss	: 1.0203
Domain_loss	: 0.9630
Src_task_loss	: 1.6046
class_feature_and_domain_loss	: 4.3838
Trg_MMD_loss	: 2.7792
Contrast_loss	: 1.5021
Contrast_loss_cross	: 1.7181
Contrast_loss_intra	: 1.2861
Total_loss	: 6.4453
-------------------------------------
[Epoch : 10/250]
Src_cls_loss	: 0.3379
Trg_cls_loss	: 1.0313
Domain_loss	: 0.9688
Src_task_loss	: 1.5691
class_feature_and_domain_loss	: 4.3341
Trg_MMD_loss	: 2.7650
Contrast_loss	: 1.4996
Contrast_loss_cross	: 1.7148
Contrast_loss_intra	: 1.2843
Total_loss	: 6.3168
-------------------------------------
[Epoch : 11/250]
Src_cls_loss	: 0.3163
Trg_cls_loss	: 1.0442
Domain_loss	: 0.9792
Src_task_loss	: 1.5341
class_feature_and_domain_loss	: 4.2870
Trg_MMD_loss	: 2.7529
Contrast_loss	: 1.4976
Contrast_loss_cross	: 1.7122
Contrast_loss_intra	: 1.2830
Total_loss	: 6.2151
-------------------------------------
[Epoch : 12/250]
Src_cls_loss	: 0.2933
Trg_cls_loss	: 1.0562
Domain_loss	: 0.9728
Src_task_loss	: 1.4997
class_feature_and_domain_loss	: 4.2203
Trg_MMD_loss	: 2.7206
Contrast_loss	: 1.4957
Contrast_loss_cross	: 1.7095
Contrast_loss_intra	: 1.2819
Total_loss	: 6.0729
-------------------------------------
[Epoch : 13/250]
Src_cls_loss	: 0.2751
Trg_cls_loss	: 1.1032
Domain_loss	: 0.9778
Src_task_loss	: 1.4683
class_feature_and_domain_loss	: 4.1520
Trg_MMD_loss	: 2.6837
Contrast_loss	: 1.4939
Contrast_loss_cross	: 1.7075
Contrast_loss_intra	: 1.2803
Total_loss	: 5.9552
-------------------------------------
[Epoch : 14/250]
Source Domain Train Accuracy: 0.8571
Source Domain Train F1-Score: 0.8571
Target Domain Train Accuracy: 0.6758
Target Domain Train F1-Score: 0.6758
Target Domain Test Accuracy: 0.7398
Target Domain Test F1-Score: 0.7398
Src_cls_loss	: 0.2593
Trg_cls_loss	: 1.1352
Domain_loss	: 0.9879
Src_task_loss	: 1.4361
class_feature_and_domain_loss	: 4.0918
Trg_MMD_loss	: 2.6557
Contrast_loss	: 1.4928
Contrast_loss_cross	: 1.7060
Contrast_loss_intra	: 1.2795
Total_loss	: 5.8574
-------------------------------------
[Epoch : 15/250]
Src_cls_loss	: 0.2461
Trg_cls_loss	: 1.1519
Domain_loss	: 1.0000
Src_task_loss	: 1.4043
class_feature_and_domain_loss	: 4.0312
Trg_MMD_loss	: 2.6269
Contrast_loss	: 1.4924
Contrast_loss_cross	: 1.7050
Contrast_loss_intra	: 1.2799
Total_loss	: 5.7697
-------------------------------------
[Epoch : 16/250]
Src_cls_loss	: 0.2343
Trg_cls_loss	: 1.1712
Domain_loss	: 1.0169
Src_task_loss	: 1.3747
class_feature_and_domain_loss	: 3.9816
Trg_MMD_loss	: 2.6069
Contrast_loss	: 1.4926
Contrast_loss_cross	: 1.7043
Contrast_loss_intra	: 1.2809
Total_loss	: 5.7014
-------------------------------------
[Epoch : 17/250]
Src_cls_loss	: 0.2231
Trg_cls_loss	: 1.2013
Domain_loss	: 1.0337
Src_task_loss	: 1.3470
class_feature_and_domain_loss	: 3.9334
Trg_MMD_loss	: 2.5864
Contrast_loss	: 1.4926
Contrast_loss_cross	: 1.7037
Contrast_loss_intra	: 1.2816
Total_loss	: 5.6364
-------------------------------------
[Epoch : 18/250]
Src_cls_loss	: 0.2136
Trg_cls_loss	: 1.2177
Domain_loss	: 1.0416
Src_task_loss	: 1.3206
class_feature_and_domain_loss	: 3.8893
Trg_MMD_loss	: 2.5688
Contrast_loss	: 1.4925
Contrast_loss_cross	: 1.7032
Contrast_loss_intra	: 1.2818
Total_loss	: 5.5717
-------------------------------------
[Epoch : 19/250]
Source Domain Train Accuracy: 1.0000
Source Domain Train F1-Score: 1.0000
Target Domain Train Accuracy: 0.6875
Target Domain Train F1-Score: 0.6875
Target Domain Test Accuracy: 0.7480
Target Domain Test F1-Score: 0.7480
Src_cls_loss	: 0.2044
Trg_cls_loss	: 1.2170
Domain_loss	: 1.0585
Src_task_loss	: 1.2959
class_feature_and_domain_loss	: 3.8423
Trg_MMD_loss	: 2.5464
Contrast_loss	: 1.4920
Contrast_loss_cross	: 1.7024
Contrast_loss_intra	: 1.2816
Total_loss	: 5.5139
-------------------------------------
[Epoch : 20/250]
Src_cls_loss	: 0.1982
Trg_cls_loss	: 1.2200
Domain_loss	: 1.0776
Src_task_loss	: 1.2709
class_feature_and_domain_loss	: 3.8092
Trg_MMD_loss	: 2.5383
Contrast_loss	: 1.4918
Contrast_loss_cross	: 1.7022
Contrast_loss_intra	: 1.2814
Total_loss	: 5.4814
-------------------------------------
[Epoch : 21/250]
Src_cls_loss	: 0.1932
Trg_cls_loss	: 1.2218
Domain_loss	: 1.0827
Src_task_loss	: 1.2469
class_feature_and_domain_loss	: 3.7752
Trg_MMD_loss	: 2.5283
Contrast_loss	: 1.4920
Contrast_loss_cross	: 1.7019
Contrast_loss_intra	: 1.2820
Total_loss	: 5.4377
-------------------------------------
[Epoch : 22/250]
Src_cls_loss	: 0.1873
Trg_cls_loss	: 1.2108
Domain_loss	: 1.0902
Src_task_loss	: 1.2237
class_feature_and_domain_loss	: 3.7391
Trg_MMD_loss	: 2.5154
Contrast_loss	: 1.4921
Contrast_loss_cross	: 1.7016
Contrast_loss_intra	: 1.2826
Total_loss	: 5.3911
-------------------------------------
[Epoch : 23/250]
Src_cls_loss	: 0.1812
Trg_cls_loss	: 1.1973
Domain_loss	: 1.0898
Src_task_loss	: 1.2014
class_feature_and_domain_loss	: 3.6997
Trg_MMD_loss	: 2.4983
Contrast_loss	: 1.4923
Contrast_loss_cross	: 1.7015
Contrast_loss_intra	: 1.2830
Total_loss	: 5.3330
-------------------------------------
[Epoch : 24/250]
Source Domain Train Accuracy: 0.9866
Source Domain Train F1-Score: 0.9866
Target Domain Train Accuracy: 0.7070
Target Domain Train F1-Score: 0.7070
Target Domain Test Accuracy: 0.7805
Target Domain Test F1-Score: 0.7805
Src_cls_loss	: 0.1766
Trg_cls_loss	: 1.1883
Domain_loss	: 1.0893
Src_task_loss	: 1.1803
class_feature_and_domain_loss	: 3.6531
Trg_MMD_loss	: 2.4728
Contrast_loss	: 1.4922
Contrast_loss_cross	: 1.7015
Contrast_loss_intra	: 1.2829
Total_loss	: 5.2723
-------------------------------------
[Epoch : 25/250]
Src_cls_loss	: 0.1709
Trg_cls_loss	: 1.1802
Domain_loss	: 1.0971
Src_task_loss	: 1.1593
class_feature_and_domain_loss	: 3.6094
Trg_MMD_loss	: 2.4501
Contrast_loss	: 1.4921
Contrast_loss_cross	: 1.7013
Contrast_loss_intra	: 1.2828
Total_loss	: 5.2193
-------------------------------------
[Epoch : 26/250]
Src_cls_loss	: 0.1649
Trg_cls_loss	: 1.1818
Domain_loss	: 1.1023
Src_task_loss	: 1.1391
class_feature_and_domain_loss	: 3.5747
Trg_MMD_loss	: 2.4356
Contrast_loss	: 1.4919
Contrast_loss_cross	: 1.7012
Contrast_loss_intra	: 1.2826
Total_loss	: 5.1717
-------------------------------------
[Epoch : 27/250]
Src_cls_loss	: 0.1593
Trg_cls_loss	: 1.1780
Domain_loss	: 1.1090
Src_task_loss	: 1.1202
class_feature_and_domain_loss	: 3.5433
Trg_MMD_loss	: 2.4231
Contrast_loss	: 1.4920
Contrast_loss_cross	: 1.7011
Contrast_loss_intra	: 1.2829
Total_loss	: 5.1301
-------------------------------------
[Epoch : 28/250]
Src_cls_loss	: 0.1552
Trg_cls_loss	: 1.1746
Domain_loss	: 1.1205
Src_task_loss	: 1.1014
class_feature_and_domain_loss	: 3.5130
Trg_MMD_loss	: 2.4116
Contrast_loss	: 1.4922
Contrast_loss_cross	: 1.7011
Contrast_loss_intra	: 1.2832
Total_loss	: 5.0991
-------------------------------------
[Epoch : 29/250]
Source Domain Train Accuracy: 0.9911
Source Domain Train F1-Score: 0.9911
Target Domain Train Accuracy: 0.7617
Target Domain Train F1-Score: 0.7617
Target Domain Test Accuracy: 0.7642
Target Domain Test F1-Score: 0.7642
Src_cls_loss	: 0.1530
Trg_cls_loss	: 1.1892
Domain_loss	: 1.1315
Src_task_loss	: 1.0834
class_feature_and_domain_loss	: 3.4837
Trg_MMD_loss	: 2.4003
Contrast_loss	: 1.4922
Contrast_loss_cross	: 1.7013
Contrast_loss_intra	: 1.2831
Total_loss	: 5.0742
-------------------------------------
[Epoch : 30/250]
Src_cls_loss	: 0.1500
Trg_cls_loss	: 1.2021
Domain_loss	: 1.1384
Src_task_loss	: 1.0661
class_feature_and_domain_loss	: 3.4535
Trg_MMD_loss	: 2.3873
Contrast_loss	: 1.4922
Contrast_loss_cross	: 1.7013
Contrast_loss_intra	: 1.2832
Total_loss	: 5.0418
-------------------------------------
[Epoch : 31/250]
Src_cls_loss	: 0.1460
Trg_cls_loss	: 1.2014
Domain_loss	: 1.1445
Src_task_loss	: 1.0497
class_feature_and_domain_loss	: 3.4203
Trg_MMD_loss	: 2.3706
Contrast_loss	: 1.4924
Contrast_loss_cross	: 1.7013
Contrast_loss_intra	: 1.2834
Total_loss	: 5.0029
-------------------------------------
[Epoch : 32/250]
Src_cls_loss	: 0.1424
Trg_cls_loss	: 1.2041
Domain_loss	: 1.1494
Src_task_loss	: 1.0330
class_feature_and_domain_loss	: 3.3908
Trg_MMD_loss	: 2.3578
Contrast_loss	: 1.4922
Contrast_loss_cross	: 1.7014
Contrast_loss_intra	: 1.2831
Total_loss	: 4.9675
-------------------------------------
[Epoch : 33/250]
Src_cls_loss	: 0.1385
Trg_cls_loss	: 1.2075
Domain_loss	: 1.1554
Src_task_loss	: 1.0165
class_feature_and_domain_loss	: 3.3632
Trg_MMD_loss	: 2.3467
Contrast_loss	: 1.4920
Contrast_loss_cross	: 1.7014
Contrast_loss_intra	: 1.2826
Total_loss	: 4.9342
-------------------------------------
[Epoch : 34/250]
Source Domain Train Accuracy: 0.9821
Source Domain Train F1-Score: 0.9821
Target Domain Train Accuracy: 0.7188
Target Domain Train F1-Score: 0.7188
Target Domain Test Accuracy: 0.7480
Target Domain Test F1-Score: 0.7480
Src_cls_loss	: 0.1350
Trg_cls_loss	: 1.2049
Domain_loss	: 1.1605
Src_task_loss	: 1.0003
class_feature_and_domain_loss	: 3.3309
Trg_MMD_loss	: 2.3306
Contrast_loss	: 1.4919
Contrast_loss_cross	: 1.7015
Contrast_loss_intra	: 1.2824
Total_loss	: 4.8965
-------------------------------------
[Epoch : 35/250]
Src_cls_loss	: 0.1317
Trg_cls_loss	: 1.2078
Domain_loss	: 1.1627
Src_task_loss	: 0.9846
class_feature_and_domain_loss	: 3.3012
Trg_MMD_loss	: 2.3166
Contrast_loss	: 1.4919
Contrast_loss_cross	: 1.7016
Contrast_loss_intra	: 1.2823
Total_loss	: 4.8590
-------------------------------------
[Epoch : 36/250]
Src_cls_loss	: 0.1286
Trg_cls_loss	: 1.2058
Domain_loss	: 1.1639
Src_task_loss	: 0.9689
class_feature_and_domain_loss	: 3.2727
Trg_MMD_loss	: 2.3039
Contrast_loss	: 1.4920
Contrast_loss_cross	: 1.7017
Contrast_loss_intra	: 1.2824
Total_loss	: 4.8224
-------------------------------------
[Epoch : 37/250]
Src_cls_loss	: 0.1262
Trg_cls_loss	: 1.2028
Domain_loss	: 1.1675
Src_task_loss	: 0.9537
class_feature_and_domain_loss	: 3.2418
Trg_MMD_loss	: 2.2881
Contrast_loss	: 1.4923
Contrast_loss_cross	: 1.7018
Contrast_loss_intra	: 1.2828
Total_loss	: 4.7880
-------------------------------------
[Epoch : 38/250]
Src_cls_loss	: 0.1234
Trg_cls_loss	: 1.2018
Domain_loss	: 1.1746
Src_task_loss	: 0.9393
class_feature_and_domain_loss	: 3.2127
Trg_MMD_loss	: 2.2734
Contrast_loss	: 1.4924
Contrast_loss_cross	: 1.7020
Contrast_loss_intra	: 1.2829
Total_loss	: 4.7573
-------------------------------------
[Epoch : 39/250]
Source Domain Train Accuracy: 0.9955
Source Domain Train F1-Score: 0.9955
Target Domain Train Accuracy: 0.7227
Target Domain Train F1-Score: 0.7227
Target Domain Test Accuracy: 0.7317
Target Domain Test F1-Score: 0.7317
Src_cls_loss	: 0.1218
Trg_cls_loss	: 1.2113
Domain_loss	: 1.1815
Src_task_loss	: 0.9254
class_feature_and_domain_loss	: 3.1870
Trg_MMD_loss	: 2.2615
Contrast_loss	: 1.4925
Contrast_loss_cross	: 1.7021
Contrast_loss_intra	: 1.2829
Total_loss	: 4.7339
-------------------------------------
[Epoch : 40/250]
Src_cls_loss	: 0.1199
Trg_cls_loss	: 1.2176
Domain_loss	: 1.1845
Src_task_loss	: 0.9119
class_feature_and_domain_loss	: 3.1628
Trg_MMD_loss	: 2.2509
Contrast_loss	: 1.4926
Contrast_loss_cross	: 1.7022
Contrast_loss_intra	: 1.2831
Total_loss	: 4.7071
-------------------------------------
[Epoch : 41/250]
Src_cls_loss	: 0.1174
Trg_cls_loss	: 1.2174
Domain_loss	: 1.1849
Src_task_loss	: 0.8982
class_feature_and_domain_loss	: 3.1420
Trg_MMD_loss	: 2.2438
Contrast_loss	: 1.4926
Contrast_loss_cross	: 1.7022
Contrast_loss_intra	: 1.2830
Total_loss	: 4.6790
-------------------------------------
[Epoch : 42/250]
Src_cls_loss	: 0.1149
Trg_cls_loss	: 1.2189
Domain_loss	: 1.1871
Src_task_loss	: 0.8858
class_feature_and_domain_loss	: 3.1213
Trg_MMD_loss	: 2.2355
Contrast_loss	: 1.4926
Contrast_loss_cross	: 1.7023
Contrast_loss_intra	: 1.2829
Total_loss	: 4.6531
-------------------------------------
[Epoch : 43/250]
Src_cls_loss	: 0.1124
Trg_cls_loss	: 1.2141
Domain_loss	: 1.1914
Src_task_loss	: 0.8728
class_feature_and_domain_loss	: 3.0973
Trg_MMD_loss	: 2.2245
Contrast_loss	: 1.4925
Contrast_loss_cross	: 1.7024
Contrast_loss_intra	: 1.2825
Total_loss	: 4.6257
-------------------------------------
[Epoch : 44/250]
Source Domain Train Accuracy: 1.0000
Source Domain Train F1-Score: 1.0000
Target Domain Train Accuracy: 0.7930
Target Domain Train F1-Score: 0.7930
Target Domain Test Accuracy: 0.8130
Target Domain Test F1-Score: 0.8130
Src_cls_loss	: 0.1100
Trg_cls_loss	: 1.2103
Domain_loss	: 1.1963
Src_task_loss	: 0.8604
class_feature_and_domain_loss	: 3.0759
Trg_MMD_loss	: 2.2154
Contrast_loss	: 1.4927
Contrast_loss_cross	: 1.7024
Contrast_loss_intra	: 1.2830
Total_loss	: 4.6022
-------------------------------------
[Epoch : 45/250]
Src_cls_loss	: 0.1079
Trg_cls_loss	: 1.2077
Domain_loss	: 1.1965
Src_task_loss	: 0.8482
class_feature_and_domain_loss	: 3.0568
Trg_MMD_loss	: 2.2086
Contrast_loss	: 1.4929
Contrast_loss_cross	: 1.7025
Contrast_loss_intra	: 1.2833
Total_loss	: 4.5771
-------------------------------------
[Epoch : 46/250]
Src_cls_loss	: 0.1060
Trg_cls_loss	: 1.2026
Domain_loss	: 1.1969
Src_task_loss	: 0.8373
class_feature_and_domain_loss	: 3.0379
Trg_MMD_loss	: 2.2006
Contrast_loss	: 1.4930
Contrast_loss_cross	: 1.7026
Contrast_loss_intra	: 1.2835
Total_loss	: 4.5529
-------------------------------------
[Epoch : 47/250]
Src_cls_loss	: 0.1041
Trg_cls_loss	: 1.1982
Domain_loss	: 1.1982
Src_task_loss	: 0.8262
class_feature_and_domain_loss	: 3.0197
Trg_MMD_loss	: 2.1935
Contrast_loss	: 1.4932
Contrast_loss_cross	: 1.7028
Contrast_loss_intra	: 1.2836
Total_loss	: 4.5301
-------------------------------------
[Epoch : 48/250]
Src_cls_loss	: 0.1021
Trg_cls_loss	: 1.1919
Domain_loss	: 1.2001
Src_task_loss	: 0.8154
class_feature_and_domain_loss	: 3.0015
Trg_MMD_loss	: 2.1861
Contrast_loss	: 1.4933
Contrast_loss_cross	: 1.7029
Contrast_loss_intra	: 1.2836
Total_loss	: 4.5078
-------------------------------------
[Epoch : 49/250]
Source Domain Train Accuracy: 1.0000
Source Domain Train F1-Score: 1.0000
Target Domain Train Accuracy: 0.8008
Target Domain Train F1-Score: 0.8008
Target Domain Test Accuracy: 0.8374
Target Domain Test F1-Score: 0.8374
Src_cls_loss	: 0.1002
Trg_cls_loss	: 1.1880
Domain_loss	: 1.2027
Src_task_loss	: 0.8041
class_feature_and_domain_loss	: 2.9808
Trg_MMD_loss	: 2.1767
Contrast_loss	: 1.4934
Contrast_loss_cross	: 1.7031
Contrast_loss_intra	: 1.2837
Total_loss	: 4.4841
-------------------------------------
[Epoch : 50/250]
Src_cls_loss	: 0.0986
Trg_cls_loss	: 1.1832
Domain_loss	: 1.2045
Src_task_loss	: 0.7934
class_feature_and_domain_loss	: 2.9617
Trg_MMD_loss	: 2.1683
Contrast_loss	: 1.4936
Contrast_loss_cross	: 1.7033
Contrast_loss_intra	: 1.2840
Total_loss	: 4.4618
-------------------------------------
[Epoch : 51/250]
Src_cls_loss	: 0.0969
Trg_cls_loss	: 1.1814
Domain_loss	: 1.2056
Src_task_loss	: 0.7831
class_feature_and_domain_loss	: 2.9437
Trg_MMD_loss	: 2.1607
Contrast_loss	: 1.4936
Contrast_loss_cross	: 1.7035
Contrast_loss_intra	: 1.2838
Total_loss	: 4.4399
-------------------------------------
[Epoch : 52/250]
Src_cls_loss	: 0.0952
Trg_cls_loss	: 1.1805
Domain_loss	: 1.2068
Src_task_loss	: 0.7736
class_feature_and_domain_loss	: 2.9270
Trg_MMD_loss	: 2.1535
Contrast_loss	: 1.4935
Contrast_loss_cross	: 1.7036
Contrast_loss_intra	: 1.2835
Total_loss	: 4.4193
-------------------------------------
[Epoch : 53/250]
Src_cls_loss	: 0.0935
Trg_cls_loss	: 1.1780
Domain_loss	: 1.2078
Src_task_loss	: 0.7641
class_feature_and_domain_loss	: 2.9115
Trg_MMD_loss	: 2.1473
Contrast_loss	: 1.4936
Contrast_loss_cross	: 1.7037
Contrast_loss_intra	: 1.2835
Total_loss	: 4.3997
-------------------------------------
[Epoch : 54/250]
Source Domain Train Accuracy: 1.0000
Source Domain Train F1-Score: 1.0000
Target Domain Train Accuracy: 0.8203
Target Domain Train F1-Score: 0.8203
Target Domain Test Accuracy: 0.8455
Target Domain Test F1-Score: 0.8455
Src_cls_loss	: 0.0920
Trg_cls_loss	: 1.1719
Domain_loss	: 1.2061
Src_task_loss	: 0.7550
class_feature_and_domain_loss	: 2.8970
Trg_MMD_loss	: 2.1420
Contrast_loss	: 1.4937
Contrast_loss_cross	: 1.7038
Contrast_loss_intra	: 1.2835
Total_loss	: 4.3791
-------------------------------------
[Epoch : 55/250]
Src_cls_loss	: 0.0905
Trg_cls_loss	: 1.1648
Domain_loss	: 1.2049
Src_task_loss	: 0.7461
class_feature_and_domain_loss	: 2.8843
Trg_MMD_loss	: 2.1382
Contrast_loss	: 1.4938
Contrast_loss_cross	: 1.7039
Contrast_loss_intra	: 1.2836
Total_loss	: 4.3608
-------------------------------------
[Epoch : 56/250]
Src_cls_loss	: 0.0892
Trg_cls_loss	: 1.1561
Domain_loss	: 1.2064
Src_task_loss	: 0.7370
class_feature_and_domain_loss	: 2.8690
Trg_MMD_loss	: 2.1319
Contrast_loss	: 1.4939
Contrast_loss_cross	: 1.7040
Contrast_loss_intra	: 1.2838
Total_loss	: 4.3429
-------------------------------------
[Epoch : 57/250]
Src_cls_loss	: 0.0879
Trg_cls_loss	: 1.1481
Domain_loss	: 1.2087
Src_task_loss	: 0.7286
class_feature_and_domain_loss	: 2.8529
Trg_MMD_loss	: 2.1242
Contrast_loss	: 1.4940
Contrast_loss_cross	: 1.7042
Contrast_loss_intra	: 1.2839
Total_loss	: 4.3253
-------------------------------------
[Epoch : 58/250]
Src_cls_loss	: 0.0867
Trg_cls_loss	: 1.1417
Domain_loss	: 1.2103
Src_task_loss	: 0.7204
class_feature_and_domain_loss	: 2.8389
Trg_MMD_loss	: 2.1185
Contrast_loss	: 1.4941
Contrast_loss_cross	: 1.7043
Contrast_loss_intra	: 1.2838
Total_loss	: 4.3092
-------------------------------------
[Epoch : 59/250]
Source Domain Train Accuracy: 0.9420
Source Domain Train F1-Score: 0.9420
Target Domain Train Accuracy: 0.7891
Target Domain Train F1-Score: 0.7891
Target Domain Test Accuracy: 0.8293
Target Domain Test F1-Score: 0.8293
Src_cls_loss	: 0.0854
Trg_cls_loss	: 1.1365
Domain_loss	: 1.2111
Src_task_loss	: 0.7125
class_feature_and_domain_loss	: 2.8256
Trg_MMD_loss	: 2.1131
Contrast_loss	: 1.4943
Contrast_loss_cross	: 1.7044
Contrast_loss_intra	: 1.2841
Total_loss	: 4.2928
-------------------------------------
[Epoch : 60/250]
Src_cls_loss	: 0.0841
Trg_cls_loss	: 1.1344
Domain_loss	: 1.2121
Src_task_loss	: 0.7047
class_feature_and_domain_loss	: 2.8131
Trg_MMD_loss	: 2.1084
Contrast_loss	: 1.4944
Contrast_loss_cross	: 1.7046
Contrast_loss_intra	: 1.2841
Total_loss	: 4.2774
-------------------------------------
[Epoch : 61/250]
Src_cls_loss	: 0.0830
Trg_cls_loss	: 1.1329
Domain_loss	: 1.2135
Src_task_loss	: 0.6971
class_feature_and_domain_loss	: 2.7999
Trg_MMD_loss	: 2.1027
Contrast_loss	: 1.4944
Contrast_loss_cross	: 1.7047
Contrast_loss_intra	: 1.2841
Total_loss	: 4.2623
-------------------------------------
[Epoch : 62/250]
Src_cls_loss	: 0.0817
Trg_cls_loss	: 1.1279
Domain_loss	: 1.2148
Src_task_loss	: 0.6899
class_feature_and_domain_loss	: 2.7878
Trg_MMD_loss	: 2.0979
Contrast_loss	: 1.4945
Contrast_loss_cross	: 1.7048
Contrast_loss_intra	: 1.2842
Total_loss	: 4.2477
-------------------------------------
[Epoch : 63/250]
Src_cls_loss	: 0.0806
Trg_cls_loss	: 1.1226
Domain_loss	: 1.2150
Src_task_loss	: 0.6826
class_feature_and_domain_loss	: 2.7758
Trg_MMD_loss	: 2.0932
Contrast_loss	: 1.4947
Contrast_loss_cross	: 1.7050
Contrast_loss_intra	: 1.2845
Total_loss	: 4.2324
-------------------------------------
[Epoch : 64/250]
Source Domain Train Accuracy: 0.9777
Source Domain Train F1-Score: 0.9777
Target Domain Train Accuracy: 0.7656
Target Domain Train F1-Score: 0.7656
Target Domain Test Accuracy: 0.8049
Target Domain Test F1-Score: 0.8049
Src_cls_loss	: 0.0794
Trg_cls_loss	: 1.1179
Domain_loss	: 1.2148
Src_task_loss	: 0.6755
class_feature_and_domain_loss	: 2.7652
Trg_MMD_loss	: 2.0897
Contrast_loss	: 1.4948
Contrast_loss_cross	: 1.7051
Contrast_loss_intra	: 1.2845
Total_loss	: 4.2182
-------------------------------------
[Epoch : 65/250]
Src_cls_loss	: 0.0783
Trg_cls_loss	: 1.1134
Domain_loss	: 1.2165
Src_task_loss	: 0.6689
class_feature_and_domain_loss	: 2.7560
Trg_MMD_loss	: 2.0871
Contrast_loss	: 1.4948
Contrast_loss_cross	: 1.7052
Contrast_loss_intra	: 1.2843
Total_loss	: 4.2073
-------------------------------------
[Epoch : 66/250]
Src_cls_loss	: 0.0772
Trg_cls_loss	: 1.1098
Domain_loss	: 1.2183
Src_task_loss	: 0.6622
class_feature_and_domain_loss	: 2.7486
Trg_MMD_loss	: 2.0864
Contrast_loss	: 1.4948
Contrast_loss_cross	: 1.7054
Contrast_loss_intra	: 1.2842
Total_loss	: 4.1984
-------------------------------------
[Epoch : 67/250]
Src_cls_loss	: 0.0761
Trg_cls_loss	: 1.1083
Domain_loss	: 1.2196
Src_task_loss	: 0.6558
class_feature_and_domain_loss	: 2.7431
Trg_MMD_loss	: 2.0872
Contrast_loss	: 1.4947
Contrast_loss_cross	: 1.7055
Contrast_loss_intra	: 1.2840
Total_loss	: 4.1910
-------------------------------------
[Epoch : 68/250]
Src_cls_loss	: 0.0750
Trg_cls_loss	: 1.1067
Domain_loss	: 1.2193
Src_task_loss	: 0.6494
class_feature_and_domain_loss	: 2.7369
Trg_MMD_loss	: 2.0875
Contrast_loss	: 1.4947
Contrast_loss_cross	: 1.7056
Contrast_loss_intra	: 1.2838
Total_loss	: 4.1813
-------------------------------------
[Epoch : 69/250]
Source Domain Train Accuracy: 1.0000
Source Domain Train F1-Score: 1.0000
Target Domain Train Accuracy: 0.7773
Target Domain Train F1-Score: 0.7773
Target Domain Test Accuracy: 0.8211
Target Domain Test F1-Score: 0.8211
Src_cls_loss	: 0.0740
Trg_cls_loss	: 1.1047
Domain_loss	: 1.2191
Src_task_loss	: 0.6431
class_feature_and_domain_loss	: 2.7301
Trg_MMD_loss	: 2.0870
Contrast_loss	: 1.4947
Contrast_loss_cross	: 1.7058
Contrast_loss_intra	: 1.2836
Total_loss	: 4.1712
-------------------------------------
[Epoch : 70/250]
Src_cls_loss	: 0.0732
Trg_cls_loss	: 1.1015
Domain_loss	: 1.2197
Src_task_loss	: 0.6369
class_feature_and_domain_loss	: 2.7220
Trg_MMD_loss	: 2.0850
Contrast_loss	: 1.4947
Contrast_loss_cross	: 1.7060
Contrast_loss_intra	: 1.2835
Total_loss	: 4.1612
-------------------------------------
[Epoch : 71/250]
Src_cls_loss	: 0.0724
Trg_cls_loss	: 1.0987
Domain_loss	: 1.2213
Src_task_loss	: 0.6311
class_feature_and_domain_loss	: 2.7124
Trg_MMD_loss	: 2.0812
Contrast_loss	: 1.4948
Contrast_loss_cross	: 1.7061
Contrast_loss_intra	: 1.2834
Total_loss	: 4.1508
-------------------------------------
[Epoch : 72/250]
Src_cls_loss	: 0.0716
Trg_cls_loss	: 1.0966
Domain_loss	: 1.2226
Src_task_loss	: 0.6253
class_feature_and_domain_loss	: 2.7020
Trg_MMD_loss	: 2.0767
Contrast_loss	: 1.4948
Contrast_loss_cross	: 1.7063
Contrast_loss_intra	: 1.2833
Total_loss	: 4.1394
-------------------------------------
[Epoch : 73/250]
Src_cls_loss	: 0.0710
Trg_cls_loss	: 1.0981
Domain_loss	: 1.2235
Src_task_loss	: 0.6195
class_feature_and_domain_loss	: 2.6925
Trg_MMD_loss	: 2.0730
Contrast_loss	: 1.4948
Contrast_loss_cross	: 1.7065
Contrast_loss_intra	: 1.2831
Total_loss	: 4.1289
-------------------------------------
[Epoch : 74/250]
Source Domain Train Accuracy: 1.0000
Source Domain Train F1-Score: 1.0000
Target Domain Train Accuracy: 0.7773
Target Domain Train F1-Score: 0.7773
Target Domain Test Accuracy: 0.7967
Target Domain Test F1-Score: 0.7967
Src_cls_loss	: 0.0710
Trg_cls_loss	: 1.0983
Domain_loss	: 1.2246
Src_task_loss	: 0.6138
class_feature_and_domain_loss	: 2.6855
Trg_MMD_loss	: 2.0717
Contrast_loss	: 1.4948
Contrast_loss_cross	: 1.7067
Contrast_loss_intra	: 1.2830
Total_loss	: 4.1230
-------------------------------------
[Epoch : 75/250]
Src_cls_loss	: 0.0703
Trg_cls_loss	: 1.0951
Domain_loss	: 1.2246
Src_task_loss	: 0.6085
class_feature_and_domain_loss	: 2.6754
Trg_MMD_loss	: 2.0669
Contrast_loss	: 1.4948
Contrast_loss_cross	: 1.7068
Contrast_loss_intra	: 1.2828
Total_loss	: 4.1110
-------------------------------------
[Epoch : 76/250]
Src_cls_loss	: 0.0698
Trg_cls_loss	: 1.0951
Domain_loss	: 1.2257
Src_task_loss	: 0.6035
class_feature_and_domain_loss	: 2.6656
Trg_MMD_loss	: 2.0622
Contrast_loss	: 1.4948
Contrast_loss_cross	: 1.7070
Contrast_loss_intra	: 1.2827
Total_loss	: 4.1008
-------------------------------------
[Epoch : 77/250]
Src_cls_loss	: 0.0691
Trg_cls_loss	: 1.0983
Domain_loss	: 1.2264
Src_task_loss	: 0.5984
class_feature_and_domain_loss	: 2.6582
Trg_MMD_loss	: 2.0598
Contrast_loss	: 1.4949
Contrast_loss_cross	: 1.7072
Contrast_loss_intra	: 1.2826
Total_loss	: 4.0920
-------------------------------------
[Epoch : 78/250]
Src_cls_loss	: 0.0683
Trg_cls_loss	: 1.0984
Domain_loss	: 1.2265
Src_task_loss	: 0.5936
class_feature_and_domain_loss	: 2.6505
Trg_MMD_loss	: 2.0570
Contrast_loss	: 1.4949
Contrast_loss_cross	: 1.7073
Contrast_loss_intra	: 1.2826
Total_loss	: 4.0821
-------------------------------------
[Epoch : 79/250]
Source Domain Train Accuracy: 1.0000
Source Domain Train F1-Score: 1.0000
Target Domain Train Accuracy: 0.7500
Target Domain Train F1-Score: 0.7500
Target Domain Test Accuracy: 0.8211
Target Domain Test F1-Score: 0.8211
Src_cls_loss	: 0.0675
Trg_cls_loss	: 1.1002
Domain_loss	: 1.2270
Src_task_loss	: 0.5886
class_feature_and_domain_loss	: 2.6430
Trg_MMD_loss	: 2.0545
Contrast_loss	: 1.4950
Contrast_loss_cross	: 1.7075
Contrast_loss_intra	: 1.2826
Total_loss	: 4.0726
-------------------------------------
[Epoch : 80/250]
Src_cls_loss	: 0.0669
Trg_cls_loss	: 1.1008
Domain_loss	: 1.2273
Src_task_loss	: 0.5837
class_feature_and_domain_loss	: 2.6350
Trg_MMD_loss	: 2.0513
Contrast_loss	: 1.4951
Contrast_loss_cross	: 1.7077
Contrast_loss_intra	: 1.2825
Total_loss	: 4.0630
-------------------------------------
[Epoch : 81/250]
Src_cls_loss	: 0.0662
Trg_cls_loss	: 1.1004
Domain_loss	: 1.2283
Src_task_loss	: 0.5790
class_feature_and_domain_loss	: 2.6259
Trg_MMD_loss	: 2.0469
Contrast_loss	: 1.4952
Contrast_loss_cross	: 1.7079
Contrast_loss_intra	: 1.2825
Total_loss	: 4.0527
-------------------------------------
[Epoch : 82/250]
Src_cls_loss	: 0.0657
Trg_cls_loss	: 1.1004
Domain_loss	: 1.2296
Src_task_loss	: 0.5743
class_feature_and_domain_loss	: 2.6177
Trg_MMD_loss	: 2.0434
Contrast_loss	: 1.4952
Contrast_loss_cross	: 1.7080
Contrast_loss_intra	: 1.2824
Total_loss	: 4.0443
-------------------------------------
[Epoch : 83/250]
Src_cls_loss	: 0.0649
Trg_cls_loss	: 1.1017
Domain_loss	: 1.2314
Src_task_loss	: 0.5696
class_feature_and_domain_loss	: 2.6106
Trg_MMD_loss	: 2.0410
Contrast_loss	: 1.4953
Contrast_loss_cross	: 1.7082
Contrast_loss_intra	: 1.2824
Total_loss	: 4.0368
-------------------------------------
[Epoch : 84/250]
Source Domain Train Accuracy: 1.0000
Source Domain Train F1-Score: 1.0000
Target Domain Train Accuracy: 0.7422
Target Domain Train F1-Score: 0.7422
Target Domain Test Accuracy: 0.8130
Target Domain Test F1-Score: 0.8130
Src_cls_loss	: 0.0642
Trg_cls_loss	: 1.1030
Domain_loss	: 1.2327
Src_task_loss	: 0.5651
class_feature_and_domain_loss	: 2.6041
Trg_MMD_loss	: 2.0390
Contrast_loss	: 1.4953
Contrast_loss_cross	: 1.7083
Contrast_loss_intra	: 1.2823
Total_loss	: 4.0293
-------------------------------------
[Epoch : 85/250]
Src_cls_loss	: 0.0635
Trg_cls_loss	: 1.1057
Domain_loss	: 1.2334
Src_task_loss	: 0.5607
class_feature_and_domain_loss	: 2.5984
Trg_MMD_loss	: 2.0377
Contrast_loss	: 1.4953
Contrast_loss_cross	: 1.7084
Contrast_loss_intra	: 1.2822
Total_loss	: 4.0223
-------------------------------------
[Epoch : 86/250]
Src_cls_loss	: 0.0629
Trg_cls_loss	: 1.1089
Domain_loss	: 1.2339
Src_task_loss	: 0.5564
class_feature_and_domain_loss	: 2.5936
Trg_MMD_loss	: 2.0372
Contrast_loss	: 1.4954
Contrast_loss_cross	: 1.7086
Contrast_loss_intra	: 1.2821
Total_loss	: 4.0161
-------------------------------------
[Epoch : 87/250]
Src_cls_loss	: 0.0622
Trg_cls_loss	: 1.1127
Domain_loss	: 1.2346
Src_task_loss	: 0.5519
class_feature_and_domain_loss	: 2.5877
Trg_MMD_loss	: 2.0357
Contrast_loss	: 1.4955
Contrast_loss_cross	: 1.7087
Contrast_loss_intra	: 1.2822
Total_loss	: 4.0088
-------------------------------------
[Epoch : 88/250]
Src_cls_loss	: 0.0615
Trg_cls_loss	: 1.1165
Domain_loss	: 1.2351
Src_task_loss	: 0.5478
class_feature_and_domain_loss	: 2.5827
Trg_MMD_loss	: 2.0349
Contrast_loss	: 1.4956
Contrast_loss_cross	: 1.7089
Contrast_loss_intra	: 1.2823
Total_loss	: 4.0024
-------------------------------------
[Epoch : 89/250]
Source Domain Train Accuracy: 0.9866
Source Domain Train F1-Score: 0.9866
Target Domain Train Accuracy: 0.8359
Target Domain Train F1-Score: 0.8359
Target Domain Test Accuracy: 0.8537
Target Domain Test F1-Score: 0.8537
Src_cls_loss	: 0.0609
Trg_cls_loss	: 1.1210
Domain_loss	: 1.2358
Src_task_loss	: 0.5437
class_feature_and_domain_loss	: 2.5773
Trg_MMD_loss	: 2.0336
Contrast_loss	: 1.4956
Contrast_loss_cross	: 1.7090
Contrast_loss_intra	: 1.2823
Total_loss	: 3.9956
-------------------------------------
[Epoch : 90/250]
Src_cls_loss	: 0.0602
Trg_cls_loss	: 1.1252
Domain_loss	: 1.2370
Src_task_loss	: 0.5395
class_feature_and_domain_loss	: 2.5726
Trg_MMD_loss	: 2.0331
Contrast_loss	: 1.4957
Contrast_loss_cross	: 1.7091
Contrast_loss_intra	: 1.2823
Total_loss	: 3.9902
-------------------------------------
[Epoch : 91/250]
Src_cls_loss	: 0.0596
Trg_cls_loss	: 1.1271
Domain_loss	: 1.2377
Src_task_loss	: 0.5354
class_feature_and_domain_loss	: 2.5675
Trg_MMD_loss	: 2.0321
Contrast_loss	: 1.4957
Contrast_loss_cross	: 1.7093
Contrast_loss_intra	: 1.2821
Total_loss	: 3.9840
-------------------------------------
[Epoch : 92/250]
Src_cls_loss	: 0.0591
Trg_cls_loss	: 1.1264
Domain_loss	: 1.2382
Src_task_loss	: 0.5312
class_feature_and_domain_loss	: 2.5627
Trg_MMD_loss	: 2.0315
Contrast_loss	: 1.4957
Contrast_loss_cross	: 1.7094
Contrast_loss_intra	: 1.2821
Total_loss	: 3.9782
-------------------------------------
[Epoch : 93/250]
Src_cls_loss	: 0.0585
Trg_cls_loss	: 1.1256
Domain_loss	: 1.2390
Src_task_loss	: 0.5273
class_feature_and_domain_loss	: 2.5578
Trg_MMD_loss	: 2.0305
Contrast_loss	: 1.4957
Contrast_loss_cross	: 1.7095
Contrast_loss_intra	: 1.2820
Total_loss	: 3.9724
-------------------------------------
[Epoch : 94/250]
Source Domain Train Accuracy: 0.9955
Source Domain Train F1-Score: 0.9955
Target Domain Train Accuracy: 0.8242
Target Domain Train F1-Score: 0.8242
Target Domain Test Accuracy: 0.8455
Target Domain Test F1-Score: 0.8455
Src_cls_loss	: 0.0580
Trg_cls_loss	: 1.1219
Domain_loss	: 1.2393
Src_task_loss	: 0.5235
class_feature_and_domain_loss	: 2.5518
Trg_MMD_loss	: 2.0284
Contrast_loss	: 1.4958
Contrast_loss_cross	: 1.7097
Contrast_loss_intra	: 1.2820
Total_loss	: 3.9650
-------------------------------------
[Epoch : 95/250]
Src_cls_loss	: 0.0574
Trg_cls_loss	: 1.1195
Domain_loss	: 1.2396
Src_task_loss	: 0.5197
class_feature_and_domain_loss	: 2.5459
Trg_MMD_loss	: 2.0263
Contrast_loss	: 1.4959
Contrast_loss_cross	: 1.7098
Contrast_loss_intra	: 1.2820
Total_loss	: 3.9578
-------------------------------------
[Epoch : 96/250]
Src_cls_loss	: 0.0569
Trg_cls_loss	: 1.1189
Domain_loss	: 1.2406
Src_task_loss	: 0.5157
class_feature_and_domain_loss	: 2.5411
Trg_MMD_loss	: 2.0254
Contrast_loss	: 1.4959
Contrast_loss_cross	: 1.7099
Contrast_loss_intra	: 1.2819
Total_loss	: 3.9523
-------------------------------------
[Epoch : 97/250]
Src_cls_loss	: 0.0564
Trg_cls_loss	: 1.1192
Domain_loss	: 1.2408
Src_task_loss	: 0.5122
class_feature_and_domain_loss	: 2.5380
Trg_MMD_loss	: 2.0258
Contrast_loss	: 1.4960
Contrast_loss_cross	: 1.7101
Contrast_loss_intra	: 1.2820
Total_loss	: 3.9479
-------------------------------------
[Epoch : 98/250]
Src_cls_loss	: 0.0558
Trg_cls_loss	: 1.1187
Domain_loss	: 1.2407
Src_task_loss	: 0.5085
class_feature_and_domain_loss	: 2.5337
Trg_MMD_loss	: 2.0252
Contrast_loss	: 1.4961
Contrast_loss_cross	: 1.7102
Contrast_loss_intra	: 1.2821
Total_loss	: 3.9419
-------------------------------------
[Epoch : 99/250]
Source Domain Train Accuracy: 0.9911
Source Domain Train F1-Score: 0.9911
Target Domain Train Accuracy: 0.7773
Target Domain Train F1-Score: 0.7773
Target Domain Test Accuracy: 0.8211
Target Domain Test F1-Score: 0.8211
Src_cls_loss	: 0.0558
Trg_cls_loss	: 1.1173
Domain_loss	: 1.2415
Src_task_loss	: 0.5048
class_feature_and_domain_loss	: 2.5294
Trg_MMD_loss	: 2.0245
Contrast_loss	: 1.4962
Contrast_loss_cross	: 1.7103
Contrast_loss_intra	: 1.2821
Total_loss	: 3.9384
-------------------------------------
[Epoch : 100/250]
Src_cls_loss	: 0.0554
Trg_cls_loss	: 1.1150
Domain_loss	: 1.2422
Src_task_loss	: 0.5013
class_feature_and_domain_loss	: 2.5252
Trg_MMD_loss	: 2.0239
Contrast_loss	: 1.4963
Contrast_loss_cross	: 1.7104
Contrast_loss_intra	: 1.2821
Total_loss	: 3.9336
-------------------------------------
[Epoch : 101/250]
Src_cls_loss	: 0.0550
Trg_cls_loss	: 1.1127
Domain_loss	: 1.2428
Src_task_loss	: 0.4979
class_feature_and_domain_loss	: 2.5217
Trg_MMD_loss	: 2.0239
Contrast_loss	: 1.4963
Contrast_loss_cross	: 1.7105
Contrast_loss_intra	: 1.2820
Total_loss	: 3.9296
-------------------------------------
[Epoch : 102/250]
Src_cls_loss	: 0.0546
Trg_cls_loss	: 1.1100
Domain_loss	: 1.2437
Src_task_loss	: 0.4946
class_feature_and_domain_loss	: 2.5188
Trg_MMD_loss	: 2.0242
Contrast_loss	: 1.4963
Contrast_loss_cross	: 1.7106
Contrast_loss_intra	: 1.2820
Total_loss	: 3.9263
-------------------------------------
[Epoch : 103/250]
Src_cls_loss	: 0.0541
Trg_cls_loss	: 1.1069
Domain_loss	: 1.2449
Src_task_loss	: 0.4912
class_feature_and_domain_loss	: 2.5160
Trg_MMD_loss	: 2.0248
Contrast_loss	: 1.4963
Contrast_loss_cross	: 1.7107
Contrast_loss_intra	: 1.2819
Total_loss	: 3.9233
-------------------------------------
[Epoch : 104/250]
Source Domain Train Accuracy: 1.0000
Source Domain Train F1-Score: 1.0000
Target Domain Train Accuracy: 0.8203
Target Domain Train F1-Score: 0.8203
Target Domain Test Accuracy: 0.8374
Target Domain Test F1-Score: 0.8374
Src_cls_loss	: 0.0536
Trg_cls_loss	: 1.1045
Domain_loss	: 1.2449
Src_task_loss	: 0.4879
class_feature_and_domain_loss	: 2.5126
Trg_MMD_loss	: 2.0247
Contrast_loss	: 1.4963
Contrast_loss_cross	: 1.7108
Contrast_loss_intra	: 1.2818
Total_loss	: 3.9184
-------------------------------------
[Epoch : 105/250]
Src_cls_loss	: 0.0532
Trg_cls_loss	: 1.1024
Domain_loss	: 1.2443
Src_task_loss	: 0.4847
class_feature_and_domain_loss	: 2.5093
Trg_MMD_loss	: 2.0246
Contrast_loss	: 1.4963
Contrast_loss_cross	: 1.7109
Contrast_loss_intra	: 1.2817
Total_loss	: 3.9131
-------------------------------------
[Epoch : 106/250]
Src_cls_loss	: 0.0527
Trg_cls_loss	: 1.1010
Domain_loss	: 1.2441
Src_task_loss	: 0.4814
class_feature_and_domain_loss	: 2.5062
Trg_MMD_loss	: 2.0247
Contrast_loss	: 1.4964
Contrast_loss_cross	: 1.7110
Contrast_loss_intra	: 1.2817
Total_loss	: 3.9084
-------------------------------------
[Epoch : 107/250]
Src_cls_loss	: 0.0523
Trg_cls_loss	: 1.0999
Domain_loss	: 1.2444
Src_task_loss	: 0.4783
class_feature_and_domain_loss	: 2.5034
Trg_MMD_loss	: 2.0251
Contrast_loss	: 1.4964
Contrast_loss_cross	: 1.7111
Contrast_loss_intra	: 1.2816
Total_loss	: 3.9046
-------------------------------------
[Epoch : 108/250]
Src_cls_loss	: 0.0518
Trg_cls_loss	: 1.1007
Domain_loss	: 1.2451
Src_task_loss	: 0.4752
class_feature_and_domain_loss	: 2.5009
Trg_MMD_loss	: 2.0258
Contrast_loss	: 1.4964
Contrast_loss_cross	: 1.7113
Contrast_loss_intra	: 1.2815
Total_loss	: 3.9014
-------------------------------------
[Epoch : 109/250]
Source Domain Train Accuracy: 0.9464
Source Domain Train F1-Score: 0.9464
Target Domain Train Accuracy: 0.7969
Target Domain Train F1-Score: 0.7969
Target Domain Test Accuracy: 0.8293
Target Domain Test F1-Score: 0.8293
Src_cls_loss	: 0.0514
Trg_cls_loss	: 1.1022
Domain_loss	: 1.2461
Src_task_loss	: 0.4721
class_feature_and_domain_loss	: 2.4985
Trg_MMD_loss	: 2.0264
Contrast_loss	: 1.4964
Contrast_loss_cross	: 1.7114
Contrast_loss_intra	: 1.2815
Total_loss	: 3.8987
-------------------------------------
[Epoch : 110/250]
Src_cls_loss	: 0.0510
Trg_cls_loss	: 1.1047
Domain_loss	: 1.2465
Src_task_loss	: 0.4691
class_feature_and_domain_loss	: 2.4958
Trg_MMD_loss	: 2.0267
Contrast_loss	: 1.4965
Contrast_loss_cross	: 1.7115
Contrast_loss_intra	: 1.2814
Total_loss	: 3.8953
-------------------------------------
[Epoch : 111/250]
Src_cls_loss	: 0.0506
Trg_cls_loss	: 1.1065
Domain_loss	: 1.2469
Src_task_loss	: 0.4661
class_feature_and_domain_loss	: 2.4934
Trg_MMD_loss	: 2.0273
Contrast_loss	: 1.4965
Contrast_loss_cross	: 1.7116
Contrast_loss_intra	: 1.2814
Total_loss	: 3.8920
-------------------------------------
[Epoch : 112/250]
Src_cls_loss	: 0.0501
Trg_cls_loss	: 1.1084
Domain_loss	: 1.2470
Src_task_loss	: 0.4632
class_feature_and_domain_loss	: 2.4908
Trg_MMD_loss	: 2.0276
Contrast_loss	: 1.4966
Contrast_loss_cross	: 1.7117
Contrast_loss_intra	: 1.2814
Total_loss	: 3.8882
-------------------------------------
[Epoch : 113/250]
Src_cls_loss	: 0.0497
Trg_cls_loss	: 1.1085
Domain_loss	: 1.2472
Src_task_loss	: 0.4604
class_feature_and_domain_loss	: 2.4883
Trg_MMD_loss	: 2.0279
Contrast_loss	: 1.4966
Contrast_loss_cross	: 1.7118
Contrast_loss_intra	: 1.2815
Total_loss	: 3.8847
-------------------------------------
[Epoch : 114/250]
Source Domain Train Accuracy: 1.0000
Source Domain Train F1-Score: 1.0000
Target Domain Train Accuracy: 0.8008
Target Domain Train F1-Score: 0.8008
Target Domain Test Accuracy: 0.8455
Target Domain Test F1-Score: 0.8455
Src_cls_loss	: 0.0493
Trg_cls_loss	: 1.1097
Domain_loss	: 1.2473
Src_task_loss	: 0.4575
class_feature_and_domain_loss	: 2.4857
Trg_MMD_loss	: 2.0282
Contrast_loss	: 1.4967
Contrast_loss_cross	: 1.7119
Contrast_loss_intra	: 1.2815
Total_loss	: 3.8809
-------------------------------------
[Epoch : 115/250]
Src_cls_loss	: 0.0489
Trg_cls_loss	: 1.1108
Domain_loss	: 1.2479
Src_task_loss	: 0.4549
class_feature_and_domain_loss	: 2.4840
Trg_MMD_loss	: 2.0291
Contrast_loss	: 1.4967
Contrast_loss_cross	: 1.7120
Contrast_loss_intra	: 1.2814
Total_loss	: 3.8785
-------------------------------------
[Epoch : 116/250]
Src_cls_loss	: 0.0485
Trg_cls_loss	: 1.1114
Domain_loss	: 1.2492
Src_task_loss	: 0.4522
class_feature_and_domain_loss	: 2.4821
Trg_MMD_loss	: 2.0299
Contrast_loss	: 1.4967
Contrast_loss_cross	: 1.7121
Contrast_loss_intra	: 1.2814
Total_loss	: 3.8769
-------------------------------------
[Epoch : 117/250]
Src_cls_loss	: 0.0481
Trg_cls_loss	: 1.1120
Domain_loss	: 1.2505
Src_task_loss	: 0.4495
class_feature_and_domain_loss	: 2.4805
Trg_MMD_loss	: 2.0310
Contrast_loss	: 1.4968
Contrast_loss_cross	: 1.7121
Contrast_loss_intra	: 1.2815
Total_loss	: 3.8753
-------------------------------------
[Epoch : 118/250]
Src_cls_loss	: 0.0477
Trg_cls_loss	: 1.1125
Domain_loss	: 1.2515
Src_task_loss	: 0.4468
class_feature_and_domain_loss	: 2.4785
Trg_MMD_loss	: 2.0317
Contrast_loss	: 1.4968
Contrast_loss_cross	: 1.7122
Contrast_loss_intra	: 1.2814
Total_loss	: 3.8731
-------------------------------------
[Epoch : 119/250]
Source Domain Train Accuracy: 1.0000
Source Domain Train F1-Score: 1.0000
Target Domain Train Accuracy: 0.8164
Target Domain Train F1-Score: 0.8164
Target Domain Test Accuracy: 0.8455
Target Domain Test F1-Score: 0.8455
Src_cls_loss	: 0.0473
Trg_cls_loss	: 1.1136
Domain_loss	: 1.2521
Src_task_loss	: 0.4442
class_feature_and_domain_loss	: 2.4769
Trg_MMD_loss	: 2.0327
Contrast_loss	: 1.4969
Contrast_loss_cross	: 1.7123
Contrast_loss_intra	: 1.2814
Total_loss	: 3.8710
-------------------------------------
[Epoch : 120/250]
Src_cls_loss	: 0.0469
Trg_cls_loss	: 1.1149
Domain_loss	: 1.2521
Src_task_loss	: 0.4418
class_feature_and_domain_loss	: 2.4753
Trg_MMD_loss	: 2.0335
Contrast_loss	: 1.4969
Contrast_loss_cross	: 1.7124
Contrast_loss_intra	: 1.2814
Total_loss	: 3.8681
-------------------------------------
[Epoch : 121/250]
Src_cls_loss	: 0.0466
Trg_cls_loss	: 1.1159
Domain_loss	: 1.2520
Src_task_loss	: 0.4392
class_feature_and_domain_loss	: 2.4731
Trg_MMD_loss	: 2.0339
Contrast_loss	: 1.4969
Contrast_loss_cross	: 1.7125
Contrast_loss_intra	: 1.2813
Total_loss	: 3.8648
-------------------------------------
[Epoch : 122/250]
Src_cls_loss	: 0.0462
Trg_cls_loss	: 1.1175
Domain_loss	: 1.2521
Src_task_loss	: 0.4369
class_feature_and_domain_loss	: 2.4711
Trg_MMD_loss	: 2.0342
Contrast_loss	: 1.4970
Contrast_loss_cross	: 1.7126
Contrast_loss_intra	: 1.2813
Total_loss	: 3.8618
-------------------------------------
[Epoch : 123/250]
Src_cls_loss	: 0.0458
Trg_cls_loss	: 1.1189
Domain_loss	: 1.2523
Src_task_loss	: 0.4344
class_feature_and_domain_loss	: 2.4688
Trg_MMD_loss	: 2.0345
Contrast_loss	: 1.4970
Contrast_loss_cross	: 1.7127
Contrast_loss_intra	: 1.2814
Total_loss	: 3.8586
-------------------------------------
[Epoch : 124/250]
Source Domain Train Accuracy: 1.0000
Source Domain Train F1-Score: 1.0000
Target Domain Train Accuracy: 0.7812
Target Domain Train F1-Score: 0.7812
Target Domain Test Accuracy: 0.8293
Target Domain Test F1-Score: 0.8293
Src_cls_loss	: 0.0455
Trg_cls_loss	: 1.1197
Domain_loss	: 1.2526
Src_task_loss	: 0.4320
class_feature_and_domain_loss	: 2.4667
Trg_MMD_loss	: 2.0347
Contrast_loss	: 1.4971
Contrast_loss_cross	: 1.7128
Contrast_loss_intra	: 1.2815
Total_loss	: 3.8558
-------------------------------------
[Epoch : 125/250]
Src_cls_loss	: 0.0451
Trg_cls_loss	: 1.1205
Domain_loss	: 1.2532
Src_task_loss	: 0.4297
class_feature_and_domain_loss	: 2.4644
Trg_MMD_loss	: 2.0347
Contrast_loss	: 1.4972
Contrast_loss_cross	: 1.7129
Contrast_loss_intra	: 1.2816
Total_loss	: 3.8530
-------------------------------------
[Epoch : 126/250]
Src_cls_loss	: 0.0448
Trg_cls_loss	: 1.1215
Domain_loss	: 1.2537
Src_task_loss	: 0.4274
class_feature_and_domain_loss	: 2.4624
Trg_MMD_loss	: 2.0350
Contrast_loss	: 1.4973
Contrast_loss_cross	: 1.7130
Contrast_loss_intra	: 1.2816
Total_loss	: 3.8505
-------------------------------------
[Epoch : 127/250]
Src_cls_loss	: 0.0445
Trg_cls_loss	: 1.1221
Domain_loss	: 1.2545
Src_task_loss	: 0.4250
class_feature_and_domain_loss	: 2.4604
Trg_MMD_loss	: 2.0354
Contrast_loss	: 1.4974
Contrast_loss_cross	: 1.7131
Contrast_loss_intra	: 1.2817
Total_loss	: 3.8484
-------------------------------------
[Epoch : 128/250]
Src_cls_loss	: 0.0442
Trg_cls_loss	: 1.1232
Domain_loss	: 1.2552
Src_task_loss	: 0.4227
class_feature_and_domain_loss	: 2.4587
Trg_MMD_loss	: 2.0360
Contrast_loss	: 1.4975
Contrast_loss_cross	: 1.7131
Contrast_loss_intra	: 1.2818
Total_loss	: 3.8464
-------------------------------------
[Epoch : 129/250]
Source Domain Train Accuracy: 1.0000
Source Domain Train F1-Score: 1.0000
Target Domain Train Accuracy: 0.8008
Target Domain Train F1-Score: 0.8008
Target Domain Test Accuracy: 0.8618
Target Domain Test F1-Score: 0.8618
Src_cls_loss	: 0.0439
Trg_cls_loss	: 1.1236
Domain_loss	: 1.2560
Src_task_loss	: 0.4204
class_feature_and_domain_loss	: 2.4569
Trg_MMD_loss	: 2.0365
Contrast_loss	: 1.4975
Contrast_loss_cross	: 1.7132
Contrast_loss_intra	: 1.2818
Total_loss	: 3.8445
-------------------------------------
[Epoch : 130/250]
Src_cls_loss	: 0.0436
Trg_cls_loss	: 1.1249
Domain_loss	: 1.2564
Src_task_loss	: 0.4182
class_feature_and_domain_loss	: 2.4549
Trg_MMD_loss	: 2.0367
Contrast_loss	: 1.4976
Contrast_loss_cross	: 1.7133
Contrast_loss_intra	: 1.2818
Total_loss	: 3.8420
-------------------------------------
[Epoch : 131/250]
Src_cls_loss	: 0.0433
Trg_cls_loss	: 1.1258
Domain_loss	: 1.2573
Src_task_loss	: 0.4160
class_feature_and_domain_loss	: 2.4529
Trg_MMD_loss	: 2.0369
Contrast_loss	: 1.4976
Contrast_loss_cross	: 1.7134
Contrast_loss_intra	: 1.2818
Total_loss	: 3.8400
-------------------------------------
[Epoch : 132/250]
Src_cls_loss	: 0.0430
Trg_cls_loss	: 1.1263
Domain_loss	: 1.2581
Src_task_loss	: 0.4139
class_feature_and_domain_loss	: 2.4512
Trg_MMD_loss	: 2.0373
Contrast_loss	: 1.4976
Contrast_loss_cross	: 1.7135
Contrast_loss_intra	: 1.2818
Total_loss	: 3.8383
-------------------------------------
[Epoch : 133/250]
Src_cls_loss	: 0.0427
Trg_cls_loss	: 1.1275
Domain_loss	: 1.2588
Src_task_loss	: 0.4118
class_feature_and_domain_loss	: 2.4496
Trg_MMD_loss	: 2.0378
Contrast_loss	: 1.4976
Contrast_loss_cross	: 1.7135
Contrast_loss_intra	: 1.2817
Total_loss	: 3.8363
-------------------------------------
[Epoch : 134/250]
Source Domain Train Accuracy: 0.9821
Source Domain Train F1-Score: 0.9821
Target Domain Train Accuracy: 0.8164
Target Domain Train F1-Score: 0.8164
Target Domain Test Accuracy: 0.8699
Target Domain Test F1-Score: 0.8699
Src_cls_loss	: 0.0424
Trg_cls_loss	: 1.1288
Domain_loss	: 1.2590
Src_task_loss	: 0.4096
class_feature_and_domain_loss	: 2.4478
Trg_MMD_loss	: 2.0381
Contrast_loss	: 1.4976
Contrast_loss_cross	: 1.7136
Contrast_loss_intra	: 1.2817
Total_loss	: 3.8338
-------------------------------------
[Epoch : 135/250]
Src_cls_loss	: 0.0421
Trg_cls_loss	: 1.1289
Domain_loss	: 1.2592
Src_task_loss	: 0.4075
class_feature_and_domain_loss	: 2.4463
Trg_MMD_loss	: 2.0387
Contrast_loss	: 1.4977
Contrast_loss_cross	: 1.7137
Contrast_loss_intra	: 1.2816
Total_loss	: 3.8317
-------------------------------------
[Epoch : 136/250]
Src_cls_loss	: 0.0418
Trg_cls_loss	: 1.1306
Domain_loss	: 1.2593
Src_task_loss	: 0.4054
class_feature_and_domain_loss	: 2.4451
Trg_MMD_loss	: 2.0397
Contrast_loss	: 1.4977
Contrast_loss_cross	: 1.7138
Contrast_loss_intra	: 1.2816
Total_loss	: 3.8298
-------------------------------------
[Epoch : 137/250]
Src_cls_loss	: 0.0415
Trg_cls_loss	: 1.1309
Domain_loss	: 1.2595
Src_task_loss	: 0.4034
class_feature_and_domain_loss	: 2.4438
Trg_MMD_loss	: 2.0404
Contrast_loss	: 1.4977
Contrast_loss_cross	: 1.7139
Contrast_loss_intra	: 1.2816
Total_loss	: 3.8278
-------------------------------------
[Epoch : 138/250]
Src_cls_loss	: 0.0412
Trg_cls_loss	: 1.1308
Domain_loss	: 1.2593
Src_task_loss	: 0.4014
class_feature_and_domain_loss	: 2.4425
Trg_MMD_loss	: 2.0411
Contrast_loss	: 1.4978
Contrast_loss_cross	: 1.7139
Contrast_loss_intra	: 1.2816
Total_loss	: 3.8254
-------------------------------------
[Epoch : 139/250]
Source Domain Train Accuracy: 1.0000
Source Domain Train F1-Score: 1.0000
Target Domain Train Accuracy: 0.8320
Target Domain Train F1-Score: 0.8320
Target Domain Test Accuracy: 0.8618
Target Domain Test F1-Score: 0.8618
Src_cls_loss	: 0.0409
Trg_cls_loss	: 1.1311
Domain_loss	: 1.2592
Src_task_loss	: 0.3994
class_feature_and_domain_loss	: 2.4414
Trg_MMD_loss	: 2.0420
Contrast_loss	: 1.4978
Contrast_loss_cross	: 1.7140
Contrast_loss_intra	: 1.2816
Total_loss	: 3.8233
-------------------------------------
[Epoch : 140/250]
Src_cls_loss	: 0.0406
Trg_cls_loss	: 1.1310
Domain_loss	: 1.2596
Src_task_loss	: 0.3975
class_feature_and_domain_loss	: 2.4403
Trg_MMD_loss	: 2.0428
Contrast_loss	: 1.4978
Contrast_loss_cross	: 1.7141
Contrast_loss_intra	: 1.2816
Total_loss	: 3.8218
-------------------------------------
[Epoch : 141/250]
Src_cls_loss	: 0.0403
Trg_cls_loss	: 1.1313
Domain_loss	: 1.2600
Src_task_loss	: 0.3956
class_feature_and_domain_loss	: 2.4390
Trg_MMD_loss	: 2.0435
Contrast_loss	: 1.4978
Contrast_loss_cross	: 1.7141
Contrast_loss_intra	: 1.2816
Total_loss	: 3.8201
-------------------------------------
[Epoch : 142/250]
Src_cls_loss	: 0.0401
Trg_cls_loss	: 1.1315
Domain_loss	: 1.2606
Src_task_loss	: 0.3936
class_feature_and_domain_loss	: 2.4378
Trg_MMD_loss	: 2.0442
Contrast_loss	: 1.4979
Contrast_loss_cross	: 1.7142
Contrast_loss_intra	: 1.2816
Total_loss	: 3.8186
-------------------------------------
[Epoch : 143/250]
Src_cls_loss	: 0.0398
Trg_cls_loss	: 1.1311
Domain_loss	: 1.2610
Src_task_loss	: 0.3919
class_feature_and_domain_loss	: 2.4361
Trg_MMD_loss	: 2.0443
Contrast_loss	: 1.4979
Contrast_loss_cross	: 1.7143
Contrast_loss_intra	: 1.2815
Total_loss	: 3.8166
-------------------------------------
[Epoch : 144/250]
Source Domain Train Accuracy: 1.0000
Source Domain Train F1-Score: 1.0000
Target Domain Train Accuracy: 0.8359
Target Domain Train F1-Score: 0.8359
Target Domain Test Accuracy: 0.8618
Target Domain Test F1-Score: 0.8618
Src_cls_loss	: 0.0396
Trg_cls_loss	: 1.1307
Domain_loss	: 1.2616
Src_task_loss	: 0.3901
class_feature_and_domain_loss	: 2.4345
Trg_MMD_loss	: 2.0445
Contrast_loss	: 1.4980
Contrast_loss_cross	: 1.7143
Contrast_loss_intra	: 1.2816
Total_loss	: 3.8148
-------------------------------------
[Epoch : 145/250]
Src_cls_loss	: 0.0393
Trg_cls_loss	: 1.1289
Domain_loss	: 1.2622
Src_task_loss	: 0.3882
class_feature_and_domain_loss	: 2.4329
Trg_MMD_loss	: 2.0447
Contrast_loss	: 1.4980
Contrast_loss_cross	: 1.7144
Contrast_loss_intra	: 1.2816
Total_loss	: 3.8131
-------------------------------------
[Epoch : 146/250]
Src_cls_loss	: 0.0391
Trg_cls_loss	: 1.1275
Domain_loss	: 1.2625
Src_task_loss	: 0.3863
class_feature_and_domain_loss	: 2.4313
Trg_MMD_loss	: 2.0450
Contrast_loss	: 1.4980
Contrast_loss_cross	: 1.7145
Contrast_loss_intra	: 1.2816
Total_loss	: 3.8111
-------------------------------------
[Epoch : 147/250]
Src_cls_loss	: 0.0388
Trg_cls_loss	: 1.1261
Domain_loss	: 1.2627
Src_task_loss	: 0.3845
class_feature_and_domain_loss	: 2.4299
Trg_MMD_loss	: 2.0454
Contrast_loss	: 1.4981
Contrast_loss_cross	: 1.7145
Contrast_loss_intra	: 1.2816
Total_loss	: 3.8091
-------------------------------------
[Epoch : 148/250]
Src_cls_loss	: 0.0386
Trg_cls_loss	: 1.1245
Domain_loss	: 1.2631
Src_task_loss	: 0.3827
class_feature_and_domain_loss	: 2.4287
Trg_MMD_loss	: 2.0460
Contrast_loss	: 1.4981
Contrast_loss_cross	: 1.7146
Contrast_loss_intra	: 1.2815
Total_loss	: 3.8075
-------------------------------------
[Epoch : 149/250]
Source Domain Train Accuracy: 0.9866
Source Domain Train F1-Score: 0.9866
Target Domain Train Accuracy: 0.8086
Target Domain Train F1-Score: 0.8086
Target Domain Test Accuracy: 0.8699
Target Domain Test F1-Score: 0.8699
Src_cls_loss	: 0.0383
Trg_cls_loss	: 1.1232
Domain_loss	: 1.2635
Src_task_loss	: 0.3809
class_feature_and_domain_loss	: 2.4268
Trg_MMD_loss	: 2.0459
Contrast_loss	: 1.4981
Contrast_loss_cross	: 1.7147
Contrast_loss_intra	: 1.2815
Total_loss	: 3.8053
-------------------------------------
[Epoch : 150/250]
Src_cls_loss	: 0.0381
Trg_cls_loss	: 1.1225
Domain_loss	: 1.2638
Src_task_loss	: 0.3792
class_feature_and_domain_loss	: 2.4250
Trg_MMD_loss	: 2.0458
Contrast_loss	: 1.4981
Contrast_loss_cross	: 1.7147
Contrast_loss_intra	: 1.2816
Total_loss	: 3.8031
-------------------------------------
[Epoch : 151/250]
Src_cls_loss	: 0.0379
Trg_cls_loss	: 1.1215
Domain_loss	: 1.2644
Src_task_loss	: 0.3774
class_feature_and_domain_loss	: 2.4234
Trg_MMD_loss	: 2.0459
Contrast_loss	: 1.4982
Contrast_loss_cross	: 1.7148
Contrast_loss_intra	: 1.2816
Total_loss	: 3.8014
-------------------------------------
[Epoch : 152/250]
Src_cls_loss	: 0.0376
Trg_cls_loss	: 1.1207
Domain_loss	: 1.2647
Src_task_loss	: 0.3757
class_feature_and_domain_loss	: 2.4219
Trg_MMD_loss	: 2.0462
Contrast_loss	: 1.4982
Contrast_loss_cross	: 1.7149
Contrast_loss_intra	: 1.2816
Total_loss	: 3.7995
-------------------------------------
[Epoch : 153/250]
Src_cls_loss	: 0.0374
Trg_cls_loss	: 1.1200
Domain_loss	: 1.2649
Src_task_loss	: 0.3740
class_feature_and_domain_loss	: 2.4204
Trg_MMD_loss	: 2.0464
Contrast_loss	: 1.4983
Contrast_loss_cross	: 1.7149
Contrast_loss_intra	: 1.2816
Total_loss	: 3.7975
-------------------------------------
[Epoch : 154/250]
Source Domain Train Accuracy: 1.0000
Source Domain Train F1-Score: 1.0000
Target Domain Train Accuracy: 0.8086
Target Domain Train F1-Score: 0.8086
Target Domain Test Accuracy: 0.8618
Target Domain Test F1-Score: 0.8618
Src_cls_loss	: 0.0372
Trg_cls_loss	: 1.1193
Domain_loss	: 1.2650
Src_task_loss	: 0.3724
class_feature_and_domain_loss	: 2.4191
Trg_MMD_loss	: 2.0467
Contrast_loss	: 1.4983
Contrast_loss_cross	: 1.7150
Contrast_loss_intra	: 1.2816
Total_loss	: 3.7956
-------------------------------------
[Epoch : 155/250]
Src_cls_loss	: 0.0369
Trg_cls_loss	: 1.1191
Domain_loss	: 1.2655
Src_task_loss	: 0.3707
class_feature_and_domain_loss	: 2.4180
Trg_MMD_loss	: 2.0472
Contrast_loss	: 1.4983
Contrast_loss_cross	: 1.7150
Contrast_loss_intra	: 1.2817
Total_loss	: 3.7943
-------------------------------------
[Epoch : 156/250]
Src_cls_loss	: 0.0367
Trg_cls_loss	: 1.1180
Domain_loss	: 1.2662
Src_task_loss	: 0.3691
class_feature_and_domain_loss	: 2.4166
Trg_MMD_loss	: 2.0475
Contrast_loss	: 1.4984
Contrast_loss_cross	: 1.7151
Contrast_loss_intra	: 1.2817
Total_loss	: 3.7929
-------------------------------------
[Epoch : 157/250]
Src_cls_loss	: 0.0365
Trg_cls_loss	: 1.1183
Domain_loss	: 1.2668
Src_task_loss	: 0.3675
class_feature_and_domain_loss	: 2.4157
Trg_MMD_loss	: 2.0482
Contrast_loss	: 1.4984
Contrast_loss_cross	: 1.7152
Contrast_loss_intra	: 1.2817
Total_loss	: 3.7919
-------------------------------------
[Epoch : 158/250]
Src_cls_loss	: 0.0363
Trg_cls_loss	: 1.1178
Domain_loss	: 1.2675
Src_task_loss	: 0.3658
class_feature_and_domain_loss	: 2.4145
Trg_MMD_loss	: 2.0487
Contrast_loss	: 1.4985
Contrast_loss_cross	: 1.7152
Contrast_loss_intra	: 1.2817
Total_loss	: 3.7908
-------------------------------------
[Epoch : 159/250]
Source Domain Train Accuracy: 0.9821
Source Domain Train F1-Score: 0.9821
Target Domain Train Accuracy: 0.8281
Target Domain Train F1-Score: 0.8281
Target Domain Test Accuracy: 0.8780
Target Domain Test F1-Score: 0.8780
Src_cls_loss	: 0.0360
Trg_cls_loss	: 1.1174
Domain_loss	: 1.2680
Src_task_loss	: 0.3643
class_feature_and_domain_loss	: 2.4133
Trg_MMD_loss	: 2.0490
Contrast_loss	: 1.4985
Contrast_loss_cross	: 1.7153
Contrast_loss_intra	: 1.2818
Total_loss	: 3.7894
-------------------------------------
[Epoch : 160/250]
Src_cls_loss	: 0.0358
Trg_cls_loss	: 1.1165
Domain_loss	: 1.2684
Src_task_loss	: 0.3627
class_feature_and_domain_loss	: 2.4119
Trg_MMD_loss	: 2.0493
Contrast_loss	: 1.4985
Contrast_loss_cross	: 1.7153
Contrast_loss_intra	: 1.2817
Total_loss	: 3.7878
-------------------------------------
[Epoch : 161/250]
Src_cls_loss	: 0.0356
Trg_cls_loss	: 1.1162
Domain_loss	: 1.2689
Src_task_loss	: 0.3611
class_feature_and_domain_loss	: 2.4109
Trg_MMD_loss	: 2.0498
Contrast_loss	: 1.4986
Contrast_loss_cross	: 1.7154
Contrast_loss_intra	: 1.2818
Total_loss	: 3.7866
-------------------------------------
[Epoch : 162/250]
Src_cls_loss	: 0.0354
Trg_cls_loss	: 1.1163
Domain_loss	: 1.2692
Src_task_loss	: 0.3597
class_feature_and_domain_loss	: 2.4097
Trg_MMD_loss	: 2.0500
Contrast_loss	: 1.4986
Contrast_loss_cross	: 1.7154
Contrast_loss_intra	: 1.2818
Total_loss	: 3.7851
-------------------------------------
[Epoch : 163/250]
Src_cls_loss	: 0.0352
Trg_cls_loss	: 1.1157
Domain_loss	: 1.2697
Src_task_loss	: 0.3581
class_feature_and_domain_loss	: 2.4086
Trg_MMD_loss	: 2.0505
Contrast_loss	: 1.4986
Contrast_loss_cross	: 1.7155
Contrast_loss_intra	: 1.2818
Total_loss	: 3.7839
-------------------------------------
[Epoch : 164/250]
Source Domain Train Accuracy: 1.0000
Source Domain Train F1-Score: 1.0000
Target Domain Train Accuracy: 0.8164
Target Domain Train F1-Score: 0.8164
Target Domain Test Accuracy: 0.8699
Target Domain Test F1-Score: 0.8699
Src_cls_loss	: 0.0350
Trg_cls_loss	: 1.1158
Domain_loss	: 1.2702
Src_task_loss	: 0.3566
class_feature_and_domain_loss	: 2.4074
Trg_MMD_loss	: 2.0508
Contrast_loss	: 1.4987
Contrast_loss_cross	: 1.7156
Contrast_loss_intra	: 1.2818
Total_loss	: 3.7825
-------------------------------------
[Epoch : 165/250]
Src_cls_loss	: 0.0348
Trg_cls_loss	: 1.1150
Domain_loss	: 1.2703
Src_task_loss	: 0.3552
class_feature_and_domain_loss	: 2.4061
Trg_MMD_loss	: 2.0510
Contrast_loss	: 1.4987
Contrast_loss_cross	: 1.7156
Contrast_loss_intra	: 1.2818
Total_loss	: 3.7807
-------------------------------------
[Epoch : 166/250]
Src_cls_loss	: 0.0346
Trg_cls_loss	: 1.1149
Domain_loss	: 1.2700
Src_task_loss	: 0.3537
class_feature_and_domain_loss	: 2.4048
Trg_MMD_loss	: 2.0511
Contrast_loss	: 1.4987
Contrast_loss_cross	: 1.7157
Contrast_loss_intra	: 1.2818
Total_loss	: 3.7786
-------------------------------------
[Epoch : 167/250]
Src_cls_loss	: 0.0344
Trg_cls_loss	: 1.1143
Domain_loss	: 1.2698
Src_task_loss	: 0.3523
class_feature_and_domain_loss	: 2.4035
Trg_MMD_loss	: 2.0512
Contrast_loss	: 1.4987
Contrast_loss_cross	: 1.7157
Contrast_loss_intra	: 1.2817
Total_loss	: 3.7764
-------------------------------------
[Epoch : 168/250]
Src_cls_loss	: 0.0342
Trg_cls_loss	: 1.1145
Domain_loss	: 1.2698
Src_task_loss	: 0.3509
class_feature_and_domain_loss	: 2.4023
Trg_MMD_loss	: 2.0514
Contrast_loss	: 1.4988
Contrast_loss_cross	: 1.7158
Contrast_loss_intra	: 1.2818
Total_loss	: 3.7746
-------------------------------------
[Epoch : 169/250]
Source Domain Train Accuracy: 0.9732
Source Domain Train F1-Score: 0.9732
Target Domain Train Accuracy: 0.8203
Target Domain Train F1-Score: 0.8203
Target Domain Test Accuracy: 0.8862
Target Domain Test F1-Score: 0.8862
Src_cls_loss	: 0.0340
Trg_cls_loss	: 1.1139
Domain_loss	: 1.2700
Src_task_loss	: 0.3495
class_feature_and_domain_loss	: 2.4009
Trg_MMD_loss	: 2.0514
Contrast_loss	: 1.4988
Contrast_loss_cross	: 1.7158
Contrast_loss_intra	: 1.2817
Total_loss	: 3.7728
-------------------------------------
[Epoch : 170/250]
Src_cls_loss	: 0.0338
Trg_cls_loss	: 1.1138
Domain_loss	: 1.2705
Src_task_loss	: 0.3481
class_feature_and_domain_loss	: 2.3994
Trg_MMD_loss	: 2.0513
Contrast_loss	: 1.4988
Contrast_loss_cross	: 1.7159
Contrast_loss_intra	: 1.2817
Total_loss	: 3.7712
-------------------------------------
[Epoch : 171/250]
Src_cls_loss	: 0.0336
Trg_cls_loss	: 1.1142
Domain_loss	: 1.2711
Src_task_loss	: 0.3467
class_feature_and_domain_loss	: 2.3981
Trg_MMD_loss	: 2.0514
Contrast_loss	: 1.4988
Contrast_loss_cross	: 1.7159
Contrast_loss_intra	: 1.2817
Total_loss	: 3.7700
-------------------------------------
[Epoch : 172/250]
Src_cls_loss	: 0.0334
Trg_cls_loss	: 1.1141
Domain_loss	: 1.2718
Src_task_loss	: 0.3454
class_feature_and_domain_loss	: 2.3969
Trg_MMD_loss	: 2.0516
Contrast_loss	: 1.4988
Contrast_loss_cross	: 1.7160
Contrast_loss_intra	: 1.2817
Total_loss	: 3.7690
-------------------------------------
[Epoch : 173/250]
Src_cls_loss	: 0.0332
Trg_cls_loss	: 1.1139
Domain_loss	: 1.2722
Src_task_loss	: 0.3441
class_feature_and_domain_loss	: 2.3958
Trg_MMD_loss	: 2.0517
Contrast_loss	: 1.4989
Contrast_loss_cross	: 1.7160
Contrast_loss_intra	: 1.2817
Total_loss	: 3.7676
-------------------------------------
[Epoch : 174/250]
Source Domain Train Accuracy: 0.9821
Source Domain Train F1-Score: 0.9821
Target Domain Train Accuracy: 0.8125
Target Domain Train F1-Score: 0.8125
Target Domain Test Accuracy: 0.8699
Target Domain Test F1-Score: 0.8699
Src_cls_loss	: 0.0330
Trg_cls_loss	: 1.1143
Domain_loss	: 1.2725
Src_task_loss	: 0.3427
class_feature_and_domain_loss	: 2.3946
Trg_MMD_loss	: 2.0519
Contrast_loss	: 1.4989
Contrast_loss_cross	: 1.7161
Contrast_loss_intra	: 1.2817
Total_loss	: 3.7662
-------------------------------------
[Epoch : 175/250]
Src_cls_loss	: 0.0329
Trg_cls_loss	: 1.1149
Domain_loss	: 1.2726
Src_task_loss	: 0.3414
class_feature_and_domain_loss	: 2.3934
Trg_MMD_loss	: 2.0521
Contrast_loss	: 1.4989
Contrast_loss_cross	: 1.7161
Contrast_loss_intra	: 1.2817
Total_loss	: 3.7646
-------------------------------------
[Epoch : 176/250]
Src_cls_loss	: 0.0327
Trg_cls_loss	: 1.1150
Domain_loss	: 1.2728
Src_task_loss	: 0.3400
class_feature_and_domain_loss	: 2.3923
Trg_MMD_loss	: 2.0522
Contrast_loss	: 1.4990
Contrast_loss_cross	: 1.7162
Contrast_loss_intra	: 1.2817
Total_loss	: 3.7631
-------------------------------------
[Epoch : 177/250]
Src_cls_loss	: 0.0325
Trg_cls_loss	: 1.1151
Domain_loss	: 1.2729
Src_task_loss	: 0.3387
class_feature_and_domain_loss	: 2.3910
Trg_MMD_loss	: 2.0523
Contrast_loss	: 1.4990
Contrast_loss_cross	: 1.7162
Contrast_loss_intra	: 1.2818
Total_loss	: 3.7615
-------------------------------------
[Epoch : 178/250]
Src_cls_loss	: 0.0323
Trg_cls_loss	: 1.1152
Domain_loss	: 1.2732
Src_task_loss	: 0.3374
class_feature_and_domain_loss	: 2.3900
Trg_MMD_loss	: 2.0527
Contrast_loss	: 1.4990
Contrast_loss_cross	: 1.7163
Contrast_loss_intra	: 1.2818
Total_loss	: 3.7602
-------------------------------------
[Epoch : 179/250]
Source Domain Train Accuracy: 0.9955
Source Domain Train F1-Score: 0.9955
Target Domain Train Accuracy: 0.8047
Target Domain Train F1-Score: 0.8047
Target Domain Test Accuracy: 0.8699
Target Domain Test F1-Score: 0.8699
Src_cls_loss	: 0.0322
Trg_cls_loss	: 1.1146
Domain_loss	: 1.2734
Src_task_loss	: 0.3361
class_feature_and_domain_loss	: 2.3892
Trg_MMD_loss	: 2.0531
Contrast_loss	: 1.4991
Contrast_loss_cross	: 1.7163
Contrast_loss_intra	: 1.2818
Total_loss	: 3.7591
-------------------------------------
[Epoch : 180/250]
Src_cls_loss	: 0.0320
Trg_cls_loss	: 1.1145
Domain_loss	: 1.2735
Src_task_loss	: 0.3349
class_feature_and_domain_loss	: 2.3883
Trg_MMD_loss	: 2.0534
Contrast_loss	: 1.4991
Contrast_loss_cross	: 1.7164
Contrast_loss_intra	: 1.2818
Total_loss	: 3.7578
-------------------------------------
[Epoch : 181/250]
Src_cls_loss	: 0.0318
Trg_cls_loss	: 1.1145
Domain_loss	: 1.2739
Src_task_loss	: 0.3337
class_feature_and_domain_loss	: 2.3874
Trg_MMD_loss	: 2.0537
Contrast_loss	: 1.4991
Contrast_loss_cross	: 1.7164
Contrast_loss_intra	: 1.2818
Total_loss	: 3.7567
-------------------------------------
[Epoch : 182/250]
Src_cls_loss	: 0.0317
Trg_cls_loss	: 1.1142
Domain_loss	: 1.2742
Src_task_loss	: 0.3324
class_feature_and_domain_loss	: 2.3864
Trg_MMD_loss	: 2.0539
Contrast_loss	: 1.4992
Contrast_loss_cross	: 1.7165
Contrast_loss_intra	: 1.2818
Total_loss	: 3.7555
-------------------------------------
[Epoch : 183/250]
Src_cls_loss	: 0.0315
Trg_cls_loss	: 1.1144
Domain_loss	: 1.2744
Src_task_loss	: 0.3312
class_feature_and_domain_loss	: 2.3856
Trg_MMD_loss	: 2.0544
Contrast_loss	: 1.4992
Contrast_loss_cross	: 1.7165
Contrast_loss_intra	: 1.2819
Total_loss	: 3.7545
-------------------------------------
[Epoch : 184/250]
Source Domain Train Accuracy: 0.9911
Source Domain Train F1-Score: 0.9911
Target Domain Train Accuracy: 0.8203
Target Domain Train F1-Score: 0.8203
Target Domain Test Accuracy: 0.8943
Target Domain Test F1-Score: 0.8943
Src_cls_loss	: 0.0314
Trg_cls_loss	: 1.1142
Domain_loss	: 1.2747
Src_task_loss	: 0.3300
class_feature_and_domain_loss	: 2.3846
Trg_MMD_loss	: 2.0546
Contrast_loss	: 1.4992
Contrast_loss_cross	: 1.7166
Contrast_loss_intra	: 1.2819
Total_loss	: 3.7534
-------------------------------------
[Epoch : 185/250]
Src_cls_loss	: 0.0312
Trg_cls_loss	: 1.1133
Domain_loss	: 1.2750
Src_task_loss	: 0.3288
class_feature_and_domain_loss	: 2.3838
Trg_MMD_loss	: 2.0550
Contrast_loss	: 1.4993
Contrast_loss_cross	: 1.7166
Contrast_loss_intra	: 1.2819
Total_loss	: 3.7524
-------------------------------------
[Epoch : 186/250]
Src_cls_loss	: 0.0310
Trg_cls_loss	: 1.1130
Domain_loss	: 1.2752
Src_task_loss	: 0.3276
class_feature_and_domain_loss	: 2.3827
Trg_MMD_loss	: 2.0551
Contrast_loss	: 1.4993
Contrast_loss_cross	: 1.7167
Contrast_loss_intra	: 1.2819
Total_loss	: 3.7510
-------------------------------------
[Epoch : 187/250]
Src_cls_loss	: 0.0309
Trg_cls_loss	: 1.1128
Domain_loss	: 1.2755
Src_task_loss	: 0.3265
class_feature_and_domain_loss	: 2.3818
Trg_MMD_loss	: 2.0553
Contrast_loss	: 1.4993
Contrast_loss_cross	: 1.7167
Contrast_loss_intra	: 1.2819
Total_loss	: 3.7499
-------------------------------------
[Epoch : 188/250]
Src_cls_loss	: 0.0307
Trg_cls_loss	: 1.1131
Domain_loss	: 1.2759
Src_task_loss	: 0.3253
class_feature_and_domain_loss	: 2.3806
Trg_MMD_loss	: 2.0553
Contrast_loss	: 1.4994
Contrast_loss_cross	: 1.7168
Contrast_loss_intra	: 1.2820
Total_loss	: 3.7486
-------------------------------------
[Epoch : 189/250]
Source Domain Train Accuracy: 0.9955
Source Domain Train F1-Score: 0.9955
Target Domain Train Accuracy: 0.8008
Target Domain Train F1-Score: 0.8008
Target Domain Test Accuracy: 0.8780
Target Domain Test F1-Score: 0.8780
Src_cls_loss	: 0.0305
Trg_cls_loss	: 1.1130
Domain_loss	: 1.2761
Src_task_loss	: 0.3242
class_feature_and_domain_loss	: 2.3794
Trg_MMD_loss	: 2.0553
Contrast_loss	: 1.4994
Contrast_loss_cross	: 1.7168
Contrast_loss_intra	: 1.2820
Total_loss	: 3.7472
-------------------------------------
[Epoch : 190/250]
Src_cls_loss	: 0.0304
Trg_cls_loss	: 1.1126
Domain_loss	: 1.2762
Src_task_loss	: 0.3230
class_feature_and_domain_loss	: 2.3784
Trg_MMD_loss	: 2.0554
Contrast_loss	: 1.4994
Contrast_loss_cross	: 1.7169
Contrast_loss_intra	: 1.2820
Total_loss	: 3.7458
-------------------------------------
[Epoch : 191/250]
Src_cls_loss	: 0.0302
Trg_cls_loss	: 1.1126
Domain_loss	: 1.2764
Src_task_loss	: 0.3219
class_feature_and_domain_loss	: 2.3773
Trg_MMD_loss	: 2.0555
Contrast_loss	: 1.4994
Contrast_loss_cross	: 1.7169
Contrast_loss_intra	: 1.2820
Total_loss	: 3.7444
-------------------------------------
[Epoch : 192/250]
Src_cls_loss	: 0.0301
Trg_cls_loss	: 1.1119
Domain_loss	: 1.2766
Src_task_loss	: 0.3208
class_feature_and_domain_loss	: 2.3761
Trg_MMD_loss	: 2.0553
Contrast_loss	: 1.4995
Contrast_loss_cross	: 1.7170
Contrast_loss_intra	: 1.2820
Total_loss	: 3.7430
-------------------------------------
[Epoch : 193/250]
Src_cls_loss	: 0.0299
Trg_cls_loss	: 1.1120
Domain_loss	: 1.2768
Src_task_loss	: 0.3197
class_feature_and_domain_loss	: 2.3751
Trg_MMD_loss	: 2.0554
Contrast_loss	: 1.4995
Contrast_loss_cross	: 1.7170
Contrast_loss_intra	: 1.2820
Total_loss	: 3.7417
-------------------------------------
[Epoch : 194/250]
Source Domain Train Accuracy: 1.0000
Source Domain Train F1-Score: 1.0000
Target Domain Train Accuracy: 0.8281
Target Domain Train F1-Score: 0.8281
Target Domain Test Accuracy: 0.9024
Target Domain Test F1-Score: 0.9024
Src_cls_loss	: 0.0298
Trg_cls_loss	: 1.1127
Domain_loss	: 1.2770
Src_task_loss	: 0.3185
class_feature_and_domain_loss	: 2.3741
Trg_MMD_loss	: 2.0555
Contrast_loss	: 1.4995
Contrast_loss_cross	: 1.7171
Contrast_loss_intra	: 1.2819
Total_loss	: 3.7405
-------------------------------------
[Epoch : 195/250]
Src_cls_loss	: 0.0296
Trg_cls_loss	: 1.1129
Domain_loss	: 1.2773
Src_task_loss	: 0.3174
class_feature_and_domain_loss	: 2.3733
Trg_MMD_loss	: 2.0559
Contrast_loss	: 1.4995
Contrast_loss_cross	: 1.7171
Contrast_loss_intra	: 1.2819
Total_loss	: 3.7395
-------------------------------------
[Epoch : 196/250]
Src_cls_loss	: 0.0295
Trg_cls_loss	: 1.1131
Domain_loss	: 1.2776
Src_task_loss	: 0.3163
class_feature_and_domain_loss	: 2.3726
Trg_MMD_loss	: 2.0562
Contrast_loss	: 1.4995
Contrast_loss_cross	: 1.7171
Contrast_loss_intra	: 1.2819
Total_loss	: 3.7387
-------------------------------------
[Epoch : 197/250]
Src_cls_loss	: 0.0293
Trg_cls_loss	: 1.1133
Domain_loss	: 1.2780
Src_task_loss	: 0.3153
class_feature_and_domain_loss	: 2.3718
Trg_MMD_loss	: 2.0566
Contrast_loss	: 1.4996
Contrast_loss_cross	: 1.7172
Contrast_loss_intra	: 1.2819
Total_loss	: 3.7379
-------------------------------------
[Epoch : 198/250]
Src_cls_loss	: 0.0292
Trg_cls_loss	: 1.1131
Domain_loss	: 1.2784
Src_task_loss	: 0.3142
class_feature_and_domain_loss	: 2.3711
Trg_MMD_loss	: 2.0569
Contrast_loss	: 1.4996
Contrast_loss_cross	: 1.7172
Contrast_loss_intra	: 1.2819
Total_loss	: 3.7371
-------------------------------------
[Epoch : 199/250]
Source Domain Train Accuracy: 1.0000
Source Domain Train F1-Score: 1.0000
Target Domain Train Accuracy: 0.8164
Target Domain Train F1-Score: 0.8164
Target Domain Test Accuracy: 0.8862
Target Domain Test F1-Score: 0.8862
Src_cls_loss	: 0.0291
Trg_cls_loss	: 1.1135
Domain_loss	: 1.2786
Src_task_loss	: 0.3131
class_feature_and_domain_loss	: 2.3705
Trg_MMD_loss	: 2.0574
Contrast_loss	: 1.4996
Contrast_loss_cross	: 1.7173
Contrast_loss_intra	: 1.2819
Total_loss	: 3.7362
-------------------------------------
[Epoch : 200/250]
Src_cls_loss	: 0.0289
Trg_cls_loss	: 1.1141
Domain_loss	: 1.2787
Src_task_loss	: 0.3121
class_feature_and_domain_loss	: 2.3700
Trg_MMD_loss	: 2.0578
Contrast_loss	: 1.4996
Contrast_loss_cross	: 1.7173
Contrast_loss_intra	: 1.2819
Total_loss	: 3.7355
-------------------------------------
[Epoch : 201/250]
Src_cls_loss	: 0.0288
Trg_cls_loss	: 1.1146
Domain_loss	: 1.2789
Src_task_loss	: 0.3111
class_feature_and_domain_loss	: 2.3692
Trg_MMD_loss	: 2.0581
Contrast_loss	: 1.4996
Contrast_loss_cross	: 1.7174
Contrast_loss_intra	: 1.2819
Total_loss	: 3.7344
-------------------------------------
[Epoch : 202/250]
Src_cls_loss	: 0.0286
Trg_cls_loss	: 1.1152
Domain_loss	: 1.2791
Src_task_loss	: 0.3101
class_feature_and_domain_loss	: 2.3684
Trg_MMD_loss	: 2.0583
Contrast_loss	: 1.4996
Contrast_loss_cross	: 1.7174
Contrast_loss_intra	: 1.2819
Total_loss	: 3.7334
-------------------------------------
[Epoch : 203/250]
Src_cls_loss	: 0.0285
Trg_cls_loss	: 1.1158
Domain_loss	: 1.2795
Src_task_loss	: 0.3090
class_feature_and_domain_loss	: 2.3676
Trg_MMD_loss	: 2.0586
Contrast_loss	: 1.4997
Contrast_loss_cross	: 1.7175
Contrast_loss_intra	: 1.2819
Total_loss	: 3.7326
-------------------------------------
[Epoch : 204/250]
Source Domain Train Accuracy: 0.9955
Source Domain Train F1-Score: 0.9955
Target Domain Train Accuracy: 0.8086
Target Domain Train F1-Score: 0.8086
Target Domain Test Accuracy: 0.8943
Target Domain Test F1-Score: 0.8943
Src_cls_loss	: 0.0284
Trg_cls_loss	: 1.1166
Domain_loss	: 1.2796
Src_task_loss	: 0.3080
class_feature_and_domain_loss	: 2.3668
Trg_MMD_loss	: 2.0587
Contrast_loss	: 1.4997
Contrast_loss_cross	: 1.7175
Contrast_loss_intra	: 1.2819
Total_loss	: 3.7315
-------------------------------------
[Epoch : 205/250]
Src_cls_loss	: 0.0282
Trg_cls_loss	: 1.1168
Domain_loss	: 1.2798
Src_task_loss	: 0.3070
class_feature_and_domain_loss	: 2.3661
Trg_MMD_loss	: 2.0591
Contrast_loss	: 1.4997
Contrast_loss_cross	: 1.7176
Contrast_loss_intra	: 1.2819
Total_loss	: 3.7306
-------------------------------------
[Epoch : 206/250]
Src_cls_loss	: 0.0281
Trg_cls_loss	: 1.1172
Domain_loss	: 1.2800
Src_task_loss	: 0.3061
class_feature_and_domain_loss	: 2.3653
Trg_MMD_loss	: 2.0593
Contrast_loss	: 1.4998
Contrast_loss_cross	: 1.7176
Contrast_loss_intra	: 1.2819
Total_loss	: 3.7297
-------------------------------------
[Epoch : 207/250]
Src_cls_loss	: 0.0280
Trg_cls_loss	: 1.1179
Domain_loss	: 1.2802
Src_task_loss	: 0.3051
class_feature_and_domain_loss	: 2.3644
Trg_MMD_loss	: 2.0594
Contrast_loss	: 1.4998
Contrast_loss_cross	: 1.7176
Contrast_loss_intra	: 1.2820
Total_loss	: 3.7285
-------------------------------------
[Epoch : 208/250]
Src_cls_loss	: nan
Trg_cls_loss	: nan
Domain_loss	: nan
Src_task_loss	: nan
class_feature_and_domain_loss	: nan
Trg_MMD_loss	: nan
Contrast_loss	: nan
Contrast_loss_cross	: nan
Contrast_loss_intra	: nan
Total_loss	: nan
-------------------------------------
[Epoch : 209/250]
Source Domain Train Accuracy: 0.1518
Source Domain Train F1-Score: 0.1518
Target Domain Train Accuracy: 0.1914
Target Domain Train F1-Score: 0.1914
Target Domain Test Accuracy: 0.1789
Target Domain Test F1-Score: 0.1789
Src_cls_loss	: nan
Trg_cls_loss	: nan
Domain_loss	: nan
Src_task_loss	: nan
class_feature_and_domain_loss	: nan
Trg_MMD_loss	: nan
Contrast_loss	: nan
Contrast_loss_cross	: nan
Contrast_loss_intra	: nan
Total_loss	: nan
-------------------------------------
[Epoch : 210/250]
Src_cls_loss	: nan
Trg_cls_loss	: nan
Domain_loss	: nan
Src_task_loss	: nan
class_feature_and_domain_loss	: nan
Trg_MMD_loss	: nan
Contrast_loss	: nan
Contrast_loss_cross	: nan
Contrast_loss_intra	: nan
Total_loss	: nan
-------------------------------------
[Epoch : 211/250]
Src_cls_loss	: nan
Trg_cls_loss	: nan
Domain_loss	: nan
Src_task_loss	: nan
class_feature_and_domain_loss	: nan
Trg_MMD_loss	: nan
Contrast_loss	: nan
Contrast_loss_cross	: nan
Contrast_loss_intra	: nan
Total_loss	: nan
-------------------------------------
[Epoch : 212/250]
Src_cls_loss	: nan
Trg_cls_loss	: nan
Domain_loss	: nan
Src_task_loss	: nan
class_feature_and_domain_loss	: nan
Trg_MMD_loss	: nan
Contrast_loss	: nan
Contrast_loss_cross	: nan
Contrast_loss_intra	: nan
Total_loss	: nan
-------------------------------------
[Epoch : 213/250]
Src_cls_loss	: nan
Trg_cls_loss	: nan
Domain_loss	: nan
Src_task_loss	: nan
class_feature_and_domain_loss	: nan
Trg_MMD_loss	: nan
Contrast_loss	: nan
Contrast_loss_cross	: nan
Contrast_loss_intra	: nan
Total_loss	: nan
-------------------------------------
[Epoch : 214/250]
Source Domain Train Accuracy: 0.1562
Source Domain Train F1-Score: 0.1562
Target Domain Train Accuracy: 0.1875
Target Domain Train F1-Score: 0.1875
Target Domain Test Accuracy: 0.1789
Target Domain Test F1-Score: 0.1789
Src_cls_loss	: nan
Trg_cls_loss	: nan
Domain_loss	: nan
Src_task_loss	: nan
class_feature_and_domain_loss	: nan
Trg_MMD_loss	: nan
Contrast_loss	: nan
Contrast_loss_cross	: nan
Contrast_loss_intra	: nan
Total_loss	: nan
-------------------------------------
[Epoch : 215/250]
Src_cls_loss	: nan
Trg_cls_loss	: nan
Domain_loss	: nan
Src_task_loss	: nan
class_feature_and_domain_loss	: nan
Trg_MMD_loss	: nan
Contrast_loss	: nan
Contrast_loss_cross	: nan
Contrast_loss_intra	: nan
Total_loss	: nan
-------------------------------------
[Epoch : 216/250]
Src_cls_loss	: nan
Trg_cls_loss	: nan
Domain_loss	: nan
Src_task_loss	: nan
class_feature_and_domain_loss	: nan
Trg_MMD_loss	: nan
Contrast_loss	: nan
Contrast_loss_cross	: nan
Contrast_loss_intra	: nan
Total_loss	: nan
-------------------------------------
[Epoch : 217/250]
Src_cls_loss	: nan
Trg_cls_loss	: nan
Domain_loss	: nan
Src_task_loss	: nan
class_feature_and_domain_loss	: nan
Trg_MMD_loss	: nan
Contrast_loss	: nan
Contrast_loss_cross	: nan
Contrast_loss_intra	: nan
Total_loss	: nan
-------------------------------------
[Epoch : 218/250]
Src_cls_loss	: nan
Trg_cls_loss	: nan
Domain_loss	: nan
Src_task_loss	: nan
class_feature_and_domain_loss	: nan
Trg_MMD_loss	: nan
Contrast_loss	: nan
Contrast_loss_cross	: nan
Contrast_loss_intra	: nan
Total_loss	: nan
-------------------------------------
[Epoch : 219/250]
Source Domain Train Accuracy: 0.1562
Source Domain Train F1-Score: 0.1562
Target Domain Train Accuracy: 0.1914
Target Domain Train F1-Score: 0.1914
Target Domain Test Accuracy: 0.1789
Target Domain Test F1-Score: 0.1789
Src_cls_loss	: nan
Trg_cls_loss	: nan
Domain_loss	: nan
Src_task_loss	: nan
class_feature_and_domain_loss	: nan
Trg_MMD_loss	: nan
Contrast_loss	: nan
Contrast_loss_cross	: nan
Contrast_loss_intra	: nan
Total_loss	: nan
-------------------------------------
[Epoch : 220/250]
Src_cls_loss	: nan
Trg_cls_loss	: nan
Domain_loss	: nan
Src_task_loss	: nan
class_feature_and_domain_loss	: nan
Trg_MMD_loss	: nan
Contrast_loss	: nan
Contrast_loss_cross	: nan
Contrast_loss_intra	: nan
Total_loss	: nan
-------------------------------------
[Epoch : 221/250]
Src_cls_loss	: nan
Trg_cls_loss	: nan
Domain_loss	: nan
Src_task_loss	: nan
class_feature_and_domain_loss	: nan
Trg_MMD_loss	: nan
Contrast_loss	: nan
Contrast_loss_cross	: nan
Contrast_loss_intra	: nan
Total_loss	: nan
-------------------------------------
[Epoch : 222/250]
Src_cls_loss	: nan
Trg_cls_loss	: nan
Domain_loss	: nan
Src_task_loss	: nan
class_feature_and_domain_loss	: nan
Trg_MMD_loss	: nan
Contrast_loss	: nan
Contrast_loss_cross	: nan
Contrast_loss_intra	: nan
Total_loss	: nan
-------------------------------------
[Epoch : 223/250]
Src_cls_loss	: nan
Trg_cls_loss	: nan
Domain_loss	: nan
Src_task_loss	: nan
class_feature_and_domain_loss	: nan
Trg_MMD_loss	: nan
Contrast_loss	: nan
Contrast_loss_cross	: nan
Contrast_loss_intra	: nan
Total_loss	: nan
-------------------------------------
[Epoch : 224/250]
Source Domain Train Accuracy: 0.1339
Source Domain Train F1-Score: 0.1339
Target Domain Train Accuracy: 0.1875
Target Domain Train F1-Score: 0.1875
Target Domain Test Accuracy: 0.1789
Target Domain Test F1-Score: 0.1789
Src_cls_loss	: nan
Trg_cls_loss	: nan
Domain_loss	: nan
Src_task_loss	: nan
class_feature_and_domain_loss	: nan
Trg_MMD_loss	: nan
Contrast_loss	: nan
Contrast_loss_cross	: nan
Contrast_loss_intra	: nan
Total_loss	: nan
-------------------------------------
[Epoch : 225/250]
Src_cls_loss	: nan
Trg_cls_loss	: nan
Domain_loss	: nan
Src_task_loss	: nan
class_feature_and_domain_loss	: nan
Trg_MMD_loss	: nan
Contrast_loss	: nan
Contrast_loss_cross	: nan
Contrast_loss_intra	: nan
Total_loss	: nan
-------------------------------------
[Epoch : 226/250]
Src_cls_loss	: nan
Trg_cls_loss	: nan
Domain_loss	: nan
Src_task_loss	: nan
class_feature_and_domain_loss	: nan
Trg_MMD_loss	: nan
Contrast_loss	: nan
Contrast_loss_cross	: nan
Contrast_loss_intra	: nan
Total_loss	: nan
-------------------------------------
[Epoch : 227/250]
Src_cls_loss	: nan
Trg_cls_loss	: nan
Domain_loss	: nan
Src_task_loss	: nan
class_feature_and_domain_loss	: nan
Trg_MMD_loss	: nan
Contrast_loss	: nan
Contrast_loss_cross	: nan
Contrast_loss_intra	: nan
Total_loss	: nan
-------------------------------------
[Epoch : 228/250]
Src_cls_loss	: nan
Trg_cls_loss	: nan
Domain_loss	: nan
Src_task_loss	: nan
class_feature_and_domain_loss	: nan
Trg_MMD_loss	: nan
Contrast_loss	: nan
Contrast_loss_cross	: nan
Contrast_loss_intra	: nan
Total_loss	: nan
-------------------------------------
[Epoch : 229/250]
Source Domain Train Accuracy: 0.1473
Source Domain Train F1-Score: 0.1473
Target Domain Train Accuracy: 0.1758
Target Domain Train F1-Score: 0.1758
Target Domain Test Accuracy: 0.1789
Target Domain Test F1-Score: 0.1789
Src_cls_loss	: nan
Trg_cls_loss	: nan
Domain_loss	: nan
Src_task_loss	: nan
class_feature_and_domain_loss	: nan
Trg_MMD_loss	: nan
Contrast_loss	: nan
Contrast_loss_cross	: nan
Contrast_loss_intra	: nan
Total_loss	: nan
-------------------------------------
[Epoch : 230/250]
Src_cls_loss	: nan
Trg_cls_loss	: nan
Domain_loss	: nan
Src_task_loss	: nan
class_feature_and_domain_loss	: nan
Trg_MMD_loss	: nan
Contrast_loss	: nan
Contrast_loss_cross	: nan
Contrast_loss_intra	: nan
Total_loss	: nan
-------------------------------------
[Epoch : 231/250]
Src_cls_loss	: nan
Trg_cls_loss	: nan
Domain_loss	: nan
Src_task_loss	: nan
class_feature_and_domain_loss	: nan
Trg_MMD_loss	: nan
Contrast_loss	: nan
Contrast_loss_cross	: nan
Contrast_loss_intra	: nan
Total_loss	: nan
-------------------------------------
[Epoch : 232/250]
Src_cls_loss	: nan
Trg_cls_loss	: nan
Domain_loss	: nan
Src_task_loss	: nan
class_feature_and_domain_loss	: nan
Trg_MMD_loss	: nan
Contrast_loss	: nan
Contrast_loss_cross	: nan
Contrast_loss_intra	: nan
Total_loss	: nan
-------------------------------------
[Epoch : 233/250]
Src_cls_loss	: nan
Trg_cls_loss	: nan
Domain_loss	: nan
Src_task_loss	: nan
class_feature_and_domain_loss	: nan
Trg_MMD_loss	: nan
Contrast_loss	: nan
Contrast_loss_cross	: nan
Contrast_loss_intra	: nan
Total_loss	: nan
-------------------------------------
[Epoch : 234/250]
Source Domain Train Accuracy: 0.1384
Source Domain Train F1-Score: 0.1384
Target Domain Train Accuracy: 0.1797
Target Domain Train F1-Score: 0.1797
