=============================================
Dataset: HAR
Method:  TALA
=============================================
Source: 19 ---> Target: 25
Run ID: 0
=============================================
[Epoch : 1/250]
Src_cls_loss	: 1.1687
Trg_cls_loss	: 1.2486
Domain_loss	: 1.2992
Src_task_loss	: 1.7923
class_feature_and_domain_loss	: 4.2995
Trg_MMD_loss	: 2.5072
Contrast_loss	: 3.1891
Contrast_loss_cross	: 3.5425
Contrast_loss_intra	: 2.8357
Total_loss	: 9.1047
-------------------------------------
[Epoch : 2/250]
Src_cls_loss	: 0.8911
Trg_cls_loss	: 1.0656
Domain_loss	: 1.0946
Src_task_loss	: 1.7763
class_feature_and_domain_loss	: 4.2002
Trg_MMD_loss	: 2.4239
Contrast_loss	: 3.1703
Contrast_loss_cross	: 3.5408
Contrast_loss_intra	: 2.7998
Total_loss	: 7.9681
-------------------------------------
[Epoch : 3/250]
Src_cls_loss	: 0.7744
Trg_cls_loss	: 1.0064
Domain_loss	: 0.8960
Src_task_loss	: 1.7526
class_feature_and_domain_loss	: 4.1956
Trg_MMD_loss	: 2.4430
Contrast_loss	: 3.1441
Contrast_loss_cross	: 3.5427
Contrast_loss_intra	: 2.7455
Total_loss	: 7.4149
-------------------------------------
[Epoch : 4/250]
Source Domain Train Accuracy: 0.6652
Source Domain Train F1-Score: 0.6652
Target Domain Train Accuracy: 0.4883
Target Domain Train F1-Score: 0.4883
Target Domain Test Accuracy: 0.4797
Target Domain Test F1-Score: 0.4797
Src_cls_loss	: 0.7099
Trg_cls_loss	: 0.9814
Domain_loss	: 0.7712
Src_task_loss	: 1.7328
class_feature_and_domain_loss	: 4.2548
Trg_MMD_loss	: 2.5220
Contrast_loss	: 3.1181
Contrast_loss_cross	: 3.5350
Contrast_loss_intra	: 2.7013
Total_loss	: 7.1557
-------------------------------------
[Epoch : 5/250]
Src_cls_loss	: 0.6677
Trg_cls_loss	: 0.9518
Domain_loss	: 0.6996
Src_task_loss	: 1.7119
class_feature_and_domain_loss	: 4.2672
Trg_MMD_loss	: 2.5554
Contrast_loss	: 3.1046
Contrast_loss_cross	: 3.5228
Contrast_loss_intra	: 2.6863
Total_loss	: 6.9700
-------------------------------------
[Epoch : 6/250]
Src_cls_loss	: 0.6538
Trg_cls_loss	: 0.9150
Domain_loss	: 0.6741
Src_task_loss	: 1.6947
class_feature_and_domain_loss	: 4.3032
Trg_MMD_loss	: 2.6085
Contrast_loss	: 3.1004
Contrast_loss_cross	: 3.5082
Contrast_loss_intra	: 2.6925
Total_loss	: 6.9387
-------------------------------------
[Epoch : 7/250]
Src_cls_loss	: 0.6088
Trg_cls_loss	: 0.8813
Domain_loss	: 0.6776
Src_task_loss	: 1.6726
class_feature_and_domain_loss	: 4.2874
Trg_MMD_loss	: 2.6148
Contrast_loss	: 3.0857
Contrast_loss_cross	: 3.4939
Contrast_loss_intra	: 2.6774
Total_loss	: 6.7915
-------------------------------------
[Epoch : 8/250]
Src_cls_loss	: 0.5646
Trg_cls_loss	: 0.8495
Domain_loss	: 0.7023
Src_task_loss	: 1.6472
class_feature_and_domain_loss	: 4.2319
Trg_MMD_loss	: 2.5847
Contrast_loss	: 3.0708
Contrast_loss_cross	: 3.4805
Contrast_loss_intra	: 2.6611
Total_loss	: 6.6279
-------------------------------------
[Epoch : 9/250]
Source Domain Train Accuracy: 0.9375
Source Domain Train F1-Score: 0.9375
Target Domain Train Accuracy: 0.5508
Target Domain Train F1-Score: 0.5508
Target Domain Test Accuracy: 0.6504
Target Domain Test F1-Score: 0.6504
Src_cls_loss	: 0.5320
Trg_cls_loss	: 0.8329
Domain_loss	: 0.7415
Src_task_loss	: 1.6172
class_feature_and_domain_loss	: 4.1539
Trg_MMD_loss	: 2.5366
Contrast_loss	: 3.0600
Contrast_loss_cross	: 3.4684
Contrast_loss_intra	: 2.6516
Total_loss	: 6.4914
-------------------------------------
[Epoch : 10/250]
Src_cls_loss	: 0.4987
Trg_cls_loss	: 0.8158
Domain_loss	: 0.7895
Src_task_loss	: 1.5826
class_feature_and_domain_loss	: 4.0641
Trg_MMD_loss	: 2.4815
Contrast_loss	: 3.0517
Contrast_loss_cross	: 3.4575
Contrast_loss_intra	: 2.6459
Total_loss	: 6.3498
-------------------------------------
[Epoch : 11/250]
Src_cls_loss	: 0.4719
Trg_cls_loss	: 0.8019
Domain_loss	: 0.8435
Src_task_loss	: 1.5480
class_feature_and_domain_loss	: 3.9864
Trg_MMD_loss	: 2.4384
Contrast_loss	: 3.0497
Contrast_loss_cross	: 3.4496
Contrast_loss_intra	: 2.6497
Total_loss	: 6.2456
-------------------------------------
[Epoch : 12/250]
Src_cls_loss	: 0.4415
Trg_cls_loss	: 0.7895
Domain_loss	: 0.8750
Src_task_loss	: 1.5141
class_feature_and_domain_loss	: 3.9072
Trg_MMD_loss	: 2.3931
Contrast_loss	: 3.0450
Contrast_loss_cross	: 3.4441
Contrast_loss_intra	: 2.6459
Total_loss	: 6.1068
-------------------------------------
[Epoch : 13/250]
Src_cls_loss	: 0.4167
Trg_cls_loss	: 0.7886
Domain_loss	: 0.8976
Src_task_loss	: 1.4825
class_feature_and_domain_loss	: 3.8500
Trg_MMD_loss	: 2.3676
Contrast_loss	: 3.0445
Contrast_loss_cross	: 3.4394
Contrast_loss_intra	: 2.6497
Total_loss	: 5.9976
-------------------------------------
[Epoch : 14/250]
Source Domain Train Accuracy: 0.9152
Source Domain Train F1-Score: 0.9152
Target Domain Train Accuracy: 0.6602
Target Domain Train F1-Score: 0.6602
Target Domain Test Accuracy: 0.7236
Target Domain Test F1-Score: 0.7236
Src_cls_loss	: 0.3936
Trg_cls_loss	: 0.7834
Domain_loss	: 0.9384
Src_task_loss	: 1.4493
class_feature_and_domain_loss	: 3.7772
Trg_MMD_loss	: 2.3280
Contrast_loss	: 3.0447
Contrast_loss_cross	: 3.4344
Contrast_loss_intra	: 2.6551
Total_loss	: 5.8965
-------------------------------------
[Epoch : 15/250]
Src_cls_loss	: 0.3720
Trg_cls_loss	: 0.7877
Domain_loss	: 0.9664
Src_task_loss	: 1.4160
class_feature_and_domain_loss	: 3.7141
Trg_MMD_loss	: 2.2982
Contrast_loss	: 3.0427
Contrast_loss_cross	: 3.4302
Contrast_loss_intra	: 2.6552
Total_loss	: 5.7965
-------------------------------------
[Epoch : 16/250]
Src_cls_loss	: 0.3543
Trg_cls_loss	: 0.7885
Domain_loss	: 0.9787
Src_task_loss	: 1.3847
class_feature_and_domain_loss	: 3.6503
Trg_MMD_loss	: 2.2656
Contrast_loss	: 3.0458
Contrast_loss_cross	: 3.4270
Contrast_loss_intra	: 2.6647
Total_loss	: 5.6920
-------------------------------------
[Epoch : 17/250]
Src_cls_loss	: 0.3402
Trg_cls_loss	: 0.7754
Domain_loss	: 0.9944
Src_task_loss	: 1.3549
class_feature_and_domain_loss	: 3.5882
Trg_MMD_loss	: 2.2333
Contrast_loss	: 3.0461
Contrast_loss_cross	: 3.4244
Contrast_loss_intra	: 2.6679
Total_loss	: 5.6031
-------------------------------------
[Epoch : 18/250]
Src_cls_loss	: 0.3286
Trg_cls_loss	: 0.7917
Domain_loss	: 1.0167
Src_task_loss	: 1.3265
class_feature_and_domain_loss	: 3.5464
Trg_MMD_loss	: 2.2199
Contrast_loss	: 3.0467
Contrast_loss_cross	: 3.4223
Contrast_loss_intra	: 2.6711
Total_loss	: 5.5489
-------------------------------------
[Epoch : 19/250]
Source Domain Train Accuracy: 0.8571
Source Domain Train F1-Score: 0.8571
Target Domain Train Accuracy: 0.7227
Target Domain Train F1-Score: 0.7227
Target Domain Test Accuracy: 0.7805
Target Domain Test F1-Score: 0.7805
Src_cls_loss	: 0.3179
Trg_cls_loss	: 0.8005
Domain_loss	: 1.0257
Src_task_loss	: 1.2997
class_feature_and_domain_loss	: 3.5115
Trg_MMD_loss	: 2.2118
Contrast_loss	: 3.0479
Contrast_loss_cross	: 3.4202
Contrast_loss_intra	: 2.6755
Total_loss	: 5.4911
-------------------------------------
[Epoch : 20/250]
Src_cls_loss	: 0.3048
Trg_cls_loss	: 0.8247
Domain_loss	: 1.0321
Src_task_loss	: 1.2727
class_feature_and_domain_loss	: 3.4641
Trg_MMD_loss	: 2.1914
Contrast_loss	: 3.0439
Contrast_loss_cross	: 3.4184
Contrast_loss_intra	: 2.6694
Total_loss	: 5.4106
-------------------------------------
[Epoch : 21/250]
Src_cls_loss	: 0.2919
Trg_cls_loss	: 0.8394
Domain_loss	: 1.0429
Src_task_loss	: 1.2470
class_feature_and_domain_loss	: 3.4155
Trg_MMD_loss	: 2.1684
Contrast_loss	: 3.0416
Contrast_loss_cross	: 3.4162
Contrast_loss_intra	: 2.6670
Total_loss	: 5.3340
-------------------------------------
[Epoch : 22/250]
Src_cls_loss	: 0.2804
Trg_cls_loss	: 0.8510
Domain_loss	: 1.0542
Src_task_loss	: 1.2222
class_feature_and_domain_loss	: 3.3760
Trg_MMD_loss	: 2.1538
Contrast_loss	: 3.0427
Contrast_loss_cross	: 3.4146
Contrast_loss_intra	: 2.6708
Total_loss	: 5.2716
-------------------------------------
[Epoch : 23/250]
Src_cls_loss	: 0.2702
Trg_cls_loss	: 0.8656
Domain_loss	: 1.0662
Src_task_loss	: 1.1983
class_feature_and_domain_loss	: 3.3387
Trg_MMD_loss	: 2.1404
Contrast_loss	: 3.0434
Contrast_loss_cross	: 3.4133
Contrast_loss_intra	: 2.6736
Total_loss	: 5.2156
-------------------------------------
[Epoch : 24/250]
Source Domain Train Accuracy: 0.9911
Source Domain Train F1-Score: 0.9911
Target Domain Train Accuracy: 0.7383
Target Domain Train F1-Score: 0.7383
Target Domain Test Accuracy: 0.7724
Target Domain Test F1-Score: 0.7724
Src_cls_loss	: 0.2601
Trg_cls_loss	: 0.8749
Domain_loss	: 1.0882
Src_task_loss	: 1.1762
class_feature_and_domain_loss	: 3.3134
Trg_MMD_loss	: 2.1372
Contrast_loss	: 3.0441
Contrast_loss_cross	: 3.4119
Contrast_loss_intra	: 2.6764
Total_loss	: 5.1818
-------------------------------------
[Epoch : 25/250]
Src_cls_loss	: 0.2503
Trg_cls_loss	: 0.8737
Domain_loss	: 1.1008
Src_task_loss	: 1.1541
class_feature_and_domain_loss	: 3.2897
Trg_MMD_loss	: 2.1356
Contrast_loss	: 3.0437
Contrast_loss_cross	: 3.4107
Contrast_loss_intra	: 2.6766
Total_loss	: 5.1413
-------------------------------------
[Epoch : 26/250]
Src_cls_loss	: 0.2412
Trg_cls_loss	: 0.8734
Domain_loss	: 1.1061
Src_task_loss	: 1.1325
class_feature_and_domain_loss	: 3.2624
Trg_MMD_loss	: 2.1299
Contrast_loss	: 3.0417
Contrast_loss_cross	: 3.4094
Contrast_loss_intra	: 2.6740
Total_loss	: 5.0920
-------------------------------------
[Epoch : 27/250]
Src_cls_loss	: 0.2327
Trg_cls_loss	: 0.8700
Domain_loss	: 1.1132
Src_task_loss	: 1.1120
class_feature_and_domain_loss	: 3.2258
Trg_MMD_loss	: 2.1139
Contrast_loss	: 3.0409
Contrast_loss_cross	: 3.4083
Contrast_loss_intra	: 2.6735
Total_loss	: 5.0372
-------------------------------------
[Epoch : 28/250]
Src_cls_loss	: 0.2260
Trg_cls_loss	: 0.8659
Domain_loss	: 1.1186
Src_task_loss	: 1.0926
class_feature_and_domain_loss	: 3.1897
Trg_MMD_loss	: 2.0972
Contrast_loss	: 3.0401
Contrast_loss_cross	: 3.4076
Contrast_loss_intra	: 2.6726
Total_loss	: 4.9864
-------------------------------------
[Epoch : 29/250]
Source Domain Train Accuracy: 0.9821
Source Domain Train F1-Score: 0.9821
Target Domain Train Accuracy: 0.8438
Target Domain Train F1-Score: 0.8438
Target Domain Test Accuracy: 0.9268
Target Domain Test F1-Score: 0.9268
Src_cls_loss	: 0.2191
Trg_cls_loss	: 0.8662
Domain_loss	: 1.1272
Src_task_loss	: 1.0739
class_feature_and_domain_loss	: 3.1565
Trg_MMD_loss	: 2.0826
Contrast_loss	: 3.0408
Contrast_loss_cross	: 3.4068
Contrast_loss_intra	: 2.6748
Total_loss	: 4.9409
-------------------------------------
[Epoch : 30/250]
Src_cls_loss	: 0.2127
Trg_cls_loss	: 0.8697
Domain_loss	: 1.1322
Src_task_loss	: 1.0561
class_feature_and_domain_loss	: 3.1315
Trg_MMD_loss	: 2.0754
Contrast_loss	: 3.0405
Contrast_loss_cross	: 3.4060
Contrast_loss_intra	: 2.6751
Total_loss	: 4.9017
-------------------------------------
[Epoch : 31/250]
Src_cls_loss	: 0.2066
Trg_cls_loss	: 0.8708
Domain_loss	: 1.1387
Src_task_loss	: 1.0392
class_feature_and_domain_loss	: 3.1092
Trg_MMD_loss	: 2.0700
Contrast_loss	: 3.0407
Contrast_loss_cross	: 3.4053
Contrast_loss_intra	: 2.6762
Total_loss	: 4.8678
-------------------------------------
[Epoch : 32/250]
Src_cls_loss	: 0.2009
Trg_cls_loss	: 0.8774
Domain_loss	: 1.1442
Src_task_loss	: 1.0227
class_feature_and_domain_loss	: 3.0840
Trg_MMD_loss	: 2.0613
Contrast_loss	: 3.0402
Contrast_loss_cross	: 3.4048
Contrast_loss_intra	: 2.6757
Total_loss	: 4.8310
-------------------------------------
[Epoch : 33/250]
Src_cls_loss	: 0.1955
Trg_cls_loss	: 0.8813
Domain_loss	: 1.1464
Src_task_loss	: 1.0063
class_feature_and_domain_loss	: 3.0586
Trg_MMD_loss	: 2.0524
Contrast_loss	: 3.0390
Contrast_loss_cross	: 3.4042
Contrast_loss_intra	: 2.6737
Total_loss	: 4.7916
-------------------------------------
[Epoch : 34/250]
Source Domain Train Accuracy: 1.0000
Source Domain Train F1-Score: 1.0000
Target Domain Train Accuracy: 0.7578
Target Domain Train F1-Score: 0.7578
Target Domain Test Accuracy: 0.7967
Target Domain Test F1-Score: 0.7967
Src_cls_loss	: 0.1901
Trg_cls_loss	: 0.8817
Domain_loss	: 1.1522
Src_task_loss	: 0.9904
class_feature_and_domain_loss	: 3.0271
Trg_MMD_loss	: 2.0367
Contrast_loss	: 3.0385
Contrast_loss_cross	: 3.4038
Contrast_loss_intra	: 2.6731
Total_loss	: 4.7495
-------------------------------------
[Epoch : 35/250]
Src_cls_loss	: 0.1851
Trg_cls_loss	: 0.8830
Domain_loss	: 1.1628
Src_task_loss	: 0.9752
class_feature_and_domain_loss	: 2.9994
Trg_MMD_loss	: 2.0243
Contrast_loss	: 3.0375
Contrast_loss_cross	: 3.4033
Contrast_loss_intra	: 2.6717
Total_loss	: 4.7176
-------------------------------------
[Epoch : 36/250]
Src_cls_loss	: 0.1803
Trg_cls_loss	: 0.8795
Domain_loss	: 1.1680
Src_task_loss	: 0.9599
class_feature_and_domain_loss	: 2.9701
Trg_MMD_loss	: 2.0102
Contrast_loss	: 3.0366
Contrast_loss_cross	: 3.4028
Contrast_loss_intra	: 2.6704
Total_loss	: 4.6791
-------------------------------------
[Epoch : 37/250]
Src_cls_loss	: 0.1763
Trg_cls_loss	: 0.8787
Domain_loss	: 1.1670
Src_task_loss	: 0.9454
class_feature_and_domain_loss	: 2.9396
Trg_MMD_loss	: 1.9942
Contrast_loss	: 3.0401
Contrast_loss_cross	: 3.4024
Contrast_loss_intra	: 2.6778
Total_loss	: 4.6356
-------------------------------------
[Epoch : 38/250]
Src_cls_loss	: 0.1723
Trg_cls_loss	: 0.8862
Domain_loss	: 1.1660
Src_task_loss	: 0.9310
class_feature_and_domain_loss	: 2.9071
Trg_MMD_loss	: 1.9761
Contrast_loss	: 3.0405
Contrast_loss_cross	: 3.4020
Contrast_loss_intra	: 2.6789
Total_loss	: 4.5899
-------------------------------------
[Epoch : 39/250]
Source Domain Train Accuracy: 0.9196
Source Domain Train F1-Score: 0.9196
Target Domain Train Accuracy: 0.6914
Target Domain Train F1-Score: 0.6914
Target Domain Test Accuracy: 0.7236
Target Domain Test F1-Score: 0.7236
Src_cls_loss	: 0.1685
Trg_cls_loss	: 0.8843
Domain_loss	: 1.1692
Src_task_loss	: 0.9171
class_feature_and_domain_loss	: 2.8791
Trg_MMD_loss	: 1.9620
Contrast_loss	: 3.0410
Contrast_loss_cross	: 3.4019
Contrast_loss_intra	: 2.6802
Total_loss	: 4.5538
-------------------------------------
[Epoch : 40/250]
Src_cls_loss	: 0.1648
Trg_cls_loss	: 0.8855
Domain_loss	: 1.1748
Src_task_loss	: 0.9041
class_feature_and_domain_loss	: 2.8594
Trg_MMD_loss	: 1.9553
Contrast_loss	: 3.0404
Contrast_loss_cross	: 3.4017
Contrast_loss_intra	: 2.6791
Total_loss	: 4.5285
-------------------------------------
[Epoch : 41/250]
Src_cls_loss	: 0.1609
Trg_cls_loss	: 0.8869
Domain_loss	: 1.1757
Src_task_loss	: 0.8908
class_feature_and_domain_loss	: 2.8395
Trg_MMD_loss	: 1.9487
Contrast_loss	: 3.0389
Contrast_loss_cross	: 3.4015
Contrast_loss_intra	: 2.6763
Total_loss	: 4.4980
-------------------------------------
[Epoch : 42/250]
Src_cls_loss	: 0.1578
Trg_cls_loss	: 0.8887
Domain_loss	: 1.1815
Src_task_loss	: 0.8788
class_feature_and_domain_loss	: 2.8185
Trg_MMD_loss	: 1.9396
Contrast_loss	: 3.0384
Contrast_loss_cross	: 3.4014
Contrast_loss_intra	: 2.6755
Total_loss	: 4.4735
-------------------------------------
[Epoch : 43/250]
Src_cls_loss	: 0.1544
Trg_cls_loss	: 0.8880
Domain_loss	: 1.1874
Src_task_loss	: 0.8661
class_feature_and_domain_loss	: 2.8005
Trg_MMD_loss	: 1.9344
Contrast_loss	: 3.0375
Contrast_loss_cross	: 3.4014
Contrast_loss_intra	: 2.6735
Total_loss	: 4.4511
-------------------------------------
[Epoch : 44/250]
Source Domain Train Accuracy: 0.9955
Source Domain Train F1-Score: 0.9955
Target Domain Train Accuracy: 0.8164
Target Domain Train F1-Score: 0.8164
Target Domain Test Accuracy: 0.8862
Target Domain Test F1-Score: 0.8862
Src_cls_loss	: 0.1511
Trg_cls_loss	: 0.8834
Domain_loss	: 1.1914
Src_task_loss	: 0.8540
class_feature_and_domain_loss	: 2.7805
Trg_MMD_loss	: 1.9265
Contrast_loss	: 3.0370
Contrast_loss_cross	: 3.4014
Contrast_loss_intra	: 2.6727
Total_loss	: 4.4252
-------------------------------------
[Epoch : 45/250]
Src_cls_loss	: 0.1481
Trg_cls_loss	: 0.8785
Domain_loss	: 1.1947
Src_task_loss	: 0.8421
class_feature_and_domain_loss	: 2.7612
Trg_MMD_loss	: 1.9190
Contrast_loss	: 3.0367
Contrast_loss_cross	: 3.4014
Contrast_loss_intra	: 2.6720
Total_loss	: 4.4000
-------------------------------------
[Epoch : 46/250]
Src_cls_loss	: 0.1450
Trg_cls_loss	: 0.8766
Domain_loss	: 1.1985
Src_task_loss	: 0.8310
class_feature_and_domain_loss	: 2.7411
Trg_MMD_loss	: 1.9102
Contrast_loss	: 3.0366
Contrast_loss_cross	: 3.4014
Contrast_loss_intra	: 2.6719
Total_loss	: 4.3747
-------------------------------------
[Epoch : 47/250]
Src_cls_loss	: 0.1421
Trg_cls_loss	: 0.8773
Domain_loss	: 1.2026
Src_task_loss	: 0.8200
class_feature_and_domain_loss	: 2.7235
Trg_MMD_loss	: 1.9036
Contrast_loss	: 3.0360
Contrast_loss_cross	: 3.4013
Contrast_loss_intra	: 2.6708
Total_loss	: 4.3525
-------------------------------------
[Epoch : 48/250]
Src_cls_loss	: 0.1393
Trg_cls_loss	: 0.8774
Domain_loss	: 1.2054
Src_task_loss	: 0.8095
class_feature_and_domain_loss	: 2.7095
Trg_MMD_loss	: 1.9000
Contrast_loss	: 3.0358
Contrast_loss_cross	: 3.4013
Contrast_loss_intra	: 2.6702
Total_loss	: 4.3327
-------------------------------------
[Epoch : 49/250]
Source Domain Train Accuracy: 0.8482
Source Domain Train F1-Score: 0.8482
Target Domain Train Accuracy: 0.7305
Target Domain Train F1-Score: 0.7305
Target Domain Test Accuracy: 0.7480
Target Domain Test F1-Score: 0.7480
Src_cls_loss	: 0.1367
Trg_cls_loss	: 0.8790
Domain_loss	: 1.2064
Src_task_loss	: 0.7984
class_feature_and_domain_loss	: 2.6949
Trg_MMD_loss	: 1.8966
Contrast_loss	: 3.0350
Contrast_loss_cross	: 3.4015
Contrast_loss_intra	: 2.6685
Total_loss	: 4.3116
-------------------------------------
[Epoch : 50/250]
Src_cls_loss	: 0.1342
Trg_cls_loss	: 0.8744
Domain_loss	: 1.2089
Src_task_loss	: 0.7881
class_feature_and_domain_loss	: 2.6778
Trg_MMD_loss	: 1.8897
Contrast_loss	: 3.0358
Contrast_loss_cross	: 3.4017
Contrast_loss_intra	: 2.6700
Total_loss	: 4.2893
-------------------------------------
[Epoch : 51/250]
Src_cls_loss	: 0.1318
Trg_cls_loss	: 0.8756
Domain_loss	: 1.2127
Src_task_loss	: 0.7781
class_feature_and_domain_loss	: 2.6619
Trg_MMD_loss	: 1.8838
Contrast_loss	: 3.0375
Contrast_loss_cross	: 3.4018
Contrast_loss_intra	: 2.6733
Total_loss	: 4.2700
-------------------------------------
[Epoch : 52/250]
Src_cls_loss	: 0.1294
Trg_cls_loss	: 0.8753
Domain_loss	: 1.2152
Src_task_loss	: 0.7688
class_feature_and_domain_loss	: 2.6457
Trg_MMD_loss	: 1.8769
Contrast_loss	: 3.0398
Contrast_loss_cross	: 3.4018
Contrast_loss_intra	: 2.6778
Total_loss	: 4.2492
-------------------------------------
[Epoch : 53/250]
Src_cls_loss	: 0.1273
Trg_cls_loss	: 0.8752
Domain_loss	: 1.2173
Src_task_loss	: 0.7595
class_feature_and_domain_loss	: 2.6299
Trg_MMD_loss	: 1.8704
Contrast_loss	: 3.0433
Contrast_loss_cross	: 3.4017
Contrast_loss_intra	: 2.6849
Total_loss	: 4.2290
-------------------------------------
[Epoch : 54/250]
Source Domain Train Accuracy: 0.9821
Source Domain Train F1-Score: 0.9821
Target Domain Train Accuracy: 0.8555
Target Domain Train F1-Score: 0.8555
Target Domain Test Accuracy: 0.9024
Target Domain Test F1-Score: 0.9024
Src_cls_loss	: 0.1252
Trg_cls_loss	: 0.8745
Domain_loss	: 1.2186
Src_task_loss	: 0.7506
class_feature_and_domain_loss	: 2.6168
Trg_MMD_loss	: 1.8662
Contrast_loss	: 3.0469
Contrast_loss_cross	: 3.4016
Contrast_loss_intra	: 2.6921
Total_loss	: 4.2110
-------------------------------------
[Epoch : 55/250]
Src_cls_loss	: 0.1231
Trg_cls_loss	: 0.8732
Domain_loss	: 1.2194
Src_task_loss	: 0.7419
class_feature_and_domain_loss	: 2.6041
Trg_MMD_loss	: 1.8622
Contrast_loss	: 3.0483
Contrast_loss_cross	: 3.4016
Contrast_loss_intra	: 2.6950
Total_loss	: 4.1929
-------------------------------------
[Epoch : 56/250]
Src_cls_loss	: 0.1211
Trg_cls_loss	: 0.8716
Domain_loss	: 1.2211
Src_task_loss	: 0.7331
class_feature_and_domain_loss	: 2.5904
Trg_MMD_loss	: 1.8574
Contrast_loss	: 3.0481
Contrast_loss_cross	: 3.4016
Contrast_loss_intra	: 2.6945
Total_loss	: 4.1748
-------------------------------------
[Epoch : 57/250]
Src_cls_loss	: 0.1197
Trg_cls_loss	: 0.8708
Domain_loss	: 1.2217
Src_task_loss	: 0.7249
class_feature_and_domain_loss	: 2.5758
Trg_MMD_loss	: 1.8510
Contrast_loss	: 3.0479
Contrast_loss_cross	: 3.4017
Contrast_loss_intra	: 2.6942
Total_loss	: 4.1567
-------------------------------------
[Epoch : 58/250]
Src_cls_loss	: 0.1179
Trg_cls_loss	: 0.8721
Domain_loss	: 1.2219
Src_task_loss	: 0.7169
class_feature_and_domain_loss	: 2.5641
Trg_MMD_loss	: 1.8472
Contrast_loss	: 3.0477
Contrast_loss_cross	: 3.4017
Contrast_loss_intra	: 2.6938
Total_loss	: 4.1398
-------------------------------------
[Epoch : 59/250]
Source Domain Train Accuracy: 0.9464
Source Domain Train F1-Score: 0.9464
Target Domain Train Accuracy: 0.8398
Target Domain Train F1-Score: 0.8398
Target Domain Test Accuracy: 0.8618
Target Domain Test F1-Score: 0.8618
Src_cls_loss	: 0.1163
Trg_cls_loss	: 0.8722
Domain_loss	: 1.2231
Src_task_loss	: 0.7092
class_feature_and_domain_loss	: 2.5534
Trg_MMD_loss	: 1.8442
Contrast_loss	: 3.0474
Contrast_loss_cross	: 3.4018
Contrast_loss_intra	: 2.6929
Total_loss	: 4.1255
-------------------------------------
[Epoch : 60/250]
Src_cls_loss	: 0.1146
Trg_cls_loss	: 0.8763
Domain_loss	: 1.2247
Src_task_loss	: 0.7015
class_feature_and_domain_loss	: 2.5457
Trg_MMD_loss	: 1.8442
Contrast_loss	: 3.0463
Contrast_loss_cross	: 3.4020
Contrast_loss_intra	: 2.6907
Total_loss	: 4.1141
-------------------------------------
[Epoch : 61/250]
Src_cls_loss	: 0.1129
Trg_cls_loss	: 0.8829
Domain_loss	: 1.2250
Src_task_loss	: 0.6940
class_feature_and_domain_loss	: 2.5380
Trg_MMD_loss	: 1.8440
Contrast_loss	: 3.0449
Contrast_loss_cross	: 3.4020
Contrast_loss_intra	: 2.6878
Total_loss	: 4.1016
-------------------------------------
[Epoch : 62/250]
Src_cls_loss	: 0.1112
Trg_cls_loss	: 0.8839
Domain_loss	: 1.2268
Src_task_loss	: 0.6869
class_feature_and_domain_loss	: 2.5310
Trg_MMD_loss	: 1.8441
Contrast_loss	: 3.0444
Contrast_loss_cross	: 3.4020
Contrast_loss_intra	: 2.6867
Total_loss	: 4.0912
-------------------------------------
[Epoch : 63/250]
Src_cls_loss	: 0.1095
Trg_cls_loss	: 0.8880
Domain_loss	: 1.2290
Src_task_loss	: 0.6795
class_feature_and_domain_loss	: 2.5244
Trg_MMD_loss	: 1.8449
Contrast_loss	: 3.0439
Contrast_loss_cross	: 3.4020
Contrast_loss_intra	: 2.6858
Total_loss	: 4.0817
-------------------------------------
[Epoch : 64/250]
Source Domain Train Accuracy: 1.0000
Source Domain Train F1-Score: 1.0000
Target Domain Train Accuracy: 0.8906
Target Domain Train F1-Score: 0.8906
Target Domain Test Accuracy: 0.9106
Target Domain Test F1-Score: 0.9106
Src_cls_loss	: 0.1080
Trg_cls_loss	: 0.8930
Domain_loss	: 1.2296
Src_task_loss	: 0.6725
class_feature_and_domain_loss	: 2.5181
Trg_MMD_loss	: 1.8456
Contrast_loss	: 3.0434
Contrast_loss_cross	: 3.4021
Contrast_loss_intra	: 2.6847
Total_loss	: 4.0717
-------------------------------------
[Epoch : 65/250]
Src_cls_loss	: 0.1064
Trg_cls_loss	: 0.8960
Domain_loss	: 1.2284
Src_task_loss	: 0.6658
class_feature_and_domain_loss	: 2.5095
Trg_MMD_loss	: 1.8437
Contrast_loss	: 3.0429
Contrast_loss_cross	: 3.4022
Contrast_loss_intra	: 2.6837
Total_loss	: 4.0571
-------------------------------------
[Epoch : 66/250]
Src_cls_loss	: 0.1048
Trg_cls_loss	: 0.8981
Domain_loss	: 1.2295
Src_task_loss	: 0.6592
class_feature_and_domain_loss	: 2.5006
Trg_MMD_loss	: 1.8414
Contrast_loss	: 3.0425
Contrast_loss_cross	: 3.4023
Contrast_loss_intra	: 2.6827
Total_loss	: 4.0446
-------------------------------------
[Epoch : 67/250]
Src_cls_loss	: 0.1033
Trg_cls_loss	: 0.9015
Domain_loss	: 1.2311
Src_task_loss	: 0.6529
class_feature_and_domain_loss	: 2.4903
Trg_MMD_loss	: 1.8374
Contrast_loss	: 3.0421
Contrast_loss_cross	: 3.4024
Contrast_loss_intra	: 2.6818
Total_loss	: 4.0313
-------------------------------------
[Epoch : 68/250]
Src_cls_loss	: 0.1018
Trg_cls_loss	: 0.9055
Domain_loss	: 1.2312
Src_task_loss	: 0.6466
class_feature_and_domain_loss	: 2.4811
Trg_MMD_loss	: 1.8345
Contrast_loss	: 3.0421
Contrast_loss_cross	: 3.4025
Contrast_loss_intra	: 2.6817
Total_loss	: 4.0178
-------------------------------------
[Epoch : 69/250]
Source Domain Train Accuracy: 1.0000
Source Domain Train F1-Score: 1.0000
Target Domain Train Accuracy: 0.8516
Target Domain Train F1-Score: 0.8516
Target Domain Test Accuracy: 0.9024
Target Domain Test F1-Score: 0.9024
Src_cls_loss	: 0.1004
Trg_cls_loss	: 0.9146
Domain_loss	: 1.2298
Src_task_loss	: 0.6405
class_feature_and_domain_loss	: 2.4741
Trg_MMD_loss	: 1.8336
Contrast_loss	: 3.0422
Contrast_loss_cross	: 3.4027
Contrast_loss_intra	: 2.6818
Total_loss	: 4.0052
-------------------------------------
[Epoch : 70/250]
Src_cls_loss	: 0.0992
Trg_cls_loss	: 0.9220
Domain_loss	: 1.2291
Src_task_loss	: 0.6345
class_feature_and_domain_loss	: 2.4678
Trg_MMD_loss	: 1.8333
Contrast_loss	: 3.0430
Contrast_loss_cross	: 3.4028
Contrast_loss_intra	: 2.6831
Total_loss	: 3.9944
-------------------------------------
[Epoch : 71/250]
Src_cls_loss	: 0.0980
Trg_cls_loss	: 0.9254
Domain_loss	: 1.2292
Src_task_loss	: 0.6288
class_feature_and_domain_loss	: 2.4603
Trg_MMD_loss	: 1.8316
Contrast_loss	: 3.0440
Contrast_loss_cross	: 3.4030
Contrast_loss_intra	: 2.6849
Total_loss	: 3.9836
-------------------------------------
[Epoch : 72/250]
Src_cls_loss	: 0.0968
Trg_cls_loss	: 0.9253
Domain_loss	: 1.2304
Src_task_loss	: 0.6231
class_feature_and_domain_loss	: 2.4520
Trg_MMD_loss	: 1.8290
Contrast_loss	: 3.0441
Contrast_loss_cross	: 3.4031
Contrast_loss_intra	: 2.6850
Total_loss	: 3.9729
-------------------------------------
[Epoch : 73/250]
Src_cls_loss	: 0.0957
Trg_cls_loss	: 0.9267
Domain_loss	: 1.2332
Src_task_loss	: 0.6174
class_feature_and_domain_loss	: 2.4444
Trg_MMD_loss	: 1.8270
Contrast_loss	: 3.0434
Contrast_loss_cross	: 3.4032
Contrast_loss_intra	: 2.6836
Total_loss	: 3.9648
-------------------------------------
[Epoch : 74/250]
Source Domain Train Accuracy: 1.0000
Source Domain Train F1-Score: 1.0000
Target Domain Train Accuracy: 0.8594
Target Domain Train F1-Score: 0.8594
Target Domain Test Accuracy: 0.8862
Target Domain Test F1-Score: 0.8862
Src_cls_loss	: 0.0945
Trg_cls_loss	: 0.9261
Domain_loss	: 1.2351
Src_task_loss	: 0.6117
class_feature_and_domain_loss	: 2.4371
Trg_MMD_loss	: 1.8254
Contrast_loss	: 3.0428
Contrast_loss_cross	: 3.4033
Contrast_loss_intra	: 2.6822
Total_loss	: 3.9556
-------------------------------------
[Epoch : 75/250]
Src_cls_loss	: 0.0933
Trg_cls_loss	: 0.9237
Domain_loss	: 1.2352
Src_task_loss	: 0.6063
class_feature_and_domain_loss	: 2.4291
Trg_MMD_loss	: 1.8227
Contrast_loss	: 3.0419
Contrast_loss_cross	: 3.4035
Contrast_loss_intra	: 2.6803
Total_loss	: 3.9441
-------------------------------------
[Epoch : 76/250]
Src_cls_loss	: 0.0922
Trg_cls_loss	: 0.9217
Domain_loss	: 1.2352
Src_task_loss	: 0.6014
class_feature_and_domain_loss	: 2.4201
Trg_MMD_loss	: 1.8187
Contrast_loss	: 3.0410
Contrast_loss_cross	: 3.4036
Contrast_loss_intra	: 2.6784
Total_loss	: 3.9317
-------------------------------------
[Epoch : 77/250]
Src_cls_loss	: 0.0911
Trg_cls_loss	: 0.9193
Domain_loss	: 1.2355
Src_task_loss	: 0.5963
class_feature_and_domain_loss	: 2.4099
Trg_MMD_loss	: 1.8136
Contrast_loss	: 3.0405
Contrast_loss_cross	: 3.4038
Contrast_loss_intra	: 2.6771
Total_loss	: 3.9187
-------------------------------------
[Epoch : 78/250]
Src_cls_loss	: 0.0900
Trg_cls_loss	: 0.9166
Domain_loss	: 1.2372
Src_task_loss	: 0.5915
class_feature_and_domain_loss	: 2.4002
Trg_MMD_loss	: 1.8087
Contrast_loss	: 3.0400
Contrast_loss_cross	: 3.4039
Contrast_loss_intra	: 2.6760
Total_loss	: 3.9076
-------------------------------------
[Epoch : 79/250]
Source Domain Train Accuracy: 0.9732
Source Domain Train F1-Score: 0.9732
Target Domain Train Accuracy: 0.8672
Target Domain Train F1-Score: 0.8672
Target Domain Test Accuracy: 0.9024
Target Domain Test F1-Score: 0.9024
Src_cls_loss	: 0.0891
Trg_cls_loss	: 0.9125
Domain_loss	: 1.2398
Src_task_loss	: 0.5865
class_feature_and_domain_loss	: 2.3903
Trg_MMD_loss	: 1.8038
Contrast_loss	: 3.0392
Contrast_loss_cross	: 3.4040
Contrast_loss_intra	: 2.6743
Total_loss	: 3.8974
-------------------------------------
[Epoch : 80/250]
Src_cls_loss	: 0.0881
Trg_cls_loss	: 0.9103
Domain_loss	: 1.2410
Src_task_loss	: 0.5817
class_feature_and_domain_loss	: 2.3816
Trg_MMD_loss	: 1.8000
Contrast_loss	: 3.0378
Contrast_loss_cross	: 3.4041
Contrast_loss_intra	: 2.6714
Total_loss	: 3.8871
-------------------------------------
[Epoch : 81/250]
Src_cls_loss	: 0.0871
Trg_cls_loss	: 0.9102
Domain_loss	: 1.2410
Src_task_loss	: 0.5771
class_feature_and_domain_loss	: 2.3748
Trg_MMD_loss	: 1.7977
Contrast_loss	: 3.0368
Contrast_loss_cross	: 3.4041
Contrast_loss_intra	: 2.6695
Total_loss	: 3.8772
-------------------------------------
[Epoch : 82/250]
Src_cls_loss	: 0.0862
Trg_cls_loss	: 0.9132
Domain_loss	: 1.2413
Src_task_loss	: 0.5725
class_feature_and_domain_loss	: 2.3679
Trg_MMD_loss	: 1.7954
Contrast_loss	: 3.0363
Contrast_loss_cross	: 3.4042
Contrast_loss_intra	: 2.6684
Total_loss	: 3.8679
-------------------------------------
[Epoch : 83/250]
Src_cls_loss	: 0.0855
Trg_cls_loss	: 0.9192
Domain_loss	: 1.2422
Src_task_loss	: 0.5679
class_feature_and_domain_loss	: 2.3616
Trg_MMD_loss	: 1.7937
Contrast_loss	: 3.0362
Contrast_loss_cross	: 3.4044
Contrast_loss_intra	: 2.6681
Total_loss	: 3.8604
-------------------------------------
[Epoch : 84/250]
Source Domain Train Accuracy: 1.0000
Source Domain Train F1-Score: 1.0000
Target Domain Train Accuracy: 0.8789
Target Domain Train F1-Score: 0.8789
Target Domain Test Accuracy: 0.9187
Target Domain Test F1-Score: 0.9187
Src_cls_loss	: 0.0846
Trg_cls_loss	: 0.9249
Domain_loss	: 1.2432
Src_task_loss	: 0.5633
class_feature_and_domain_loss	: 2.3567
Trg_MMD_loss	: 1.7934
Contrast_loss	: 3.0363
Contrast_loss_cross	: 3.4045
Contrast_loss_intra	: 2.6681
Total_loss	: 3.8537
-------------------------------------
[Epoch : 85/250]
Src_cls_loss	: 0.0836
Trg_cls_loss	: 0.9280
Domain_loss	: 1.2442
Src_task_loss	: 0.5590
class_feature_and_domain_loss	: 2.3522
Trg_MMD_loss	: 1.7932
Contrast_loss	: 3.0363
Contrast_loss_cross	: 3.4046
Contrast_loss_intra	: 2.6681
Total_loss	: 3.8472
-------------------------------------
[Epoch : 86/250]
Src_cls_loss	: 0.0828
Trg_cls_loss	: 0.9282
Domain_loss	: 1.2452
Src_task_loss	: 0.5547
class_feature_and_domain_loss	: 2.3464
Trg_MMD_loss	: 1.7918
Contrast_loss	: 3.0364
Contrast_loss_cross	: 3.4047
Contrast_loss_intra	: 2.6682
Total_loss	: 3.8399
-------------------------------------
[Epoch : 87/250]
Src_cls_loss	: 0.0820
Trg_cls_loss	: 0.9269
Domain_loss	: 1.2465
Src_task_loss	: 0.5503
class_feature_and_domain_loss	: 2.3388
Trg_MMD_loss	: 1.7885
Contrast_loss	: 3.0369
Contrast_loss_cross	: 3.4047
Contrast_loss_intra	: 2.6692
Total_loss	: 3.8312
-------------------------------------
[Epoch : 88/250]
Src_cls_loss	: 0.0811
Trg_cls_loss	: 0.9245
Domain_loss	: 1.2482
Src_task_loss	: 0.5463
class_feature_and_domain_loss	: 2.3308
Trg_MMD_loss	: 1.7845
Contrast_loss	: 3.0379
Contrast_loss_cross	: 3.4047
Contrast_loss_intra	: 2.6710
Total_loss	: 3.8223
-------------------------------------
[Epoch : 89/250]
Source Domain Train Accuracy: 1.0000
Source Domain Train F1-Score: 1.0000
Target Domain Train Accuracy: 0.8945
Target Domain Train F1-Score: 0.8945
Target Domain Test Accuracy: 0.9106
Target Domain Test F1-Score: 0.9106
Src_cls_loss	: 0.0803
Trg_cls_loss	: 0.9234
Domain_loss	: 1.2486
Src_task_loss	: 0.5423
class_feature_and_domain_loss	: 2.3227
Trg_MMD_loss	: 1.7804
Contrast_loss	: 3.0383
Contrast_loss_cross	: 3.4047
Contrast_loss_intra	: 2.6719
Total_loss	: 3.8123
-------------------------------------
[Epoch : 90/250]
Src_cls_loss	: 0.0794
Trg_cls_loss	: 0.9242
Domain_loss	: 1.2479
Src_task_loss	: 0.5382
class_feature_and_domain_loss	: 2.3172
Trg_MMD_loss	: 1.7791
Contrast_loss	: 3.0386
Contrast_loss_cross	: 3.4047
Contrast_loss_intra	: 2.6725
Total_loss	: 3.8035
-------------------------------------
[Epoch : 91/250]
Src_cls_loss	: 0.0786
Trg_cls_loss	: 0.9237
Domain_loss	: 1.2481
Src_task_loss	: 0.5341
class_feature_and_domain_loss	: 2.3114
Trg_MMD_loss	: 1.7773
Contrast_loss	: 3.0390
Contrast_loss_cross	: 3.4048
Contrast_loss_intra	: 2.6732
Total_loss	: 3.7955
-------------------------------------
[Epoch : 92/250]
Src_cls_loss	: 0.0778
Trg_cls_loss	: 0.9236
Domain_loss	: 1.2482
Src_task_loss	: 0.5301
class_feature_and_domain_loss	: 2.3075
Trg_MMD_loss	: 1.7774
Contrast_loss	: 3.0392
Contrast_loss_cross	: 3.4049
Contrast_loss_intra	: 2.6736
Total_loss	: 3.7892
-------------------------------------
[Epoch : 93/250]
Src_cls_loss	: 0.0771
Trg_cls_loss	: 0.9243
Domain_loss	: 1.2483
Src_task_loss	: 0.5262
class_feature_and_domain_loss	: 2.3046
Trg_MMD_loss	: 1.7784
Contrast_loss	: 3.0398
Contrast_loss_cross	: 3.4049
Contrast_loss_intra	: 2.6746
Total_loss	: 3.7840
-------------------------------------
[Epoch : 94/250]
Source Domain Train Accuracy: 1.0000
Source Domain Train F1-Score: 1.0000
Target Domain Train Accuracy: 0.8711
Target Domain Train F1-Score: 0.8711
Target Domain Test Accuracy: 0.9024
Target Domain Test F1-Score: 0.9024
Src_cls_loss	: 0.0764
Trg_cls_loss	: 0.9220
Domain_loss	: 1.2486
Src_task_loss	: 0.5224
class_feature_and_domain_loss	: 2.3021
Trg_MMD_loss	: 1.7797
Contrast_loss	: 3.0399
Contrast_loss_cross	: 3.4050
Contrast_loss_intra	: 2.6747
Total_loss	: 3.7799
-------------------------------------
[Epoch : 95/250]
Src_cls_loss	: 0.0758
Trg_cls_loss	: 0.9201
Domain_loss	: 1.2493
Src_task_loss	: 0.5188
class_feature_and_domain_loss	: 2.2999
Trg_MMD_loss	: 1.7812
Contrast_loss	: 3.0404
Contrast_loss_cross	: 3.4051
Contrast_loss_intra	: 2.6758
Total_loss	: 3.7766
-------------------------------------
[Epoch : 96/250]
Src_cls_loss	: 0.0752
Trg_cls_loss	: 0.9199
Domain_loss	: 1.2499
Src_task_loss	: 0.5148
class_feature_and_domain_loss	: 2.2982
Trg_MMD_loss	: 1.7834
Contrast_loss	: 3.0411
Contrast_loss_cross	: 3.4052
Contrast_loss_intra	: 2.6770
Total_loss	: 3.7737
-------------------------------------
[Epoch : 97/250]
Src_cls_loss	: 0.0746
Trg_cls_loss	: 0.9216
Domain_loss	: 1.2502
Src_task_loss	: 0.5113
class_feature_and_domain_loss	: 2.2981
Trg_MMD_loss	: 1.7868
Contrast_loss	: 3.0415
Contrast_loss_cross	: 3.4053
Contrast_loss_intra	: 2.6778
Total_loss	: 3.7720
-------------------------------------
[Epoch : 98/250]
Src_cls_loss	: 0.0739
Trg_cls_loss	: 0.9247
Domain_loss	: 1.2511
Src_task_loss	: 0.5077
class_feature_and_domain_loss	: 2.2972
Trg_MMD_loss	: 1.7894
Contrast_loss	: 3.0414
Contrast_loss_cross	: 3.4053
Contrast_loss_intra	: 2.6775
Total_loss	: 3.7699
-------------------------------------
[Epoch : 99/250]
Source Domain Train Accuracy: 1.0000
Source Domain Train F1-Score: 1.0000
Target Domain Train Accuracy: 0.9141
Target Domain Train F1-Score: 0.9141
Target Domain Test Accuracy: 0.9187
Target Domain Test F1-Score: 0.9187
Src_cls_loss	: 0.0732
Trg_cls_loss	: 0.9302
Domain_loss	: 1.2522
Src_task_loss	: 0.5041
class_feature_and_domain_loss	: 2.2969
Trg_MMD_loss	: 1.7928
Contrast_loss	: 3.0411
Contrast_loss_cross	: 3.4054
Contrast_loss_intra	: 2.6768
Total_loss	: 3.7687
-------------------------------------
[Epoch : 100/250]
Src_cls_loss	: 0.0725
Trg_cls_loss	: 0.9344
Domain_loss	: 1.2524
Src_task_loss	: 0.5007
class_feature_and_domain_loss	: 2.2967
Trg_MMD_loss	: 1.7961
Contrast_loss	: 3.0407
Contrast_loss_cross	: 3.4054
Contrast_loss_intra	: 2.6760
Total_loss	: 3.7665
-------------------------------------
[Epoch : 101/250]
Src_cls_loss	: 0.0718
Trg_cls_loss	: 0.9377
Domain_loss	: 1.2518
Src_task_loss	: 0.4973
class_feature_and_domain_loss	: 2.2963
Trg_MMD_loss	: 1.7991
Contrast_loss	: 3.0404
Contrast_loss_cross	: 3.4055
Contrast_loss_intra	: 2.6753
Total_loss	: 3.7635
-------------------------------------
[Epoch : 102/250]
Src_cls_loss	: 0.0713
Trg_cls_loss	: 0.9384
Domain_loss	: 1.2513
Src_task_loss	: 0.4941
class_feature_and_domain_loss	: 2.2946
Trg_MMD_loss	: 1.8005
Contrast_loss	: 3.0404
Contrast_loss_cross	: 3.4056
Contrast_loss_intra	: 2.6751
Total_loss	: 3.7597
-------------------------------------
[Epoch : 103/250]
Src_cls_loss	: 0.0707
Trg_cls_loss	: 0.9385
Domain_loss	: 1.2512
Src_task_loss	: 0.4907
class_feature_and_domain_loss	: 2.2913
Trg_MMD_loss	: 1.8005
Contrast_loss	: 3.0402
Contrast_loss_cross	: 3.4057
Contrast_loss_intra	: 2.6746
Total_loss	: 3.7546
-------------------------------------
[Epoch : 104/250]
Source Domain Train Accuracy: 0.9688
Source Domain Train F1-Score: 0.9688
Target Domain Train Accuracy: 0.9219
Target Domain Train F1-Score: 0.9219
Target Domain Test Accuracy: 0.9431
Target Domain Test F1-Score: 0.9431
Src_cls_loss	: 0.0701
Trg_cls_loss	: 0.9377
Domain_loss	: 1.2511
Src_task_loss	: 0.4875
class_feature_and_domain_loss	: 2.2865
Trg_MMD_loss	: 1.7990
Contrast_loss	: 3.0399
Contrast_loss_cross	: 3.4057
Contrast_loss_intra	: 2.6740
Total_loss	: 3.7478
-------------------------------------
[Epoch : 105/250]
Src_cls_loss	: 0.0695
Trg_cls_loss	: 0.9374
Domain_loss	: 1.2515
Src_task_loss	: 0.4842
class_feature_and_domain_loss	: 2.2821
Trg_MMD_loss	: 1.7978
Contrast_loss	: 3.0396
Contrast_loss_cross	: 3.4058
Contrast_loss_intra	: 2.6734
Total_loss	: 3.7419
-------------------------------------
[Epoch : 106/250]
Src_cls_loss	: 0.0688
Trg_cls_loss	: 0.9377
Domain_loss	: 1.2521
Src_task_loss	: 0.4810
class_feature_and_domain_loss	: 2.2787
Trg_MMD_loss	: 1.7977
Contrast_loss	: 3.0393
Contrast_loss_cross	: 3.4059
Contrast_loss_intra	: 2.6727
Total_loss	: 3.7373
-------------------------------------
[Epoch : 107/250]
Src_cls_loss	: 0.0682
Trg_cls_loss	: 0.9365
Domain_loss	: 1.2524
Src_task_loss	: 0.4780
class_feature_and_domain_loss	: 2.2745
Trg_MMD_loss	: 1.7966
Contrast_loss	: 3.0389
Contrast_loss_cross	: 3.4060
Contrast_loss_intra	: 2.6718
Total_loss	: 3.7317
-------------------------------------
[Epoch : 108/250]
Src_cls_loss	: 0.0676
Trg_cls_loss	: 0.9355
Domain_loss	: 1.2532
Src_task_loss	: 0.4750
class_feature_and_domain_loss	: 2.2700
Trg_MMD_loss	: 1.7950
Contrast_loss	: 3.0387
Contrast_loss_cross	: 3.4061
Contrast_loss_intra	: 2.6714
Total_loss	: 3.7261
-------------------------------------
[Epoch : 109/250]
Source Domain Train Accuracy: 0.9866
Source Domain Train F1-Score: 0.9866
Target Domain Train Accuracy: 0.8984
Target Domain Train F1-Score: 0.8984
Target Domain Test Accuracy: 0.9268
Target Domain Test F1-Score: 0.9268
Src_cls_loss	: 0.0671
Trg_cls_loss	: 0.9347
Domain_loss	: 1.2535
Src_task_loss	: 0.4720
class_feature_and_domain_loss	: 2.2654
Trg_MMD_loss	: 1.7934
Contrast_loss	: 3.0385
Contrast_loss_cross	: 3.4062
Contrast_loss_intra	: 2.6708
Total_loss	: 3.7202
-------------------------------------
[Epoch : 110/250]
Src_cls_loss	: 0.0665
Trg_cls_loss	: 0.9343
Domain_loss	: 1.2536
Src_task_loss	: 0.4691
class_feature_and_domain_loss	: 2.2611
Trg_MMD_loss	: 1.7921
Contrast_loss	: 3.0381
Contrast_loss_cross	: 3.4063
Contrast_loss_intra	: 2.6699
Total_loss	: 3.7142
-------------------------------------
[Epoch : 111/250]
Src_cls_loss	: 0.0659
Trg_cls_loss	: 0.9324
Domain_loss	: 1.2539
Src_task_loss	: 0.4662
class_feature_and_domain_loss	: 2.2570
Trg_MMD_loss	: 1.7908
Contrast_loss	: 3.0378
Contrast_loss_cross	: 3.4064
Contrast_loss_intra	: 2.6692
Total_loss	: 3.7086
-------------------------------------
[Epoch : 112/250]
Src_cls_loss	: 0.0654
Trg_cls_loss	: 0.9300
Domain_loss	: 1.2540
Src_task_loss	: 0.4634
class_feature_and_domain_loss	: 2.2519
Trg_MMD_loss	: 1.7886
Contrast_loss	: 3.0374
Contrast_loss_cross	: 3.4065
Contrast_loss_intra	: 2.6684
Total_loss	: 3.7021
-------------------------------------
[Epoch : 113/250]
Src_cls_loss	: 0.0648
Trg_cls_loss	: 0.9269
Domain_loss	: 1.2543
Src_task_loss	: 0.4606
class_feature_and_domain_loss	: 2.2474
Trg_MMD_loss	: 1.7869
Contrast_loss	: 3.0371
Contrast_loss_cross	: 3.4066
Contrast_loss_intra	: 2.6675
Total_loss	: 3.6963
-------------------------------------
[Epoch : 114/250]
Source Domain Train Accuracy: 1.0000
Source Domain Train F1-Score: 1.0000
Target Domain Train Accuracy: 0.8750
Target Domain Train F1-Score: 0.8750
Target Domain Test Accuracy: 0.9106
Target Domain Test F1-Score: 0.9106
Src_cls_loss	: 0.0643
Trg_cls_loss	: 0.9253
Domain_loss	: 1.2548
Src_task_loss	: 0.4578
class_feature_and_domain_loss	: 2.2436
Trg_MMD_loss	: 1.7858
Contrast_loss	: 3.0367
Contrast_loss_cross	: 3.4067
Contrast_loss_intra	: 2.6667
Total_loss	: 3.6913
-------------------------------------
[Epoch : 115/250]
Src_cls_loss	: 0.0638
Trg_cls_loss	: 0.9249
Domain_loss	: 1.2549
Src_task_loss	: 0.4551
class_feature_and_domain_loss	: 2.2406
Trg_MMD_loss	: 1.7855
Contrast_loss	: 3.0364
Contrast_loss_cross	: 3.4068
Contrast_loss_intra	: 2.6660
Total_loss	: 3.6868
-------------------------------------
[Epoch : 116/250]
Src_cls_loss	: 0.0632
Trg_cls_loss	: 0.9245
Domain_loss	: 1.2550
Src_task_loss	: 0.4525
class_feature_and_domain_loss	: 2.2378
Trg_MMD_loss	: 1.7853
Contrast_loss	: 3.0361
Contrast_loss_cross	: 3.4069
Contrast_loss_intra	: 2.6653
Total_loss	: 3.6825
-------------------------------------
[Epoch : 117/250]
Src_cls_loss	: 0.0627
Trg_cls_loss	: 0.9238
Domain_loss	: 1.2559
Src_task_loss	: 0.4498
class_feature_and_domain_loss	: 2.2345
Trg_MMD_loss	: 1.7846
Contrast_loss	: 3.0358
Contrast_loss_cross	: 3.4070
Contrast_loss_intra	: 2.6646
Total_loss	: 3.6785
-------------------------------------
[Epoch : 118/250]
Src_cls_loss	: 0.0622
Trg_cls_loss	: 0.9228
Domain_loss	: 1.2566
Src_task_loss	: 0.4472
class_feature_and_domain_loss	: 2.2304
Trg_MMD_loss	: 1.7832
Contrast_loss	: 3.0360
Contrast_loss_cross	: 3.4071
Contrast_loss_intra	: 2.6649
Total_loss	: 3.6736
-------------------------------------
[Epoch : 119/250]
Source Domain Train Accuracy: 1.0000
Source Domain Train F1-Score: 1.0000
Target Domain Train Accuracy: 0.9062
Target Domain Train F1-Score: 0.9062
Target Domain Test Accuracy: 0.9187
Target Domain Test F1-Score: 0.9187
Src_cls_loss	: 0.0617
Trg_cls_loss	: 0.9243
Domain_loss	: 1.2568
Src_task_loss	: 0.4446
class_feature_and_domain_loss	: 2.2271
Trg_MMD_loss	: 1.7825
Contrast_loss	: 3.0362
Contrast_loss_cross	: 3.4072
Contrast_loss_intra	: 2.6651
Total_loss	: 3.6690
-------------------------------------
[Epoch : 120/250]
Src_cls_loss	: 0.0612
Trg_cls_loss	: 0.9254
Domain_loss	: 1.2562
Src_task_loss	: 0.4422
class_feature_and_domain_loss	: 2.2237
Trg_MMD_loss	: 1.7815
Contrast_loss	: 3.0363
Contrast_loss_cross	: 3.4073
Contrast_loss_intra	: 2.6654
Total_loss	: 3.6636
-------------------------------------
[Epoch : 121/250]
Src_cls_loss	: 0.0608
Trg_cls_loss	: 0.9252
Domain_loss	: 1.2555
Src_task_loss	: 0.4397
class_feature_and_domain_loss	: 2.2200
Trg_MMD_loss	: 1.7803
Contrast_loss	: 3.0364
Contrast_loss_cross	: 3.4074
Contrast_loss_intra	: 2.6653
Total_loss	: 3.6578
-------------------------------------
[Epoch : 122/250]
Src_cls_loss	: 0.0603
Trg_cls_loss	: 0.9246
Domain_loss	: 1.2556
Src_task_loss	: 0.4373
class_feature_and_domain_loss	: 2.2166
Trg_MMD_loss	: 1.7792
Contrast_loss	: 3.0364
Contrast_loss_cross	: 3.4075
Contrast_loss_intra	: 2.6652
Total_loss	: 3.6532
-------------------------------------
[Epoch : 123/250]
Src_cls_loss	: 0.0599
Trg_cls_loss	: 0.9226
Domain_loss	: 1.2565
Src_task_loss	: 0.4349
class_feature_and_domain_loss	: 2.2127
Trg_MMD_loss	: 1.7778
Contrast_loss	: 3.0362
Contrast_loss_cross	: 3.4077
Contrast_loss_intra	: 2.6646
Total_loss	: 3.6489
-------------------------------------
[Epoch : 124/250]
Source Domain Train Accuracy: 0.9955
Source Domain Train F1-Score: 0.9955
Target Domain Train Accuracy: 0.8867
Target Domain Train F1-Score: 0.8867
Target Domain Test Accuracy: 0.9268
Target Domain Test F1-Score: 0.9268
Src_cls_loss	: 0.0594
Trg_cls_loss	: 0.9197
Domain_loss	: 1.2573
Src_task_loss	: 0.4326
class_feature_and_domain_loss	: 2.2094
Trg_MMD_loss	: 1.7769
Contrast_loss	: 3.0356
Contrast_loss_cross	: 3.4078
Contrast_loss_intra	: 2.6634
Total_loss	: 3.6450
-------------------------------------
[Epoch : 125/250]
Src_cls_loss	: 0.0590
Trg_cls_loss	: 0.9180
Domain_loss	: 1.2576
Src_task_loss	: 0.4303
class_feature_and_domain_loss	: 2.2070
Trg_MMD_loss	: 1.7767
Contrast_loss	: 3.0352
Contrast_loss_cross	: 3.4080
Contrast_loss_intra	: 2.6624
Total_loss	: 3.6416
-------------------------------------
[Epoch : 126/250]
Src_cls_loss	: 0.0585
Trg_cls_loss	: 0.9163
Domain_loss	: 1.2578
Src_task_loss	: 0.4281
class_feature_and_domain_loss	: 2.2047
Trg_MMD_loss	: 1.7766
Contrast_loss	: 3.0347
Contrast_loss_cross	: 3.4081
Contrast_loss_intra	: 2.6614
Total_loss	: 3.6381
-------------------------------------
[Epoch : 127/250]
Src_cls_loss	: 0.0581
Trg_cls_loss	: 0.9139
Domain_loss	: 1.2579
Src_task_loss	: 0.4258
class_feature_and_domain_loss	: 2.2022
Trg_MMD_loss	: 1.7763
Contrast_loss	: 3.0343
Contrast_loss_cross	: 3.4082
Contrast_loss_intra	: 2.6604
Total_loss	: 3.6344
-------------------------------------
[Epoch : 128/250]
Src_cls_loss	: 0.0577
Trg_cls_loss	: 0.9121
Domain_loss	: 1.2577
Src_task_loss	: 0.4237
class_feature_and_domain_loss	: 2.1997
Trg_MMD_loss	: 1.7761
Contrast_loss	: 3.0341
Contrast_loss_cross	: 3.4084
Contrast_loss_intra	: 2.6598
Total_loss	: 3.6305
-------------------------------------
[Epoch : 129/250]
Source Domain Train Accuracy: 1.0000
Source Domain Train F1-Score: 1.0000
Target Domain Train Accuracy: 0.8867
Target Domain Train F1-Score: 0.8867
Target Domain Test Accuracy: 0.9350
Target Domain Test F1-Score: 0.9350
Src_cls_loss	: 0.0572
Trg_cls_loss	: 0.9096
Domain_loss	: 1.2577
Src_task_loss	: 0.4215
class_feature_and_domain_loss	: 2.1970
Trg_MMD_loss	: 1.7755
Contrast_loss	: 3.0336
Contrast_loss_cross	: 3.4085
Contrast_loss_intra	: 2.6588
Total_loss	: 3.6264
-------------------------------------
[Epoch : 130/250]
Src_cls_loss	: 0.0569
Trg_cls_loss	: 0.9078
Domain_loss	: 1.2584
Src_task_loss	: 0.4194
class_feature_and_domain_loss	: 2.1935
Trg_MMD_loss	: 1.7742
Contrast_loss	: 3.0331
Contrast_loss_cross	: 3.4086
Contrast_loss_intra	: 2.6576
Total_loss	: 3.6225
-------------------------------------
[Epoch : 131/250]
Src_cls_loss	: 0.0564
Trg_cls_loss	: 0.9053
Domain_loss	: 1.2596
Src_task_loss	: 0.4172
class_feature_and_domain_loss	: 2.1902
Trg_MMD_loss	: 1.7730
Contrast_loss	: 3.0329
Contrast_loss_cross	: 3.4086
Contrast_loss_intra	: 2.6571
Total_loss	: 3.6192
-------------------------------------
[Epoch : 132/250]
Src_cls_loss	: 0.0561
Trg_cls_loss	: 0.9029
Domain_loss	: 1.2607
Src_task_loss	: 0.4152
class_feature_and_domain_loss	: 2.1876
Trg_MMD_loss	: 1.7724
Contrast_loss	: 3.0330
Contrast_loss_cross	: 3.4087
Contrast_loss_intra	: 2.6573
Total_loss	: 3.6167
-------------------------------------
[Epoch : 133/250]
Src_cls_loss	: 0.0557
Trg_cls_loss	: 0.9016
Domain_loss	: 1.2612
Src_task_loss	: 0.4131
class_feature_and_domain_loss	: 2.1855
Trg_MMD_loss	: 1.7724
Contrast_loss	: 3.0335
Contrast_loss_cross	: 3.4088
Contrast_loss_intra	: 2.6582
Total_loss	: 3.6139
-------------------------------------
[Epoch : 134/250]
Source Domain Train Accuracy: 1.0000
Source Domain Train F1-Score: 1.0000
Target Domain Train Accuracy: 0.8047
Target Domain Train F1-Score: 0.8047
Target Domain Test Accuracy: 0.8374
Target Domain Test F1-Score: 0.8374
Src_cls_loss	: 0.0553
Trg_cls_loss	: 0.9008
Domain_loss	: 1.2614
Src_task_loss	: 0.4111
class_feature_and_domain_loss	: 2.1840
Trg_MMD_loss	: 1.7729
Contrast_loss	: 3.0344
Contrast_loss_cross	: 3.4088
Contrast_loss_intra	: 2.6599
Total_loss	: 3.6114
-------------------------------------
[Epoch : 135/250]
Src_cls_loss	: 0.0549
Trg_cls_loss	: 0.8994
Domain_loss	: 1.2618
Src_task_loss	: 0.4090
class_feature_and_domain_loss	: 2.1824
Trg_MMD_loss	: 1.7734
Contrast_loss	: 3.0350
Contrast_loss_cross	: 3.4089
Contrast_loss_intra	: 2.6612
Total_loss	: 3.6090
-------------------------------------
[Epoch : 136/250]
Src_cls_loss	: 0.0545
Trg_cls_loss	: 0.8995
Domain_loss	: 1.2614
Src_task_loss	: 0.4069
class_feature_and_domain_loss	: 2.1809
Trg_MMD_loss	: 1.7740
Contrast_loss	: 3.0353
Contrast_loss_cross	: 3.4090
Contrast_loss_intra	: 2.6617
Total_loss	: 3.6059
-------------------------------------
[Epoch : 137/250]
Src_cls_loss	: 0.0542
Trg_cls_loss	: 0.8995
Domain_loss	: 1.2601
Src_task_loss	: 0.4049
class_feature_and_domain_loss	: 2.1798
Trg_MMD_loss	: 1.7749
Contrast_loss	: 3.0354
Contrast_loss_cross	: 3.4090
Contrast_loss_intra	: 2.6618
Total_loss	: 3.6025
-------------------------------------
[Epoch : 138/250]
Src_cls_loss	: 0.0539
Trg_cls_loss	: 0.8987
Domain_loss	: 1.2600
Src_task_loss	: 0.4030
class_feature_and_domain_loss	: 2.1791
Trg_MMD_loss	: 1.7761
Contrast_loss	: 3.0355
Contrast_loss_cross	: 3.4091
Contrast_loss_intra	: 2.6620
Total_loss	: 3.6007
-------------------------------------
[Epoch : 139/250]
Source Domain Train Accuracy: 0.9509
Source Domain Train F1-Score: 0.9509
Target Domain Train Accuracy: 0.9023
Target Domain Train F1-Score: 0.9023
Target Domain Test Accuracy: 0.9431
Target Domain Test F1-Score: 0.9431
Src_cls_loss	: 0.0536
Trg_cls_loss	: 0.8972
Domain_loss	: 1.2605
Src_task_loss	: 0.4010
class_feature_and_domain_loss	: 2.1786
Trg_MMD_loss	: 1.7776
Contrast_loss	: 3.0355
Contrast_loss_cross	: 3.4093
Contrast_loss_intra	: 2.6618
Total_loss	: 3.5999
-------------------------------------
[Epoch : 140/250]
Src_cls_loss	: 0.0534
Trg_cls_loss	: 0.8947
Domain_loss	: 1.2607
Src_task_loss	: 0.3991
class_feature_and_domain_loss	: 2.1781
Trg_MMD_loss	: 1.7790
Contrast_loss	: 3.0356
Contrast_loss_cross	: 3.4094
Contrast_loss_intra	: 2.6618
Total_loss	: 3.5989
-------------------------------------
[Epoch : 141/250]
Src_cls_loss	: 0.0530
Trg_cls_loss	: 0.8925
Domain_loss	: 1.2610
Src_task_loss	: 0.3973
class_feature_and_domain_loss	: 2.1773
Trg_MMD_loss	: 1.7800
Contrast_loss	: 3.0357
Contrast_loss_cross	: 3.4095
Contrast_loss_intra	: 2.6618
Total_loss	: 3.5973
-------------------------------------
[Epoch : 142/250]
Src_cls_loss	: 0.0527
Trg_cls_loss	: 0.8896
Domain_loss	: 1.2611
Src_task_loss	: 0.3954
class_feature_and_domain_loss	: 2.1761
Trg_MMD_loss	: 1.7807
Contrast_loss	: 3.0357
Contrast_loss_cross	: 3.4096
Contrast_loss_intra	: 2.6618
Total_loss	: 3.5952
-------------------------------------
[Epoch : 143/250]
Src_cls_loss	: 0.0524
Trg_cls_loss	: 0.8861
Domain_loss	: 1.2613
Src_task_loss	: 0.3937
class_feature_and_domain_loss	: 2.1749
Trg_MMD_loss	: 1.7812
Contrast_loss	: 3.0361
Contrast_loss_cross	: 3.4097
Contrast_loss_intra	: 2.6625
Total_loss	: 3.5933
-------------------------------------
[Epoch : 144/250]
Source Domain Train Accuracy: 0.9821
Source Domain Train F1-Score: 0.9821
Target Domain Train Accuracy: 0.8984
Target Domain Train F1-Score: 0.8984
Target Domain Test Accuracy: 0.9187
Target Domain Test F1-Score: 0.9187
Src_cls_loss	: 0.0520
Trg_cls_loss	: 0.8834
Domain_loss	: 1.2619
Src_task_loss	: 0.3920
class_feature_and_domain_loss	: 2.1741
Trg_MMD_loss	: 1.7822
Contrast_loss	: 3.0366
Contrast_loss_cross	: 3.4098
Contrast_loss_intra	: 2.6633
Total_loss	: 3.5922
-------------------------------------
[Epoch : 145/250]
Src_cls_loss	: 0.0517
Trg_cls_loss	: 0.8809
Domain_loss	: 1.2623
Src_task_loss	: 0.3901
class_feature_and_domain_loss	: 2.1728
Trg_MMD_loss	: 1.7827
Contrast_loss	: 3.0369
Contrast_loss_cross	: 3.4099
Contrast_loss_intra	: 2.6639
Total_loss	: 3.5903
-------------------------------------
[Epoch : 146/250]
Src_cls_loss	: 0.0514
Trg_cls_loss	: 0.8793
Domain_loss	: 1.2620
Src_task_loss	: 0.3884
class_feature_and_domain_loss	: 2.1710
Trg_MMD_loss	: 1.7826
Contrast_loss	: 3.0370
Contrast_loss_cross	: 3.4100
Contrast_loss_intra	: 2.6641
Total_loss	: 3.5871
-------------------------------------
[Epoch : 147/250]
Src_cls_loss	: 0.0511
Trg_cls_loss	: 0.8774
Domain_loss	: 1.2614
Src_task_loss	: 0.3866
class_feature_and_domain_loss	: 2.1690
Trg_MMD_loss	: 1.7824
Contrast_loss	: 3.0375
Contrast_loss_cross	: 3.4101
Contrast_loss_intra	: 2.6648
Total_loss	: 3.5837
-------------------------------------
[Epoch : 148/250]
Src_cls_loss	: 0.0508
Trg_cls_loss	: 0.8752
Domain_loss	: 1.2614
Src_task_loss	: 0.3848
class_feature_and_domain_loss	: 2.1666
Trg_MMD_loss	: 1.7818
Contrast_loss	: 3.0378
Contrast_loss_cross	: 3.4102
Contrast_loss_intra	: 2.6654
Total_loss	: 3.5803
-------------------------------------
[Epoch : 149/250]
Source Domain Train Accuracy: 0.9777
Source Domain Train F1-Score: 0.9777
Target Domain Train Accuracy: 0.8984
Target Domain Train F1-Score: 0.8984
Target Domain Test Accuracy: 0.9431
Target Domain Test F1-Score: 0.9431
Src_cls_loss	: 0.0506
Trg_cls_loss	: 0.8732
Domain_loss	: 1.2612
Src_task_loss	: 0.3831
class_feature_and_domain_loss	: 2.1634
Trg_MMD_loss	: 1.7803
Contrast_loss	: 3.0379
Contrast_loss_cross	: 3.4103
Contrast_loss_intra	: 2.6654
Total_loss	: 3.5763
-------------------------------------
[Epoch : 150/250]
Src_cls_loss	: 0.0504
Trg_cls_loss	: 0.8719
Domain_loss	: 1.2611
Src_task_loss	: 0.3814
class_feature_and_domain_loss	: 2.1607
Trg_MMD_loss	: 1.7793
Contrast_loss	: 3.0378
Contrast_loss_cross	: 3.4104
Contrast_loss_intra	: 2.6653
Total_loss	: 3.5731
-------------------------------------
[Epoch : 151/250]
Src_cls_loss	: 0.0501
Trg_cls_loss	: 0.8708
Domain_loss	: 1.2609
Src_task_loss	: 0.3797
class_feature_and_domain_loss	: 2.1584
Trg_MMD_loss	: 1.7787
Contrast_loss	: 3.0376
Contrast_loss_cross	: 3.4105
Contrast_loss_intra	: 2.6647
Total_loss	: 3.5697
-------------------------------------
[Epoch : 152/250]
Src_cls_loss	: 0.0499
Trg_cls_loss	: 0.8686
Domain_loss	: 1.2602
Src_task_loss	: 0.3780
class_feature_and_domain_loss	: 2.1556
Trg_MMD_loss	: 1.7776
Contrast_loss	: 3.0374
Contrast_loss_cross	: 3.4107
Contrast_loss_intra	: 2.6642
Total_loss	: 3.5654
-------------------------------------
[Epoch : 153/250]
Src_cls_loss	: 0.0496
Trg_cls_loss	: 0.8665
Domain_loss	: 1.2591
Src_task_loss	: 0.3764
class_feature_and_domain_loss	: 2.1523
Trg_MMD_loss	: 1.7759
Contrast_loss	: 3.0371
Contrast_loss_cross	: 3.4108
Contrast_loss_intra	: 2.6635
Total_loss	: 3.5602
-------------------------------------
[Epoch : 154/250]
Source Domain Train Accuracy: 1.0000
Source Domain Train F1-Score: 1.0000
Target Domain Train Accuracy: 0.8828
Target Domain Train F1-Score: 0.8828
Target Domain Test Accuracy: 0.9106
Target Domain Test F1-Score: 0.9106
Src_cls_loss	: 0.0494
Trg_cls_loss	: 0.8643
Domain_loss	: 1.2584
Src_task_loss	: 0.3748
class_feature_and_domain_loss	: 2.1488
Trg_MMD_loss	: 1.7739
Contrast_loss	: 3.0369
Contrast_loss_cross	: 3.4109
Contrast_loss_intra	: 2.6628
Total_loss	: 3.5553
-------------------------------------
[Epoch : 155/250]
Src_cls_loss	: 0.0491
Trg_cls_loss	: 0.8619
Domain_loss	: 1.2581
Src_task_loss	: 0.3732
class_feature_and_domain_loss	: 2.1451
Trg_MMD_loss	: 1.7719
Contrast_loss	: 3.0366
Contrast_loss_cross	: 3.4111
Contrast_loss_intra	: 2.6622
Total_loss	: 3.5505
-------------------------------------
[Epoch : 156/250]
Src_cls_loss	: 0.0489
Trg_cls_loss	: 0.8594
Domain_loss	: 1.2583
Src_task_loss	: 0.3716
class_feature_and_domain_loss	: 2.1413
Trg_MMD_loss	: 1.7697
Contrast_loss	: 3.0364
Contrast_loss_cross	: 3.4112
Contrast_loss_intra	: 2.6615
Total_loss	: 3.5462
-------------------------------------
[Epoch : 157/250]
Src_cls_loss	: 0.0486
Trg_cls_loss	: 0.8578
Domain_loss	: 1.2587
Src_task_loss	: 0.3700
class_feature_and_domain_loss	: 2.1382
Trg_MMD_loss	: 1.7683
Contrast_loss	: 3.0361
Contrast_loss_cross	: 3.4114
Contrast_loss_intra	: 2.6608
Total_loss	: 3.5428
-------------------------------------
[Epoch : 158/250]
Src_cls_loss	: 0.0483
Trg_cls_loss	: 0.8562
Domain_loss	: 1.2592
Src_task_loss	: 0.3683
class_feature_and_domain_loss	: 2.1353
Trg_MMD_loss	: 1.7669
Contrast_loss	: 3.0358
Contrast_loss_cross	: 3.4115
Contrast_loss_intra	: 2.6602
Total_loss	: 3.5395
-------------------------------------
[Epoch : 159/250]
Source Domain Train Accuracy: 1.0000
Source Domain Train F1-Score: 1.0000
Target Domain Train Accuracy: 0.8750
Target Domain Train F1-Score: 0.8750
Target Domain Test Accuracy: 0.8943
Target Domain Test F1-Score: 0.8943
Src_cls_loss	: 0.0481
Trg_cls_loss	: 0.8546
Domain_loss	: 1.2595
Src_task_loss	: 0.3668
class_feature_and_domain_loss	: 2.1324
Trg_MMD_loss	: 1.7656
Contrast_loss	: 3.0356
Contrast_loss_cross	: 3.4117
Contrast_loss_intra	: 2.6596
Total_loss	: 3.5361
-------------------------------------
[Epoch : 160/250]
Src_cls_loss	: 0.0478
Trg_cls_loss	: 0.8529
Domain_loss	: 1.2599
Src_task_loss	: 0.3653
class_feature_and_domain_loss	: 2.1298
Trg_MMD_loss	: 1.7645
Contrast_loss	: 3.0355
Contrast_loss_cross	: 3.4118
Contrast_loss_intra	: 2.6591
Total_loss	: 3.5330
-------------------------------------
[Epoch : 161/250]
Src_cls_loss	: 0.0475
Trg_cls_loss	: 0.8515
Domain_loss	: 1.2605
Src_task_loss	: 0.3638
class_feature_and_domain_loss	: 2.1277
Trg_MMD_loss	: 1.7640
Contrast_loss	: 3.0353
Contrast_loss_cross	: 3.4119
Contrast_loss_intra	: 2.6587
Total_loss	: 3.5306
-------------------------------------
[Epoch : 162/250]
Src_cls_loss	: 0.0472
Trg_cls_loss	: 0.8503
Domain_loss	: 1.2610
Src_task_loss	: 0.3623
class_feature_and_domain_loss	: 2.1257
Trg_MMD_loss	: 1.7633
Contrast_loss	: 3.0351
Contrast_loss_cross	: 3.4120
Contrast_loss_intra	: 2.6582
Total_loss	: 3.5283
-------------------------------------
[Epoch : 163/250]
Src_cls_loss	: 0.0469
Trg_cls_loss	: 0.8490
Domain_loss	: 1.2615
Src_task_loss	: 0.3608
class_feature_and_domain_loss	: 2.1241
Trg_MMD_loss	: 1.7633
Contrast_loss	: 3.0349
Contrast_loss_cross	: 3.4122
Contrast_loss_intra	: 2.6577
Total_loss	: 3.5264
-------------------------------------
[Epoch : 164/250]
Source Domain Train Accuracy: 1.0000
Source Domain Train F1-Score: 1.0000
Target Domain Train Accuracy: 0.8945
Target Domain Train F1-Score: 0.8945
Target Domain Test Accuracy: 0.9106
Target Domain Test F1-Score: 0.9106
Src_cls_loss	: 0.0467
Trg_cls_loss	: 0.8488
Domain_loss	: 1.2620
Src_task_loss	: 0.3593
class_feature_and_domain_loss	: 2.1231
Trg_MMD_loss	: 1.7638
Contrast_loss	: 3.0348
Contrast_loss_cross	: 3.4123
Contrast_loss_intra	: 2.6573
Total_loss	: 3.5251
-------------------------------------
[Epoch : 165/250]
Src_cls_loss	: 0.0464
Trg_cls_loss	: 0.8479
Domain_loss	: 1.2623
Src_task_loss	: 0.3580
class_feature_and_domain_loss	: 2.1222
Trg_MMD_loss	: 1.7642
Contrast_loss	: 3.0347
Contrast_loss_cross	: 3.4124
Contrast_loss_intra	: 2.6570
Total_loss	: 3.5237
-------------------------------------
[Epoch : 166/250]
Src_cls_loss	: 0.0461
Trg_cls_loss	: 0.8470
Domain_loss	: 1.2622
Src_task_loss	: 0.3566
class_feature_and_domain_loss	: 2.1216
Trg_MMD_loss	: 1.7650
Contrast_loss	: 3.0345
Contrast_loss_cross	: 3.4125
Contrast_loss_intra	: 2.6564
Total_loss	: 3.5222
-------------------------------------
[Epoch : 167/250]
Src_cls_loss	: 0.0459
Trg_cls_loss	: 0.8458
Domain_loss	: 1.2622
Src_task_loss	: 0.3552
class_feature_and_domain_loss	: 2.1206
Trg_MMD_loss	: 1.7654
Contrast_loss	: 3.0343
Contrast_loss_cross	: 3.4126
Contrast_loss_intra	: 2.6560
Total_loss	: 3.5205
-------------------------------------
[Epoch : 168/250]
Src_cls_loss	: 0.0456
Trg_cls_loss	: 0.8446
Domain_loss	: 1.2621
Src_task_loss	: 0.3538
class_feature_and_domain_loss	: 2.1199
Trg_MMD_loss	: 1.7661
Contrast_loss	: 3.0342
Contrast_loss_cross	: 3.4128
Contrast_loss_intra	: 2.6556
Total_loss	: 3.5189
-------------------------------------
[Epoch : 169/250]
Source Domain Train Accuracy: 1.0000
Source Domain Train F1-Score: 1.0000
Target Domain Train Accuracy: 0.9102
Target Domain Train F1-Score: 0.9102
Target Domain Test Accuracy: 0.9106
Target Domain Test F1-Score: 0.9106
Src_cls_loss	: 0.0454
Trg_cls_loss	: 0.8436
Domain_loss	: 1.2620
Src_task_loss	: 0.3525
class_feature_and_domain_loss	: 2.1187
Trg_MMD_loss	: 1.7662
Contrast_loss	: 3.0340
Contrast_loss_cross	: 3.4129
Contrast_loss_intra	: 2.6552
Total_loss	: 3.5168
-------------------------------------
[Epoch : 170/250]
Src_cls_loss	: 0.0451
Trg_cls_loss	: 0.8423
Domain_loss	: 1.2618
Src_task_loss	: 0.3511
class_feature_and_domain_loss	: 2.1171
Trg_MMD_loss	: 1.7660
Contrast_loss	: 3.0340
Contrast_loss_cross	: 3.4130
Contrast_loss_intra	: 2.6549
Total_loss	: 3.5144
-------------------------------------
[Epoch : 171/250]
Src_cls_loss	: 0.0449
Trg_cls_loss	: 0.8410
Domain_loss	: 1.2618
Src_task_loss	: 0.3497
class_feature_and_domain_loss	: 2.1154
Trg_MMD_loss	: 1.7657
Contrast_loss	: 3.0337
Contrast_loss_cross	: 3.4131
Contrast_loss_intra	: 2.6543
Total_loss	: 3.5119
-------------------------------------
[Epoch : 172/250]
Src_cls_loss	: 0.0446
Trg_cls_loss	: 0.8391
Domain_loss	: 1.2619
Src_task_loss	: 0.3484
class_feature_and_domain_loss	: 2.1137
Trg_MMD_loss	: 1.7653
Contrast_loss	: 3.0335
Contrast_loss_cross	: 3.4132
Contrast_loss_intra	: 2.6538
Total_loss	: 3.5095
-------------------------------------
[Epoch : 173/250]
Src_cls_loss	: 0.0444
Trg_cls_loss	: 0.8371
Domain_loss	: 1.2623
Src_task_loss	: 0.3471
class_feature_and_domain_loss	: 2.1120
Trg_MMD_loss	: 1.7649
Contrast_loss	: 3.0333
Contrast_loss_cross	: 3.4134
Contrast_loss_intra	: 2.6533
Total_loss	: 3.5075
-------------------------------------
[Epoch : 174/250]
Source Domain Train Accuracy: 1.0000
Source Domain Train F1-Score: 1.0000
Target Domain Train Accuracy: 0.9102
Target Domain Train F1-Score: 0.9102
Target Domain Test Accuracy: 0.9106
Target Domain Test F1-Score: 0.9106
Src_cls_loss	: 0.0442
Trg_cls_loss	: 0.8356
Domain_loss	: 1.2630
Src_task_loss	: 0.3458
class_feature_and_domain_loss	: 2.1105
Trg_MMD_loss	: 1.7647
Contrast_loss	: 3.0332
Contrast_loss_cross	: 3.4135
Contrast_loss_intra	: 2.6530
Total_loss	: 3.5061
-------------------------------------
[Epoch : 175/250]
Src_cls_loss	: 0.0440
Trg_cls_loss	: 0.8344
Domain_loss	: 1.2634
Src_task_loss	: 0.3445
class_feature_and_domain_loss	: 2.1093
Trg_MMD_loss	: 1.7648
Contrast_loss	: 3.0331
Contrast_loss_cross	: 3.4136
Contrast_loss_intra	: 2.6526
Total_loss	: 3.5046
-------------------------------------
[Epoch : 176/250]
Src_cls_loss	: 0.0438
Trg_cls_loss	: 0.8333
Domain_loss	: 1.2638
Src_task_loss	: 0.3433
class_feature_and_domain_loss	: 2.1082
Trg_MMD_loss	: 1.7649
Contrast_loss	: 3.0330
Contrast_loss_cross	: 3.4137
Contrast_loss_intra	: 2.6523
Total_loss	: 3.5033
-------------------------------------
[Epoch : 177/250]
Src_cls_loss	: 0.0435
Trg_cls_loss	: 0.8326
Domain_loss	: 1.2639
Src_task_loss	: 0.3420
class_feature_and_domain_loss	: 2.1068
Trg_MMD_loss	: 1.7649
Contrast_loss	: 3.0329
Contrast_loss_cross	: 3.4138
Contrast_loss_intra	: 2.6519
Total_loss	: 3.5013
-------------------------------------
[Epoch : 178/250]
Src_cls_loss	: 0.0433
Trg_cls_loss	: 0.8320
Domain_loss	: 1.2641
Src_task_loss	: 0.3406
class_feature_and_domain_loss	: 2.1057
Trg_MMD_loss	: 1.7651
Contrast_loss	: 3.0327
Contrast_loss_cross	: 3.4139
Contrast_loss_intra	: 2.6515
Total_loss	: 3.4997
-------------------------------------
[Epoch : 179/250]
Source Domain Train Accuracy: 1.0000
Source Domain Train F1-Score: 1.0000
Target Domain Train Accuracy: 0.8984
Target Domain Train F1-Score: 0.8984
Target Domain Test Accuracy: 0.9187
Target Domain Test F1-Score: 0.9187
Src_cls_loss	: 0.0430
Trg_cls_loss	: 0.8313
Domain_loss	: 1.2644
Src_task_loss	: 0.3394
class_feature_and_domain_loss	: 2.1046
Trg_MMD_loss	: 1.7652
Contrast_loss	: 3.0325
Contrast_loss_cross	: 3.4140
Contrast_loss_intra	: 2.6510
Total_loss	: 3.4982
-------------------------------------
[Epoch : 180/250]
Src_cls_loss	: 0.0428
Trg_cls_loss	: 0.8318
Domain_loss	: 1.2646
Src_task_loss	: 0.3383
class_feature_and_domain_loss	: 2.1036
Trg_MMD_loss	: 1.7653
Contrast_loss	: 3.0323
Contrast_loss_cross	: 3.4141
Contrast_loss_intra	: 2.6505
Total_loss	: 3.4967
-------------------------------------
[Epoch : 181/250]
Src_cls_loss	: 0.0426
Trg_cls_loss	: 0.8327
Domain_loss	: 1.2649
Src_task_loss	: 0.3371
class_feature_and_domain_loss	: 2.1029
Trg_MMD_loss	: 1.7658
Contrast_loss	: 3.0320
Contrast_loss_cross	: 3.4142
Contrast_loss_intra	: 2.6499
Total_loss	: 3.4956
-------------------------------------
[Epoch : 182/250]
Src_cls_loss	: 0.0424
Trg_cls_loss	: 0.8332
Domain_loss	: 1.2650
Src_task_loss	: 0.3359
class_feature_and_domain_loss	: 2.1026
Trg_MMD_loss	: 1.7666
Contrast_loss	: 3.0318
Contrast_loss_cross	: 3.4142
Contrast_loss_intra	: 2.6494
Total_loss	: 3.4947
-------------------------------------
[Epoch : 183/250]
Src_cls_loss	: 0.0422
Trg_cls_loss	: 0.8342
Domain_loss	: 1.2654
Src_task_loss	: 0.3347
class_feature_and_domain_loss	: 2.1027
Trg_MMD_loss	: 1.7680
Contrast_loss	: 3.0316
Contrast_loss_cross	: 3.4143
Contrast_loss_intra	: 2.6489
Total_loss	: 3.4945
-------------------------------------
[Epoch : 184/250]
Source Domain Train Accuracy: 1.0000
Source Domain Train F1-Score: 1.0000
Target Domain Train Accuracy: 0.8867
Target Domain Train F1-Score: 0.8867
Target Domain Test Accuracy: 0.9024
Target Domain Test F1-Score: 0.9024
Src_cls_loss	: 0.0419
Trg_cls_loss	: 0.8349
Domain_loss	: 1.2656
Src_task_loss	: 0.3336
class_feature_and_domain_loss	: 2.1031
Trg_MMD_loss	: 1.7695
Contrast_loss	: 3.0314
Contrast_loss_cross	: 3.4144
Contrast_loss_intra	: 2.6484
Total_loss	: 3.4945
-------------------------------------
[Epoch : 185/250]
Src_cls_loss	: 0.0417
Trg_cls_loss	: 0.8351
Domain_loss	: 1.2656
Src_task_loss	: 0.3325
class_feature_and_domain_loss	: 2.1038
Trg_MMD_loss	: 1.7713
Contrast_loss	: 3.0311
Contrast_loss_cross	: 3.4145
Contrast_loss_intra	: 2.6477
Total_loss	: 3.4945
-------------------------------------
[Epoch : 186/250]
Src_cls_loss	: 0.0415
Trg_cls_loss	: 0.8356
Domain_loss	: 1.2655
Src_task_loss	: 0.3313
class_feature_and_domain_loss	: 2.1044
Trg_MMD_loss	: 1.7731
Contrast_loss	: 3.0308
Contrast_loss_cross	: 3.4146
Contrast_loss_intra	: 2.6470
Total_loss	: 3.4943
-------------------------------------
[Epoch : 187/250]
Src_cls_loss	: 0.0413
Trg_cls_loss	: 0.8351
Domain_loss	: 1.2657
Src_task_loss	: 0.3302
class_feature_and_domain_loss	: 2.1046
Trg_MMD_loss	: 1.7744
Contrast_loss	: 3.0305
Contrast_loss_cross	: 3.4147
Contrast_loss_intra	: 2.6464
Total_loss	: 3.4942
-------------------------------------
[Epoch : 188/250]
Src_cls_loss	: 0.0411
Trg_cls_loss	: 0.8343
Domain_loss	: 1.2658
Src_task_loss	: 0.3290
class_feature_and_domain_loss	: 2.1047
Trg_MMD_loss	: 1.7756
Contrast_loss	: 3.0302
Contrast_loss_cross	: 3.4148
Contrast_loss_intra	: 2.6457
Total_loss	: 3.4938
-------------------------------------
[Epoch : 189/250]
Source Domain Train Accuracy: 1.0000
Source Domain Train F1-Score: 1.0000
Target Domain Train Accuracy: 0.8594
Target Domain Train F1-Score: 0.8594
Target Domain Test Accuracy: 0.8943
Target Domain Test F1-Score: 0.8943
Src_cls_loss	: 0.0409
Trg_cls_loss	: 0.8329
Domain_loss	: 1.2662
Src_task_loss	: 0.3279
class_feature_and_domain_loss	: 2.1045
Trg_MMD_loss	: 1.7766
Contrast_loss	: 3.0301
Contrast_loss_cross	: 3.4149
Contrast_loss_intra	: 2.6453
Total_loss	: 3.4934
-------------------------------------
[Epoch : 190/250]
Src_cls_loss	: 0.0407
Trg_cls_loss	: 0.8313
Domain_loss	: 1.2670
Src_task_loss	: 0.3268
class_feature_and_domain_loss	: 2.1046
Trg_MMD_loss	: 1.7779
Contrast_loss	: 3.0299
Contrast_loss_cross	: 3.4149
Contrast_loss_intra	: 2.6448
Total_loss	: 3.4937
-------------------------------------
[Epoch : 191/250]
Src_cls_loss	: 0.0405
Trg_cls_loss	: 0.8302
Domain_loss	: 1.2676
Src_task_loss	: 0.3257
class_feature_and_domain_loss	: 2.1049
Trg_MMD_loss	: 1.7792
Contrast_loss	: 3.0298
Contrast_loss_cross	: 3.4150
Contrast_loss_intra	: 2.6445
Total_loss	: 3.4940
-------------------------------------
[Epoch : 192/250]
Src_cls_loss	: 0.0403
Trg_cls_loss	: 0.8288
Domain_loss	: 1.2674
Src_task_loss	: 0.3246
class_feature_and_domain_loss	: 2.1051
Trg_MMD_loss	: 1.7805
Contrast_loss	: 3.0297
Contrast_loss_cross	: 3.4151
Contrast_loss_intra	: 2.6442
Total_loss	: 3.4934
-------------------------------------
[Epoch : 193/250]
Src_cls_loss	: 0.0401
Trg_cls_loss	: 0.8280
Domain_loss	: 1.2668
Src_task_loss	: 0.3235
class_feature_and_domain_loss	: 2.1054
Trg_MMD_loss	: 1.7819
Contrast_loss	: 3.0294
Contrast_loss_cross	: 3.4152
Contrast_loss_intra	: 2.6437
Total_loss	: 3.4926
-------------------------------------
[Epoch : 194/250]
Source Domain Train Accuracy: 1.0000
Source Domain Train F1-Score: 1.0000
Target Domain Train Accuracy: 0.9102
Target Domain Train F1-Score: 0.9102
Target Domain Test Accuracy: 0.9268
Target Domain Test F1-Score: 0.9268
Src_cls_loss	: 0.0399
Trg_cls_loss	: 0.8270
Domain_loss	: 1.2664
Src_task_loss	: 0.3224
class_feature_and_domain_loss	: 2.1055
Trg_MMD_loss	: 1.7831
Contrast_loss	: 3.0293
Contrast_loss_cross	: 3.4153
Contrast_loss_intra	: 2.6433
Total_loss	: 3.4916
-------------------------------------
[Epoch : 195/250]
Src_cls_loss	: 0.0397
Trg_cls_loss	: 0.8258
Domain_loss	: 1.2662
Src_task_loss	: 0.3213
class_feature_and_domain_loss	: 2.1051
Trg_MMD_loss	: 1.7838
Contrast_loss	: 3.0291
Contrast_loss_cross	: 3.4154
Contrast_loss_intra	: 2.6429
Total_loss	: 3.4904
-------------------------------------
[Epoch : 196/250]
Src_cls_loss	: 0.0395
Trg_cls_loss	: 0.8247
Domain_loss	: 1.2664
Src_task_loss	: 0.3202
class_feature_and_domain_loss	: 2.1043
Trg_MMD_loss	: 1.7841
Contrast_loss	: 3.0290
Contrast_loss_cross	: 3.4155
Contrast_loss_intra	: 2.6425
Total_loss	: 3.4893
-------------------------------------
[Epoch : 197/250]
Src_cls_loss	: 0.0394
Trg_cls_loss	: 0.8238
Domain_loss	: 1.2666
Src_task_loss	: 0.3192
class_feature_and_domain_loss	: 2.1037
Trg_MMD_loss	: 1.7845
Contrast_loss	: 3.0288
Contrast_loss_cross	: 3.4156
Contrast_loss_intra	: 2.6420
Total_loss	: 3.4884
-------------------------------------
[Epoch : 198/250]
Src_cls_loss	: 0.0392
Trg_cls_loss	: 0.8228
Domain_loss	: 1.2665
Src_task_loss	: 0.3182
class_feature_and_domain_loss	: 2.1033
Trg_MMD_loss	: 1.7851
Contrast_loss	: 3.0287
Contrast_loss_cross	: 3.4157
Contrast_loss_intra	: 2.6417
Total_loss	: 3.4874
-------------------------------------
[Epoch : 199/250]
Source Domain Train Accuracy: 0.9911
Source Domain Train F1-Score: 0.9911
Target Domain Train Accuracy: 0.9062
Target Domain Train F1-Score: 0.9062
Target Domain Test Accuracy: 0.9350
Target Domain Test F1-Score: 0.9350
Src_cls_loss	: 0.0390
Trg_cls_loss	: 0.8218
Domain_loss	: 1.2663
Src_task_loss	: 0.3171
class_feature_and_domain_loss	: 2.1025
Trg_MMD_loss	: 1.7854
Contrast_loss	: 3.0286
Contrast_loss_cross	: 3.4158
Contrast_loss_intra	: 2.6414
Total_loss	: 3.4858
-------------------------------------
[Epoch : 200/250]
Src_cls_loss	: 0.0389
Trg_cls_loss	: 0.8204
Domain_loss	: 1.2663
Src_task_loss	: 0.3160
class_feature_and_domain_loss	: 2.1010
Trg_MMD_loss	: 1.7849
Contrast_loss	: 3.0284
Contrast_loss_cross	: 3.4159
Contrast_loss_intra	: 2.6410
Total_loss	: 3.4839
-------------------------------------
[Epoch : 201/250]
Src_cls_loss	: 0.0387
Trg_cls_loss	: 0.8185
Domain_loss	: 1.2664
Src_task_loss	: 0.3150
class_feature_and_domain_loss	: 2.0992
Trg_MMD_loss	: 1.7842
Contrast_loss	: 3.0283
Contrast_loss_cross	: 3.4159
Contrast_loss_intra	: 2.6406
Total_loss	: 3.4817
-------------------------------------
[Epoch : 202/250]
Src_cls_loss	: 0.0385
Trg_cls_loss	: 0.8166
Domain_loss	: 1.2665
Src_task_loss	: 0.3141
class_feature_and_domain_loss	: 2.0974
Trg_MMD_loss	: 1.7833
Contrast_loss	: 3.0280
Contrast_loss_cross	: 3.4160
Contrast_loss_intra	: 2.6401
Total_loss	: 3.4795
-------------------------------------
[Epoch : 203/250]
Src_cls_loss	: 0.0384
Trg_cls_loss	: 0.8148
Domain_loss	: 1.2669
Src_task_loss	: 0.3130
class_feature_and_domain_loss	: 2.0953
Trg_MMD_loss	: 1.7823
Contrast_loss	: 3.0278
Contrast_loss_cross	: 3.4161
Contrast_loss_intra	: 2.6395
Total_loss	: 3.4773
-------------------------------------
[Epoch : 204/250]
Source Domain Train Accuracy: 0.9866
Source Domain Train F1-Score: 0.9866
Target Domain Train Accuracy: 0.8867
Target Domain Train F1-Score: 0.8867
Target Domain Test Accuracy: 0.9268
Target Domain Test F1-Score: 0.9268
Src_cls_loss	: 0.0382
Trg_cls_loss	: 0.8132
Domain_loss	: 1.2672
Src_task_loss	: 0.3120
class_feature_and_domain_loss	: 2.0933
Trg_MMD_loss	: 1.7812
Contrast_loss	: 3.0277
Contrast_loss_cross	: 3.4162
Contrast_loss_intra	: 2.6391
Total_loss	: 3.4750
-------------------------------------
[Epoch : 205/250]
Src_cls_loss	: 0.0380
Trg_cls_loss	: 0.8115
Domain_loss	: 1.2675
Src_task_loss	: 0.3110
class_feature_and_domain_loss	: 2.0917
Trg_MMD_loss	: 1.7807
Contrast_loss	: 3.0276
Contrast_loss_cross	: 3.4163
Contrast_loss_intra	: 2.6389
Total_loss	: 3.4732
-------------------------------------
[Epoch : 206/250]
Src_cls_loss	: 0.0379
Trg_cls_loss	: 0.8101
Domain_loss	: 1.2678
Src_task_loss	: 0.3100
class_feature_and_domain_loss	: 2.0900
Trg_MMD_loss	: 1.7799
Contrast_loss	: 3.0274
Contrast_loss_cross	: 3.4164
Contrast_loss_intra	: 2.6385
Total_loss	: 3.4713
-------------------------------------
[Epoch : 207/250]
Src_cls_loss	: 0.0377
Trg_cls_loss	: 0.8087
Domain_loss	: 1.2679
Src_task_loss	: 0.3091
class_feature_and_domain_loss	: 2.0883
Trg_MMD_loss	: 1.7792
Contrast_loss	: 3.0274
Contrast_loss_cross	: 3.4164
Contrast_loss_intra	: 2.6383
Total_loss	: 3.4693
-------------------------------------
[Epoch : 208/250]
Src_cls_loss	: 0.0375
Trg_cls_loss	: 0.8073
Domain_loss	: 1.2678
Src_task_loss	: 0.3081
class_feature_and_domain_loss	: 2.0867
Trg_MMD_loss	: 1.7786
Contrast_loss	: 3.0273
Contrast_loss_cross	: 3.4165
Contrast_loss_intra	: 2.6380
Total_loss	: 3.4671
-------------------------------------
[Epoch : 209/250]
Source Domain Train Accuracy: 0.9866
Source Domain Train F1-Score: 0.9866
Target Domain Train Accuracy: 0.8945
Target Domain Train F1-Score: 0.8945
Target Domain Test Accuracy: 0.9350
Target Domain Test F1-Score: 0.9350
Src_cls_loss	: 0.0374
Trg_cls_loss	: 0.8062
Domain_loss	: 1.2677
Src_task_loss	: 0.3072
class_feature_and_domain_loss	: 2.0853
Trg_MMD_loss	: 1.7781
Contrast_loss	: 3.0272
Contrast_loss_cross	: 3.4166
Contrast_loss_intra	: 2.6378
Total_loss	: 3.4651
-------------------------------------
[Epoch : 210/250]
Src_cls_loss	: 0.0372
Trg_cls_loss	: 0.8053
Domain_loss	: 1.2675
Src_task_loss	: 0.3063
class_feature_and_domain_loss	: 2.0841
Trg_MMD_loss	: 1.7778
Contrast_loss	: 3.0272
Contrast_loss_cross	: 3.4166
Contrast_loss_intra	: 2.6377
Total_loss	: 3.4631
-------------------------------------
[Epoch : 211/250]
Src_cls_loss	: 0.0370
Trg_cls_loss	: 0.8043
Domain_loss	: 1.2673
Src_task_loss	: 0.3053
class_feature_and_domain_loss	: 2.0829
Trg_MMD_loss	: 1.7776
Contrast_loss	: 3.0271
Contrast_loss_cross	: 3.4167
Contrast_loss_intra	: 2.6376
Total_loss	: 3.4613
-------------------------------------
[Epoch : 212/250]
Src_cls_loss	: 0.0369
Trg_cls_loss	: 0.8037
Domain_loss	: 1.2672
Src_task_loss	: 0.3044
class_feature_and_domain_loss	: 2.0819
Trg_MMD_loss	: 1.7775
Contrast_loss	: 3.0271
Contrast_loss_cross	: 3.4168
Contrast_loss_intra	: 2.6374
Total_loss	: 3.4596
-------------------------------------
[Epoch : 213/250]
Src_cls_loss	: 0.0367
Trg_cls_loss	: 0.8028
Domain_loss	: 1.2672
Src_task_loss	: 0.3035
class_feature_and_domain_loss	: 2.0810
Trg_MMD_loss	: 1.7775
Contrast_loss	: 3.0270
Contrast_loss_cross	: 3.4169
Contrast_loss_intra	: 2.6371
Total_loss	: 3.4582
-------------------------------------
[Epoch : 214/250]
Source Domain Train Accuracy: 1.0000
Source Domain Train F1-Score: 1.0000
Target Domain Train Accuracy: 0.8906
Target Domain Train F1-Score: 0.8906
Target Domain Test Accuracy: 0.9187
Target Domain Test F1-Score: 0.9187
Src_cls_loss	: 0.0365
Trg_cls_loss	: 0.8025
Domain_loss	: 1.2674
Src_task_loss	: 0.3026
class_feature_and_domain_loss	: 2.0802
Trg_MMD_loss	: 1.7776
Contrast_loss	: 3.0269
Contrast_loss_cross	: 3.4169
Contrast_loss_intra	: 2.6368
Total_loss	: 3.4572
-------------------------------------
[Epoch : 215/250]
Src_cls_loss	: 0.0364
Trg_cls_loss	: 0.8016
Domain_loss	: 1.2676
Src_task_loss	: 0.3017
class_feature_and_domain_loss	: 2.0797
Trg_MMD_loss	: 1.7779
Contrast_loss	: 3.0267
Contrast_loss_cross	: 3.4170
Contrast_loss_intra	: 2.6365
Total_loss	: 3.4563
-------------------------------------
[Epoch : 216/250]
Src_cls_loss	: 0.0362
Trg_cls_loss	: 0.8006
Domain_loss	: 1.2678
Src_task_loss	: 0.3008
class_feature_and_domain_loss	: 2.0790
Trg_MMD_loss	: 1.7782
Contrast_loss	: 3.0266
Contrast_loss_cross	: 3.4171
Contrast_loss_intra	: 2.6361
Total_loss	: 3.4554
-------------------------------------
[Epoch : 217/250]
Src_cls_loss	: 0.0361
Trg_cls_loss	: 0.8002
Domain_loss	: 1.2680
Src_task_loss	: 0.2999
class_feature_and_domain_loss	: 2.0786
Trg_MMD_loss	: 1.7786
Contrast_loss	: 3.0264
Contrast_loss_cross	: 3.4172
Contrast_loss_intra	: 2.6357
Total_loss	: 3.4548
-------------------------------------
[Epoch : 218/250]
Src_cls_loss	: 0.0359
Trg_cls_loss	: 0.7992
Domain_loss	: 1.2683
Src_task_loss	: 0.2990
class_feature_and_domain_loss	: 2.0781
Trg_MMD_loss	: 1.7790
Contrast_loss	: 3.0263
Contrast_loss_cross	: 3.4173
Contrast_loss_intra	: 2.6353
Total_loss	: 3.4541
-------------------------------------
[Epoch : 219/250]
Source Domain Train Accuracy: 1.0000
Source Domain Train F1-Score: 1.0000
Target Domain Train Accuracy: 0.8984
Target Domain Train F1-Score: 0.8984
Target Domain Test Accuracy: 0.9268
Target Domain Test F1-Score: 0.9268
Src_cls_loss	: 0.0357
Trg_cls_loss	: 0.7987
Domain_loss	: 1.2687
Src_task_loss	: 0.2982
class_feature_and_domain_loss	: 2.0774
Trg_MMD_loss	: 1.7792
Contrast_loss	: 3.0262
Contrast_loss_cross	: 3.4174
Contrast_loss_intra	: 2.6350
Total_loss	: 3.4533
-------------------------------------
[Epoch : 220/250]
Src_cls_loss	: 0.0356
Trg_cls_loss	: 0.7981
Domain_loss	: 1.2691
Src_task_loss	: 0.2973
class_feature_and_domain_loss	: 2.0767
Trg_MMD_loss	: 1.7795
Contrast_loss	: 3.0261
Contrast_loss_cross	: 3.4175
Contrast_loss_intra	: 2.6347
Total_loss	: 3.4526
-------------------------------------
[Epoch : 221/250]
Src_cls_loss	: 0.0355
Trg_cls_loss	: 0.7978
Domain_loss	: 1.2694
Src_task_loss	: 0.2965
class_feature_and_domain_loss	: 2.0760
Trg_MMD_loss	: 1.7795
Contrast_loss	: 3.0260
Contrast_loss_cross	: 3.4176
Contrast_loss_intra	: 2.6344
Total_loss	: 3.4517
-------------------------------------
[Epoch : 222/250]
Src_cls_loss	: 0.0353
Trg_cls_loss	: 0.7975
Domain_loss	: 1.2697
Src_task_loss	: 0.2956
class_feature_and_domain_loss	: 2.0752
Trg_MMD_loss	: 1.7796
Contrast_loss	: 3.0259
Contrast_loss_cross	: 3.4176
Contrast_loss_intra	: 2.6341
Total_loss	: 3.4508
-------------------------------------
[Epoch : 223/250]
Src_cls_loss	: 0.0352
Trg_cls_loss	: 0.7974
Domain_loss	: 1.2700
Src_task_loss	: 0.2947
class_feature_and_domain_loss	: 2.0743
Trg_MMD_loss	: 1.7796
Contrast_loss	: 3.0257
Contrast_loss_cross	: 3.4177
Contrast_loss_intra	: 2.6337
Total_loss	: 3.4498
-------------------------------------
[Epoch : 224/250]
Source Domain Train Accuracy: 0.9866
Source Domain Train F1-Score: 0.9866
Target Domain Train Accuracy: 0.8984
Target Domain Train F1-Score: 0.8984
Target Domain Test Accuracy: 0.9431
Target Domain Test F1-Score: 0.9431
Src_cls_loss	: 0.0350
Trg_cls_loss	: 0.7973
Domain_loss	: 1.2703
Src_task_loss	: 0.2939
class_feature_and_domain_loss	: 2.0735
Trg_MMD_loss	: 1.7796
Contrast_loss	: 3.0256
Contrast_loss_cross	: 3.4178
Contrast_loss_intra	: 2.6334
Total_loss	: 3.4489
-------------------------------------
[Epoch : 225/250]
Src_cls_loss	: 0.0349
Trg_cls_loss	: 0.7974
Domain_loss	: 1.2704
Src_task_loss	: 0.2931
class_feature_and_domain_loss	: 2.0728
Trg_MMD_loss	: 1.7797
Contrast_loss	: 3.0255
Contrast_loss_cross	: 3.4179
Contrast_loss_intra	: 2.6330
Total_loss	: 3.4477
-------------------------------------
[Epoch : 226/250]
Src_cls_loss	: 0.0348
Trg_cls_loss	: 0.7972
Domain_loss	: 1.2706
Src_task_loss	: 0.2923
class_feature_and_domain_loss	: 2.0724
Trg_MMD_loss	: 1.7802
Contrast_loss	: 3.0253
Contrast_loss_cross	: 3.4180
Contrast_loss_intra	: 2.6326
Total_loss	: 3.4473
-------------------------------------
[Epoch : 227/250]
Src_cls_loss	: 0.0346
Trg_cls_loss	: 0.7969
Domain_loss	: 1.2708
Src_task_loss	: 0.2915
class_feature_and_domain_loss	: 2.0721
Trg_MMD_loss	: 1.7805
Contrast_loss	: 3.0252
Contrast_loss_cross	: 3.4181
Contrast_loss_intra	: 2.6322
Total_loss	: 3.4467
-------------------------------------
[Epoch : 228/250]
Src_cls_loss	: 0.0345
Trg_cls_loss	: 0.7970
Domain_loss	: 1.2711
Src_task_loss	: 0.2907
class_feature_and_domain_loss	: 2.0718
Trg_MMD_loss	: 1.7811
Contrast_loss	: 3.0250
Contrast_loss_cross	: 3.4182
Contrast_loss_intra	: 2.6317
Total_loss	: 3.4463
-------------------------------------
[Epoch : 229/250]
Source Domain Train Accuracy: 1.0000
Source Domain Train F1-Score: 1.0000
Target Domain Train Accuracy: 0.8984
Target Domain Train F1-Score: 0.8984
Target Domain Test Accuracy: 0.9187
Target Domain Test F1-Score: 0.9187
Src_cls_loss	: 0.0343
Trg_cls_loss	: 0.7969
Domain_loss	: 1.2716
Src_task_loss	: 0.2899
class_feature_and_domain_loss	: 2.0715
Trg_MMD_loss	: 1.7816
Contrast_loss	: 3.0248
Contrast_loss_cross	: 3.4182
Contrast_loss_intra	: 2.6313
Total_loss	: 3.4460
-------------------------------------
[Epoch : 230/250]
Src_cls_loss	: 0.0342
Trg_cls_loss	: 0.7973
Domain_loss	: 1.2719
Src_task_loss	: 0.2891
class_feature_and_domain_loss	: 2.0714
Trg_MMD_loss	: 1.7823
Contrast_loss	: 3.0246
Contrast_loss_cross	: 3.4183
Contrast_loss_intra	: 2.6309
Total_loss	: 3.4458
-------------------------------------
[Epoch : 231/250]
Src_cls_loss	: 0.0340
Trg_cls_loss	: 0.7975
Domain_loss	: 1.2723
Src_task_loss	: 0.2883
class_feature_and_domain_loss	: 2.0714
Trg_MMD_loss	: 1.7831
Contrast_loss	: 3.0245
Contrast_loss_cross	: 3.4184
Contrast_loss_intra	: 2.6306
Total_loss	: 3.4457
-------------------------------------
[Epoch : 232/250]
Src_cls_loss	: 0.0339
Trg_cls_loss	: 0.7987
Domain_loss	: 1.2726
Src_task_loss	: 0.2875
class_feature_and_domain_loss	: 2.0715
Trg_MMD_loss	: 1.7840
Contrast_loss	: 3.0244
Contrast_loss_cross	: 3.4185
Contrast_loss_intra	: 2.6302
Total_loss	: 3.4457
-------------------------------------
[Epoch : 233/250]
Src_cls_loss	: 0.0337
Trg_cls_loss	: 0.7995
Domain_loss	: 1.2729
Src_task_loss	: 0.2868
class_feature_and_domain_loss	: 2.0718
Trg_MMD_loss	: 1.7850
Contrast_loss	: 3.0242
Contrast_loss_cross	: 3.4185
Contrast_loss_intra	: 2.6298
Total_loss	: 3.4459
-------------------------------------
[Epoch : 234/250]
Source Domain Train Accuracy: 1.0000
Source Domain Train F1-Score: 1.0000
Target Domain Train Accuracy: 0.8984
Target Domain Train F1-Score: 0.8984
Target Domain Test Accuracy: 0.9106
Target Domain Test F1-Score: 0.9106
Src_cls_loss	: 0.0336
Trg_cls_loss	: 0.8001
Domain_loss	: 1.2732
Src_task_loss	: 0.2860
class_feature_and_domain_loss	: 2.0723
Trg_MMD_loss	: 1.7863
Contrast_loss	: 3.0240
Contrast_loss_cross	: 3.4186
Contrast_loss_intra	: 2.6295
Total_loss	: 3.4462
-------------------------------------
[Epoch : 235/250]
Src_cls_loss	: 0.0334
Trg_cls_loss	: 0.8005
Domain_loss	: 1.2733
Src_task_loss	: 0.2853
class_feature_and_domain_loss	: 2.0725
Trg_MMD_loss	: 1.7872
Contrast_loss	: 3.0239
Contrast_loss_cross	: 3.4187
Contrast_loss_intra	: 2.6290
Total_loss	: 3.4461
-------------------------------------
[Epoch : 236/250]
Src_cls_loss	: 0.0333
Trg_cls_loss	: 0.8009
Domain_loss	: 1.2735
Src_task_loss	: 0.2845
class_feature_and_domain_loss	: 2.0724
Trg_MMD_loss	: 1.7879
Contrast_loss	: 3.0237
Contrast_loss_cross	: 3.4188
Contrast_loss_intra	: 2.6286
Total_loss	: 3.4458
-------------------------------------
[Epoch : 237/250]
Src_cls_loss	: 0.0332
Trg_cls_loss	: 0.8008
Domain_loss	: 1.2736
Src_task_loss	: 0.2837
class_feature_and_domain_loss	: 2.0724
Trg_MMD_loss	: 1.7887
Contrast_loss	: 3.0236
Contrast_loss_cross	: 3.4188
Contrast_loss_intra	: 2.6283
Total_loss	: 3.4455
-------------------------------------
[Epoch : 238/250]
Src_cls_loss	: 0.0330
Trg_cls_loss	: 0.8009
Domain_loss	: 1.2738
Src_task_loss	: 0.2829
class_feature_and_domain_loss	: 2.0723
Trg_MMD_loss	: 1.7894
Contrast_loss	: 3.0234
Contrast_loss_cross	: 3.4189
Contrast_loss_intra	: 2.6280
Total_loss	: 3.4451
-------------------------------------
[Epoch : 239/250]
Source Domain Train Accuracy: 1.0000
Source Domain Train F1-Score: 1.0000
Target Domain Train Accuracy: 0.9023
Target Domain Train F1-Score: 0.9023
Target Domain Test Accuracy: 0.9187
Target Domain Test F1-Score: 0.9187
Src_cls_loss	: 0.0329
Trg_cls_loss	: 0.8011
Domain_loss	: 1.2741
Src_task_loss	: 0.2822
class_feature_and_domain_loss	: 2.0721
Trg_MMD_loss	: 1.7899
Contrast_loss	: 3.0234
Contrast_loss_cross	: 3.4190
Contrast_loss_intra	: 2.6277
Total_loss	: 3.4449
-------------------------------------
[Epoch : 240/250]
Src_cls_loss	: 0.0328
Trg_cls_loss	: 0.8013
Domain_loss	: 1.2743
Src_task_loss	: 0.2815
class_feature_and_domain_loss	: 2.0722
Trg_MMD_loss	: 1.7907
Contrast_loss	: 3.0233
Contrast_loss_cross	: 3.4191
Contrast_loss_intra	: 2.6275
Total_loss	: 3.4447
-------------------------------------
[Epoch : 241/250]
Src_cls_loss	: 0.0326
Trg_cls_loss	: 0.8018
Domain_loss	: 1.2745
Src_task_loss	: 0.2808
class_feature_and_domain_loss	: 2.0720
Trg_MMD_loss	: 1.7913
Contrast_loss	: 3.0232
Contrast_loss_cross	: 3.4191
Contrast_loss_intra	: 2.6273
Total_loss	: 3.4444
-------------------------------------
[Epoch : 242/250]
Src_cls_loss	: 0.0325
Trg_cls_loss	: 0.8017
Domain_loss	: 1.2748
Src_task_loss	: 0.2800
class_feature_and_domain_loss	: 2.0719
Trg_MMD_loss	: 1.7919
Contrast_loss	: 3.0231
Contrast_loss_cross	: 3.4192
Contrast_loss_intra	: 2.6271
Total_loss	: 3.4442
-------------------------------------
[Epoch : 243/250]
Src_cls_loss	: 0.0324
Trg_cls_loss	: 0.8015
Domain_loss	: 1.2752
Src_task_loss	: 0.2794
class_feature_and_domain_loss	: 2.0717
Trg_MMD_loss	: 1.7923
Contrast_loss	: 3.0231
Contrast_loss_cross	: 3.4193
Contrast_loss_intra	: 2.6269
Total_loss	: 3.4440
-------------------------------------
[Epoch : 244/250]
Source Domain Train Accuracy: 1.0000
Source Domain Train F1-Score: 1.0000
Target Domain Train Accuracy: 0.8789
Target Domain Train F1-Score: 0.8789
Target Domain Test Accuracy: 0.9106
Target Domain Test F1-Score: 0.9106
Src_cls_loss	: 0.0323
Trg_cls_loss	: 0.8012
Domain_loss	: 1.2756
Src_task_loss	: 0.2787
class_feature_and_domain_loss	: 2.0716
Trg_MMD_loss	: 1.7929
Contrast_loss	: 3.0230
Contrast_loss_cross	: 3.4193
Contrast_loss_intra	: 2.6266
Total_loss	: 3.4441
-------------------------------------
[Epoch : 245/250]
Src_cls_loss	: 0.0322
Trg_cls_loss	: 0.8011
Domain_loss	: 1.2759
Src_task_loss	: 0.2780
class_feature_and_domain_loss	: 2.0715
Trg_MMD_loss	: 1.7935
Contrast_loss	: 3.0229
Contrast_loss_cross	: 3.4194
Contrast_loss_intra	: 2.6264
Total_loss	: 3.4440
-------------------------------------
[Epoch : 246/250]
Src_cls_loss	: 0.0321
Trg_cls_loss	: 0.8017
Domain_loss	: 1.2764
Src_task_loss	: 0.2773
class_feature_and_domain_loss	: 2.0716
Trg_MMD_loss	: 1.7942
Contrast_loss	: 3.0228
Contrast_loss_cross	: 3.4195
Contrast_loss_intra	: 2.6261
Total_loss	: 3.4442
-------------------------------------
[Epoch : 247/250]
Src_cls_loss	: 0.0319
Trg_cls_loss	: 0.8022
Domain_loss	: 1.2765
Src_task_loss	: 0.2766
class_feature_and_domain_loss	: 2.0720
Trg_MMD_loss	: 1.7954
Contrast_loss	: 3.0227
Contrast_loss_cross	: 3.4195
Contrast_loss_intra	: 2.6259
Total_loss	: 3.4442
-------------------------------------
[Epoch : 248/250]
Src_cls_loss	: 0.0318
Trg_cls_loss	: 0.8028
Domain_loss	: 1.2762
Src_task_loss	: 0.2759
class_feature_and_domain_loss	: 2.0724
Trg_MMD_loss	: 1.7966
Contrast_loss	: 3.0227
Contrast_loss_cross	: 3.4196
Contrast_loss_intra	: 2.6257
Total_loss	: 3.4440
-------------------------------------
[Epoch : 249/250]
Source Domain Train Accuracy: 1.0000
Source Domain Train F1-Score: 1.0000
Target Domain Train Accuracy: 0.8984
Target Domain Train F1-Score: 0.8984
Target Domain Test Accuracy: 0.9268
Target Domain Test F1-Score: 0.9268
Src_cls_loss	: 0.0317
Trg_cls_loss	: 0.8034
Domain_loss	: 1.2763
Src_task_loss	: 0.2752
class_feature_and_domain_loss	: 2.0727
Trg_MMD_loss	: 1.7975
Contrast_loss	: 3.0226
Contrast_loss_cross	: 3.4197
Contrast_loss_intra	: 2.6256
Total_loss	: 3.4441
-------------------------------------
[Epoch : 250/250]
Src_cls_loss	: 0.0316
Trg_cls_loss	: 0.8036
Domain_loss	: 1.2765
Src_task_loss	: 0.2745
class_feature_and_domain_loss	: 2.0728
Trg_MMD_loss	: 1.7982
Contrast_loss	: 3.0226
Contrast_loss_cross	: 3.4198
Contrast_loss_intra	: 2.6253
Total_loss	: 3.4439
-------------------------------------
Target Domain Test Accuracy: 0.9268
Target Domain Test F1-Score: 0.9268
