=============================================
Dataset: HAR
Method:  TALA
=============================================
Source: 19 ---> Target: 25
Run ID: 0
=============================================
[Epoch : 1/250]
Src_cls_loss	: 1.6335
Trg_cls_loss	: 1.6081
Domain_loss	: 1.2962
Src_task_loss	: 1.7937
class_feature_and_domain_loss	: 5.1043
Trg_MMD_loss	: 3.3106
Contrast_loss	: 2.4720
Contrast_loss_cross	: 3.5687
Contrast_loss_intra	: 1.3752
Total_loss	: 11.3009
-------------------------------------
[Epoch : 2/250]
Src_cls_loss	: 1.0431
Trg_cls_loss	: 1.1733
Domain_loss	: 1.1491
Src_task_loss	: 1.7781
class_feature_and_domain_loss	: 4.7938
Trg_MMD_loss	: 3.0157
Contrast_loss	: 2.4383
Contrast_loss_cross	: 3.5453
Contrast_loss_intra	: 1.3313
Total_loss	: 9.0722
-------------------------------------
[Epoch : 3/250]
Src_cls_loss	: 0.7995
Trg_cls_loss	: 1.0619
Domain_loss	: 0.9825
Src_task_loss	: 1.7536
class_feature_and_domain_loss	: 4.6889
Trg_MMD_loss	: 2.9354
Contrast_loss	: 2.4190
Contrast_loss_cross	: 3.5238
Contrast_loss_intra	: 1.3142
Total_loss	: 8.0700
-------------------------------------
[Epoch : 4/250]
Source Domain Train Accuracy: 0.9866
Source Domain Train F1-Score: 0.9866
Target Domain Train Accuracy: 0.5977
Target Domain Train F1-Score: 0.5977
Target Domain Test Accuracy: 0.6504
Target Domain Test F1-Score: 0.6504
Src_cls_loss	: 0.6721
Trg_cls_loss	: 1.0338
Domain_loss	: 0.8771
Src_task_loss	: 1.7336
class_feature_and_domain_loss	: 4.6145
Trg_MMD_loss	: 2.8809
Contrast_loss	: 2.4034
Contrast_loss_cross	: 3.5030
Contrast_loss_intra	: 1.3038
Total_loss	: 7.5079
-------------------------------------
[Epoch : 5/250]
Src_cls_loss	: 0.5745
Trg_cls_loss	: 1.0227
Domain_loss	: 0.8638
Src_task_loss	: 1.7127
class_feature_and_domain_loss	: 4.5775
Trg_MMD_loss	: 2.8648
Contrast_loss	: 2.3898
Contrast_loss_cross	: 3.4824
Contrast_loss_intra	: 1.2973
Total_loss	: 7.1649
-------------------------------------
[Epoch : 6/250]
Src_cls_loss	: 0.5074
Trg_cls_loss	: 1.0069
Domain_loss	: 0.9057
Src_task_loss	: 1.6942
class_feature_and_domain_loss	: 4.5560
Trg_MMD_loss	: 2.8618
Contrast_loss	: 2.3791
Contrast_loss_cross	: 3.4655
Contrast_loss_intra	: 1.2928
Total_loss	: 6.9841
-------------------------------------
[Epoch : 7/250]
Src_cls_loss	: 0.4524
Trg_cls_loss	: 0.9826
Domain_loss	: 0.9510
Src_task_loss	: 1.6694
class_feature_and_domain_loss	: 4.5405
Trg_MMD_loss	: 2.8711
Contrast_loss	: 2.3703
Contrast_loss_cross	: 3.4517
Contrast_loss_intra	: 1.2889
Total_loss	: 6.8488
-------------------------------------
[Epoch : 8/250]
Src_cls_loss	: 0.4076
Trg_cls_loss	: 0.9609
Domain_loss	: 0.9741
Src_task_loss	: 1.6402
class_feature_and_domain_loss	: 4.4794
Trg_MMD_loss	: 2.8392
Contrast_loss	: 2.3636
Contrast_loss_cross	: 3.4403
Contrast_loss_intra	: 1.2869
Total_loss	: 6.6762
-------------------------------------
